# Warning! With -c set to 15 or higher, some gene trees may take a very long time to reconcile!

#
# =========================================================================
# Welcome to GRAMPA -- Gene tree reconciliations with MUL-trees.
# Version 1.4.0 released on March 2023
# GRAMPA was developed by Gregg Thomas, S. Hussain Ather, Matthew Hahn
# Citation:      https://doi.org/10.1093/sysbio/syx044
# Website:       https://gwct.github.io/grampa/
# Report issues: https://github.com/gwct/grampa
#
# The date and time at the start is:  03.15.2023  01:55:51
# Using Python executable located at: /n/home07/gthomas/miniconda3/envs/mapping-sims/bin/python3.9
# Using Python version:               3.9.15
#
# The program was called as:          grampa.py -s /n/holylfs05/LABS/informatics/Users/gthomas/spiders/tree/19spec/astral-single-copy//chelicerate-19spec-astral-single-copy.rooted.tre -g /n/holylfs05/LABS/informatics/Users/gthomas/spiders/tree/19spec/astral-single-copy//loci-rearrange-90.rooted.treefile -o /n/holylfs05/LABS/informatics/Users/gthomas/spiders/grampa//19spec/astral-single-copy-bs90-full/ -c 15 -f astral-sc-bs90-full -p 30
#
# -----------------------------------------------------------------------------------------------------------------------------
# INPUT/OUTPUT INFO:
# Species tree file:                    /n/holylfs05/LABS/informatics/Users/gthomas/spiders/tree/19spec/astral-single-copy//chelicerate-19spec-astral-single-copy.rooted.tre
# Gene tree file:                       /n/holylfs05/LABS/informatics/Users/gthomas/spiders/tree/19spec/astral-single-copy//loci-rearrange-90.rooted.treefile
# Output directory:                     /n/holylfs05/LABS/informatics/Users/gthomas/spiders/grampa//19spec/astral-single-copy-bs90-full/
# Score file:                           /n/holylfs05/LABS/informatics/Users/gthomas/spiders/grampa//19spec/astral-single-copy-bs90-full/astral-sc-bs90-full-scores.txt
# Filtered gene trees:                  /n/holylfs05/LABS/informatics/Users/gthomas/spiders/grampa//19spec/astral-single-copy-bs90-full/astral-sc-bs90-full-trees-filtered.txt
# Check nums file:                      /n/holylfs05/LABS/informatics/Users/gthomas/spiders/grampa//19spec/astral-single-copy-bs90-full/astral-sc-bs90-full-checknums.txt
# Detailed mapping file:                /n/holylfs05/LABS/informatics/Users/gthomas/spiders/grampa//19spec/astral-single-copy-bs90-full/astral-sc-bs90-full-detailed.txt
# Duplication count file:               /n/holylfs05/LABS/informatics/Users/gthomas/spiders/grampa//19spec/astral-single-copy-bs90-full/astral-sc-bs90-full-dup-counts.txt
# -----------------------------------------------------------------------------------------------------------------------------
# OPTIONS INFO:
# Option                                Current setting               Current action
# -h1                                   All                           GRAMPA will search these H1 nodes. If none are specified, all nodes will be searched as H1 nodes.
# -h2                                   All                           GRAMPA will search these H2 nodes. If none are specified, all nodes will be searched as H2 nodes.
# -c                                    15                            Gene trees with more than this number of groups/clades with polyploid species for a given h1/h2 combination will be skipped.
# -f                                    astral-sc-bs90-full           All output files generated will have this string preprended to them.
# -p                                    30                            GRAMPA will use this number of processes for LCA mapping.
# -v                                    3                             Controls the amount of info printed to the screen as GRAMPA is running.
# --multree                             False                         The tree input with -s will be read as singly-labeled tree.
# --checknums                           False                         GRAMPA will count groups to filter gene trees and then perform reconciliations.
# --no-st, --st-only                    default                       GRAMPA will perform reconciliations to all MUL-trees specified by -h1 and -h2 and the input species tree.
# --maps                                False                         GRAMPA will only output duplication and loss counts in the detailed output file.
# -------------------------------------------------------------------------------------------------------------------------------------------------------------------------------
# Date        Time      Current step                                      Status                                  Elapsed time (s)    Step time (s)   Current mem (MB)  Virtual mem (MB)
# -------------------------------------------------------------------------------------------------------------------------------------------------------------------------------
# 03.15.2023  01:55:51  Reading species tree                              Success: species tree read              0.73817             0.02386         12.25781          332.17969 
# 03.15.2023  01:55:51  Parsing hybrid clades                             Success: got H nodes                    0.74085             0.00118         12.33594          332.31641 
# 03.15.2023  01:55:51  Counting MUL-trees to be generated                Success: 1167 total MUL-trees           0.74246             0.0007          12.33594          332.31641 
# 03.15.2023  01:55:52  Building MUL-trees                                Success: 1167 MUL-trees built           1.6477              0.90456         25.49609          344.31641 
# 03.15.2023  01:55:53  Reading gene trees                                Success: 6368 gene trees read           2.86653             1.21741         90.08203          402.63672 
# 03.15.2023  02:05:14  Collapsing gene tree groupings                    Success                                 563.4599            560.58862       92.25391          406.66797 
# 03.15.2023  02:06:14  Filtering gene trees over group cap               Success: 9 gts over cap                 623.45643           59.98793        123.37891         433.90234 
# WARNING: Gene tree on line 595 is over the group cap in 3 MTs and will be filtered.
# WARNING: Gene tree on line 1532 is over the group cap in 37 MTs and will be filtered.
# WARNING: Gene tree on line 2190 is over the group cap in 109 MTs and will be filtered.
# WARNING: Gene tree on line 2191 is over the group cap in 281 MTs and will be filtered.
# WARNING: Gene tree on line 2556 is over the group cap in 37 MTs and will be filtered.
# WARNING: Gene tree on line 3559 is over the group cap in 37 MTs and will be filtered.
# WARNING: Gene tree on line 4228 is over the group cap in 37 MTs and will be filtered.
# WARNING: Gene tree on line 5137 is over the group cap in 37 MTs and will be filtered.
# WARNING: Gene tree on line 5788 is over the group cap in 139 MTs and will be filtered.
# 03.15.2023  02:06:14  INFO: Filtered gene trees: 9
# 03.15.2023  02:06:14  INFO: Final gene tree count for reconciliations: 6359
# 03.15.2023  02:06:14  Writing filtered gene trees to file               Success: 6359 gene trees written        623.54442           0.01126         115.05859         425.40234 
# ----------------------------------------
# 03.15.2023  02:41:30  Reconciliation                                    Success                                 2739.4027           2115.85662      115.06641         425.40234 
# 03.15.2023  02:45:12  Getting maps for lowest scoring MTs               Success                                 2961.61725          222.16311       371.04297         679.71484 
# 03.15.2023  02:45:12  Writing detailed output file                      Success                                 2961.64069          0.01906         371.04297         683.73438 
# 03.15.2023  02:45:12  Writing main output file                          Success                                 2961.81575          0.17413         371.16797         687.73438 
# ===============================================================================================================================================================================
#
# Done!
# The date and time at the end is: 03.15.2023  02:45:12
# Total execution time:            2961.946 seconds.
# Output directory for this run:   /n/holylfs05/LABS/informatics/Users/gthomas/spiders/grampa//19spec/astral-single-copy-bs90-full/
# Log file for this run:           /n/holylfs05/LABS/informatics/Users/gthomas/spiders/grampa//19spec/astral-single-copy-bs90-full/astral-sc-bs90-full.log

# GRAMPA finished with 10 WARNINGS -- check log file for more info
# ----------------------------------------
# The MUL-tree with the minimum parsimony score is MT-452:	(((HLONG,ISCAP)<1>,((MOCCI,VDEST)<2>,((CSCUL,((TURTI,SSCAB)<3>,((LRECL,PTEPI*)<4>,((ABRUE,(NCLAV,TANTI)<5>)<6>,(SMIMO,(PTEPI+,LHESP)<7>)<8>)<9>)<10>)<11>)<12>,(LPOLY,(TGIGA,CROTU)<13>)<14>)<15>)<16>)<17>,(BMORI,DMELA)<18>)<19>
# Score = 65974
# ----------------------------------------
# ===============================================================================================================================================================================
#
