# Warning! With -c set to 15 or higher, some gene trees may take a very long time to reconcile!

#
# =========================================================================
# Welcome to GRAMPA -- Gene tree reconciliations with MUL-trees.
# Version 1.4.0 released on March 2023
# GRAMPA was developed by Gregg Thomas, S. Hussain Ather, Matthew Hahn
# Citation:      https://doi.org/10.1093/sysbio/syx044
# Website:       https://gwct.github.io/grampa/
# Report issues: https://github.com/gwct/grampa
#
# The date and time at the start is:  03.14.2023  22:13:09
# Using Python executable located at: /n/home07/gthomas/miniconda3/envs/mapping-sims/bin/python3.9
# Using Python version:               3.9.15
#
# The program was called as:          grampa.py -s /n/holylfs05/LABS/informatics/Users/gthomas/spiders/tree/19spec/astral-pro-tree//chelicerate-19spec-astral-pro.rooted.tre -g /n/holylfs05/LABS/informatics/Users/gthomas/spiders/tree/19spec/astral-pro-tree//loci-rearrange-90.rooted.treefile -o /n/holylfs05/LABS/informatics/Users/gthomas/spiders/grampa//19spec/astral-pro-bs90-h1-hc/ -h1 CROTU,TGIGA,LPOLY -c 15 -f astral-pro-bs90-hc -p 30
#
# -----------------------------------------------------------------------------------------------------------------------------
# INPUT/OUTPUT INFO:
# Species tree file:                    /n/holylfs05/LABS/informatics/Users/gthomas/spiders/tree/19spec/astral-pro-tree//chelicerate-19spec-astral-pro.rooted.tre
# Gene tree file:                       /n/holylfs05/LABS/informatics/Users/gthomas/spiders/tree/19spec/astral-pro-tree//loci-rearrange-90.rooted.treefile
# Output directory:                     /n/holylfs05/LABS/informatics/Users/gthomas/spiders/grampa//19spec/astral-pro-bs90-h1-hc/
# Score file:                           /n/holylfs05/LABS/informatics/Users/gthomas/spiders/grampa//19spec/astral-pro-bs90-h1-hc/astral-pro-bs90-hc-scores.txt
# Filtered gene trees:                  /n/holylfs05/LABS/informatics/Users/gthomas/spiders/grampa//19spec/astral-pro-bs90-h1-hc/astral-pro-bs90-hc-trees-filtered.txt
# Check nums file:                      /n/holylfs05/LABS/informatics/Users/gthomas/spiders/grampa//19spec/astral-pro-bs90-h1-hc/astral-pro-bs90-hc-checknums.txt
# Detailed mapping file:                /n/holylfs05/LABS/informatics/Users/gthomas/spiders/grampa//19spec/astral-pro-bs90-h1-hc/astral-pro-bs90-hc-detailed.txt
# Duplication count file:               /n/holylfs05/LABS/informatics/Users/gthomas/spiders/grampa//19spec/astral-pro-bs90-h1-hc/astral-pro-bs90-hc-dup-counts.txt
# -----------------------------------------------------------------------------------------------------------------------------
# OPTIONS INFO:
# Option                                Current setting               Current action
# -h1                                   CROTU,TGIGA,LPOLY             GRAMPA will search these H1 nodes. If none are specified, all nodes will be searched as H1 nodes.
# -h2                                   All                           GRAMPA will search these H2 nodes. If none are specified, all nodes will be searched as H2 nodes.
# -c                                    15                            Gene trees with more than this number of groups/clades with polyploid species for a given h1/h2 combination will be skipped.
# -f                                    astral-pro-bs90-hc            All output files generated will have this string preprended to them.
# -p                                    30                            GRAMPA will use this number of processes for LCA mapping.
# -v                                    3                             Controls the amount of info printed to the screen as GRAMPA is running.
# --multree                             False                         The tree input with -s will be read as singly-labeled tree.
# --checknums                           False                         GRAMPA will count groups to filter gene trees and then perform reconciliations.
# --no-st, --st-only                    default                       GRAMPA will perform reconciliations to all MUL-trees specified by -h1 and -h2 and the input species tree.
# --maps                                False                         GRAMPA will only output duplication and loss counts in the detailed output file.
# -------------------------------------------------------------------------------------------------------------------------------------------------------------------------------
# Date        Time      Current step                                      Status                                  Elapsed time (s)    Step time (s)   Current mem (MB)  Virtual mem (MB)
# -------------------------------------------------------------------------------------------------------------------------------------------------------------------------------
# 03.14.2023  22:13:09  Reading species tree                              Success: species tree read              0.48978             0.00694         12.75             332.89844 
# 03.14.2023  22:13:09  Parsing hybrid clades                             Success: got H nodes                    0.49116             0.00061         12.75             332.89844 
# 03.14.2023  22:13:09  Counting MUL-trees to be generated                Success: 33 total MUL-trees             0.49197             6e-05           12.75             332.89844 
# 03.14.2023  22:13:09  Building MUL-trees                                Success: 33 MUL-trees built             0.52335             0.03065         13.03125          333.14844 
# 03.14.2023  22:13:10  Reading gene trees                                Success: 6368 gene trees read           1.55466             1.02983         79.07422          389.80078 
# 03.14.2023  22:13:35  Collapsing gene tree groupings                    Success                                 26.82655            25.27018        79.67578          393.83203 
# 03.14.2023  22:13:37  Filtering gene trees over group cap               Success: 2 gts over cap                 28.55348            1.71971         97.15234          408.33203 
# WARNING: Gene tree on line 1532 is over the group cap in 33 MTs and will be filtered.
# WARNING: Gene tree on line 2191 is over the group cap in 33 MTs and will be filtered.
# 03.14.2023  22:13:37  INFO: Filtered gene trees: 2
# 03.14.2023  22:13:37  INFO: Final gene tree count for reconciliations: 6366
# 03.14.2023  22:13:37  Writing filtered gene trees to file               Success: 6366 gene trees written        28.57207            0.01201         90.90234          402.08203 
# ----------------------------------------
# 03.14.2023  22:47:40  Reconciliation                                    Success                                 2071.39533          2042.82159      92.03125          402.08203 
# 03.15.2023  00:12:07  Getting maps for lowest scoring MTs               Success                                 7138.95421          5067.50338      413.55859         721.82812 
# 03.15.2023  00:12:07  Writing detailed output file                      Success                                 7138.99526          0.02133         413.62891         725.88281 
# 03.15.2023  00:12:07  Writing main output file                          Success                                 7139.19875          0.20247         413.63672         729.88281 
# ===============================================================================================================================================================================
#
# Done!
# The date and time at the end is: 03.15.2023  00:12:08
# Total execution time:            7139.365 seconds.
# Output directory for this run:   /n/holylfs05/LABS/informatics/Users/gthomas/spiders/grampa//19spec/astral-pro-bs90-h1-hc/
# Log file for this run:           /n/holylfs05/LABS/informatics/Users/gthomas/spiders/grampa//19spec/astral-pro-bs90-h1-hc/astral-pro-bs90-hc.log

# GRAMPA finished with 3 WARNINGS -- check log file for more info
# ----------------------------------------
# The tree with the minimum parsimony score is the singly-labled tree (ST):	((DMELA,BMORI)1.000000:0.554259,(((MOCCI,VDEST)1.000000:3.366872,(ISCAP,HLONG)1.000000:1.913465)1.000000:0.252266,(((TGIGA,CROTU)1.000000:1.343137,LPOLY)1.000000:2.855601,((TURTI,SSCAB)1.000000:1.053391,(CSCUL,(LRECL,(SMIMO,((PTEPI,LHESP)1.000000:1.051072,(ABRUE,(NCLAV,TANTI):2.010257)1.000000:1.443173)1.000000:0.137280)1.000000:1.294847)1.000000:1.047496)1.000000:0.182902)1.000000:0.162975)1.000000:1.064211)1.000000:0.554259);
# Score = 63147
# ----------------------------------------
# ===============================================================================================================================================================================
#
