# Warning! With -c set to 15 or higher, some gene trees may take a very long time to reconcile!

#
# =========================================================================
# Welcome to GRAMPA -- Gene tree reconciliations with MUL-trees.
# Version 1.4.0 released on March 2023
# GRAMPA was developed by Gregg Thomas, S. Hussain Ather, Matthew Hahn
# Citation:      https://doi.org/10.1093/sysbio/syx044
# Website:       https://gwct.github.io/grampa/
# Report issues: https://github.com/gwct/grampa
#
# The date and time at the start is:  03.15.2023  00:12:09
# Using Python executable located at: /n/home07/gthomas/miniconda3/envs/mapping-sims/bin/python3.9
# Using Python version:               3.9.15
#
# The program was called as:          grampa.py -s /n/holylfs05/LABS/informatics/Users/gthomas/spiders/tree/19spec/astral-pro-tree//chelicerate-19spec-astral-pro.rooted.tre -g /n/holylfs05/LABS/informatics/Users/gthomas/spiders/tree/19spec/astral-pro-tree//loci-rearrange-90.rooted.treefile -o /n/holylfs05/LABS/informatics/Users/gthomas/spiders/grampa//19spec/astral-pro-bs90-h1-sp/ -h1 CSCUL,LRECL,SMIMO,LHESP,PTEPI,ABRUE,NCLAV,TANTI -c 15 -f astral-pro-bs90-sp -p 30
#
# -----------------------------------------------------------------------------------------------------------------------------
# INPUT/OUTPUT INFO:
# Species tree file:                    /n/holylfs05/LABS/informatics/Users/gthomas/spiders/tree/19spec/astral-pro-tree//chelicerate-19spec-astral-pro.rooted.tre
# Gene tree file:                       /n/holylfs05/LABS/informatics/Users/gthomas/spiders/tree/19spec/astral-pro-tree//loci-rearrange-90.rooted.treefile
# Output directory:                     /n/holylfs05/LABS/informatics/Users/gthomas/spiders/grampa//19spec/astral-pro-bs90-h1-sp/
# Score file:                           /n/holylfs05/LABS/informatics/Users/gthomas/spiders/grampa//19spec/astral-pro-bs90-h1-sp/astral-pro-bs90-sp-scores.txt
# Filtered gene trees:                  /n/holylfs05/LABS/informatics/Users/gthomas/spiders/grampa//19spec/astral-pro-bs90-h1-sp/astral-pro-bs90-sp-trees-filtered.txt
# Check nums file:                      /n/holylfs05/LABS/informatics/Users/gthomas/spiders/grampa//19spec/astral-pro-bs90-h1-sp/astral-pro-bs90-sp-checknums.txt
# Detailed mapping file:                /n/holylfs05/LABS/informatics/Users/gthomas/spiders/grampa//19spec/astral-pro-bs90-h1-sp/astral-pro-bs90-sp-detailed.txt
# Duplication count file:               /n/holylfs05/LABS/informatics/Users/gthomas/spiders/grampa//19spec/astral-pro-bs90-h1-sp/astral-pro-bs90-sp-dup-counts.txt
# -----------------------------------------------------------------------------------------------------------------------------
# OPTIONS INFO:
# Option                                Current setting               Current action
# -h1                                   CSCUL,LRECL,SMIMO,LHESP,PTEPI,ABRUE,NCLAV,TANTIGRAMPA will search these H1 nodes. If none are specified, all nodes will be searched as H1 nodes.
# -h2                                   All                           GRAMPA will search these H2 nodes. If none are specified, all nodes will be searched as H2 nodes.
# -c                                    15                            Gene trees with more than this number of groups/clades with polyploid species for a given h1/h2 combination will be skipped.
# -f                                    astral-pro-bs90-sp            All output files generated will have this string preprended to them.
# -p                                    30                            GRAMPA will use this number of processes for LCA mapping.
# -v                                    3                             Controls the amount of info printed to the screen as GRAMPA is running.
# --multree                             False                         The tree input with -s will be read as singly-labeled tree.
# --checknums                           False                         GRAMPA will count groups to filter gene trees and then perform reconciliations.
# --no-st, --st-only                    default                       GRAMPA will perform reconciliations to all MUL-trees specified by -h1 and -h2 and the input species tree.
# --maps                                False                         GRAMPA will only output duplication and loss counts in the detailed output file.
# -------------------------------------------------------------------------------------------------------------------------------------------------------------------------------
# Date        Time      Current step                                      Status                                  Elapsed time (s)    Step time (s)   Current mem (MB)  Virtual mem (MB)
# -------------------------------------------------------------------------------------------------------------------------------------------------------------------------------
# 03.15.2023  00:12:09  Reading species tree                              Success: species tree read              0.55157             0.02649         12.26953          332.17969 
# 03.15.2023  00:12:09  Parsing hybrid clades                             Success: got H nodes                    0.55306             0.00069         12.32812          332.31641 
# 03.15.2023  00:12:09  Counting MUL-trees to be generated                Success: 23 total MUL-trees             0.55395             9e-05           12.32812          332.31641 
# 03.15.2023  00:12:09  Building MUL-trees                                Success: 23 MUL-trees built             0.58653             0.03186         12.53516          332.81641 
# 03.15.2023  00:12:10  Reading gene trees                                Success: 6368 gene trees read           1.58277             0.99525         76.82812          389.41406 
# 03.15.2023  00:12:34  Collapsing gene tree groupings                    Success                                 25.12089            23.53663        77.39844          393.44531 
# 03.15.2023  00:12:35  Filtering gene trees over group cap               Success: 1 gts over cap                 26.52987            1.40432         95.36328          407.91016 
# WARNING: Gene tree on line 2191 is over the group cap in 16 MTs and will be filtered.
# 03.15.2023  00:12:35  INFO: Filtered gene trees: 1
# 03.15.2023  00:12:35  INFO: Final gene tree count for reconciliations: 6367
# 03.15.2023  00:12:35  Writing filtered gene trees to file               Success: 6367 gene trees written        26.54875            0.01262         87.61328          400.16016 
# ----------------------------------------
# 03.15.2023  00:15:40  Reconciliation                                    Success                                 210.89929           184.34875       87.19141          399.66016 
# 03.15.2023  00:25:23  Getting maps for lowest scoring MTs               Success                                 794.10436           583.20095       346.08984         654.69141 
# 03.15.2023  00:25:23  Writing detailed output file                      Success                                 794.12985           0.02074         346.14453         658.78906 
# 03.15.2023  00:25:23  Writing main output file                          Success                                 794.32776           0.19712         346.15234         662.78906 
# ===============================================================================================================================================================================
#
# Done!
# The date and time at the end is: 03.15.2023  00:25:23
# Total execution time:            794.461 seconds.
# Output directory for this run:   /n/holylfs05/LABS/informatics/Users/gthomas/spiders/grampa//19spec/astral-pro-bs90-h1-sp/
# Log file for this run:           /n/holylfs05/LABS/informatics/Users/gthomas/spiders/grampa//19spec/astral-pro-bs90-h1-sp/astral-pro-bs90-sp.log

# GRAMPA finished with 2 WARNINGS -- check log file for more info
# ----------------------------------------
# The tree with the minimum parsimony score is the singly-labled tree (ST):	((DMELA,BMORI)1.000000:0.554259,(((MOCCI,VDEST)1.000000:3.366872,(ISCAP,HLONG)1.000000:1.913465)1.000000:0.252266,(((TGIGA,CROTU)1.000000:1.343137,LPOLY)1.000000:2.855601,((TURTI,SSCAB)1.000000:1.053391,(CSCUL,(LRECL,(SMIMO,((PTEPI,LHESP)1.000000:1.051072,(ABRUE,(NCLAV,TANTI):2.010257)1.000000:1.443173)1.000000:0.137280)1.000000:1.294847)1.000000:1.047496)1.000000:0.182902)1.000000:0.162975)1.000000:1.064211)1.000000:0.554259);
# Score = 63225
# ----------------------------------------
# ===============================================================================================================================================================================
#
