# Warning! With -c set to 15 or higher, some gene trees may take a very long time to reconcile!

#
# =========================================================================
# Welcome to GRAMPA -- Gene tree reconciliations with MUL-trees.
# Version 1.4.0 released on March 2023
# GRAMPA was developed by Gregg Thomas, S. Hussain Ather, Matthew Hahn
# Citation:      https://doi.org/10.1093/sysbio/syx044
# Website:       https://gwct.github.io/grampa/
# Report issues: https://github.com/gwct/grampa
#
# The date and time at the start is:  05.29.2024  17:42:43
# Using Python executable located at: /n/home07/gthomas/miniconda3/bin/python3.9
# Using Python version:               3.9.15
#
# The program was called as:          grampa.py -s /n/holylfs05/LABS/informatics/Users/gthomas/spiders/tree/19spec/astral-multi-tree//chelicerate-19spec-astral-multi.rooted.tre -g /n/holylfs05/LABS/informatics/Users/gthomas/spiders/tree/19spec/astral-multi-tree//loci-rearrange-0.rooted.treefile -o /n/holylfs05/LABS/informatics/Users/gthomas/spiders/grampa//19spec/astral-multi-bs0-h1-hc/ -h1 CROTU,TGIGA,LPOLY -c 15 -f astral-multi-bs0-hc -p 30
#
# -----------------------------------------------------------------------------------------------------------------------------
# INPUT/OUTPUT INFO:
# Species tree file:                    /n/holylfs05/LABS/informatics/Users/gthomas/spiders/tree/19spec/astral-multi-tree//chelicerate-19spec-astral-multi.rooted.tre
# Gene tree file:                       /n/holylfs05/LABS/informatics/Users/gthomas/spiders/tree/19spec/astral-multi-tree//loci-rearrange-0.rooted.treefile
# Output directory:                     /n/holylfs05/LABS/informatics/Users/gthomas/spiders/grampa//19spec/astral-multi-bs0-h1-hc/
# Score file:                           /n/holylfs05/LABS/informatics/Users/gthomas/spiders/grampa//19spec/astral-multi-bs0-h1-hc/astral-multi-bs0-hc-scores.txt
# Filtered gene trees:                  /n/holylfs05/LABS/informatics/Users/gthomas/spiders/grampa//19spec/astral-multi-bs0-h1-hc/astral-multi-bs0-hc-trees-filtered.txt
# Check nums file:                      /n/holylfs05/LABS/informatics/Users/gthomas/spiders/grampa//19spec/astral-multi-bs0-h1-hc/astral-multi-bs0-hc-checknums.txt
# Detailed mapping file:                /n/holylfs05/LABS/informatics/Users/gthomas/spiders/grampa//19spec/astral-multi-bs0-h1-hc/astral-multi-bs0-hc-detailed.txt
# Duplication count file:               /n/holylfs05/LABS/informatics/Users/gthomas/spiders/grampa//19spec/astral-multi-bs0-h1-hc/astral-multi-bs0-hc-dup-counts.txt
# -----------------------------------------------------------------------------------------------------------------------------
# OPTIONS INFO:
# Option                                Current setting               Current action
# -h1                                   CROTU,TGIGA,LPOLY             GRAMPA will search these H1 nodes. If none are specified, all nodes will be searched as H1 nodes.
# -h2                                   All                           GRAMPA will search these H2 nodes. If none are specified, all nodes will be searched as H2 nodes.
# -c                                    15                            Gene trees with more than this number of groups/clades with polyploid species for a given h1/h2 combination will be skipped.
# -f                                    astral-multi-bs0-hc           All output files generated will have this string preprended to them.
# -p                                    30                            GRAMPA will use this number of processes for LCA mapping.
# -v                                    3                             Controls the amount of info printed to the screen as GRAMPA is running.
# --multree                             False                         The tree input with -s will be read as singly-labeled tree.
# --checknums                           False                         GRAMPA will count groups to filter gene trees and then perform reconciliations.
# --no-st, --st-only                    default                       GRAMPA will perform reconciliations to all MUL-trees specified by -h1 and -h2 and the input species tree.
# --maps                                False                         GRAMPA will only output duplication and loss counts in the detailed output file.
# ------------------------------------------------------------------------------------------------------------------------------------------------------
# Date        Time      Current step                                      Status                                  Elapsed time (s)    Step time (s)   
# ------------------------------------------------------------------------------------------------------------------------------------------------------
# 05.29.2024  17:42:43  Reading species tree                              Success: species tree read              0.40588             0.01581         
# 05.29.2024  17:42:44  Parsing hybrid clades                             Success: got H nodes                    0.40758             0.00058         
# 05.29.2024  17:42:44  Counting MUL-trees to be generated                Success: 33 total MUL-trees             0.40852             6e-05           
# 05.29.2024  17:42:44  Building MUL-trees                                Success: 33 MUL-trees built             0.42945             0.02014         
# 05.29.2024  17:42:44  Reading gene trees                                Success: 6368 gene trees read           0.97656             0.54597         
# 05.29.2024  17:43:02  Collapsing gene tree groupings                    Success                                 19.02271            18.04435        
# 05.29.2024  17:43:03  Filtering gene trees over group cap               Success: 3 gts over cap                 20.3708             1.3453          
# WARNING: Gene tree on line 1171 is over the group cap in 33 MTs and will be filtered.
# WARNING: Gene tree on line 1532 is over the group cap in 33 MTs and will be filtered.
# WARNING: Gene tree on line 2191 is over the group cap in 33 MTs and will be filtered.
# 05.29.2024  17:43:03  INFO: Filtered gene trees: 3
# 05.29.2024  17:43:03  INFO: Final gene tree count for reconciliations: 6365
# 05.29.2024  17:43:03  Writing filtered gene trees to file               Success: 6365 gene trees written        20.3855             0.00817         
# ----------------------------------------
# 05.29.2024  18:05:41  Reconciliation                                    Success                                 1378.21085          1357.82351      
# 05.29.2024  19:03:16  Getting maps for lowest scoring MTs               Success                                 4832.61055          3454.39569      
# 05.29.2024  19:03:16  Writing detailed output file                      Success                                 4832.63106          0.01201         
# 05.29.2024  19:03:16  Writing main output file                          Success                                 4832.77146          0.13931         
# ===============================================================================================================================================================================
#
# Done!
# The date and time at the end is: 05.29.2024  19:03:16
# Total execution time:            4832.863 seconds.
# Output directory for this run:   /n/holylfs05/LABS/informatics/Users/gthomas/spiders/grampa//19spec/astral-multi-bs0-h1-hc/
# Log file for this run:           /n/holylfs05/LABS/informatics/Users/gthomas/spiders/grampa//19spec/astral-multi-bs0-h1-hc/astral-multi-bs0-hc.log

# GRAMPA finished with 4 WARNINGS -- check log file for more info
# ----------------------------------------
# The MUL-tree with the minimum parsimony score is MT-8:	((DMELA,BMORI)<1>,(((ISCAP,HLONG)<2>,(VDEST,MOCCI)<3>)<4>,(((LPOLY+,(CROTU+,TGIGA+)<5>)<6>,(CSCUL,((LRECL,(LPOLY*,(CROTU*,TGIGA*)<7>)<8>)<9>,(SMIMO,((ABRUE,(NCLAV,TANTI)<10>)<11>,(PTEPI,LHESP)<12>)<13>)<14>)<15>)<16>)<17>,(SSCAB,TURTI)<18>)<19>)<20>)<21>
# Score = 134397
# ----------------------------------------
# ===============================================================================================================================================================================
#
