# Warning! With -c set to 15 or higher, some gene trees may take a very long time to reconcile!

#
# =========================================================================
# Welcome to GRAMPA -- Gene tree reconciliations with MUL-trees.
# Version 1.4.0 released on March 2023
# GRAMPA was developed by Gregg Thomas, S. Hussain Ather, Matthew Hahn
# Citation:      https://doi.org/10.1093/sysbio/syx044
# Website:       https://gwct.github.io/grampa/
# Report issues: https://github.com/gwct/grampa
#
# The date and time at the start is:  05.28.2024  18:21:51
# Using Python executable located at: /n/home07/gthomas/miniconda3/bin/python3.9
# Using Python version:               3.9.15
#
# The program was called as:          grampa.py -s /n/holylfs05/LABS/informatics/Users/gthomas/spiders/tree/19spec/astral-pro-tree//chelicerate-19spec-astral-pro.rooted.tre -g /n/holylfs05/LABS/informatics/Users/gthomas/spiders/tree/19spec/astral-pro-tree//loci-rearrange-80.rooted.treefile -o /n/holylfs05/LABS/informatics/Users/gthomas/spiders/grampa//19spec/astral-pro-bs80-h1-sp/ -h1 CSCUL,LRECL,SMIMO,LHESP,PTEPI,ABRUE,NCLAV,TANTI -c 15 -f astral-pro-bs80-sp -p 30
#
# -----------------------------------------------------------------------------------------------------------------------------
# INPUT/OUTPUT INFO:
# Species tree file:                    /n/holylfs05/LABS/informatics/Users/gthomas/spiders/tree/19spec/astral-pro-tree//chelicerate-19spec-astral-pro.rooted.tre
# Gene tree file:                       /n/holylfs05/LABS/informatics/Users/gthomas/spiders/tree/19spec/astral-pro-tree//loci-rearrange-80.rooted.treefile
# Output directory:                     /n/holylfs05/LABS/informatics/Users/gthomas/spiders/grampa//19spec/astral-pro-bs80-h1-sp/
# Score file:                           /n/holylfs05/LABS/informatics/Users/gthomas/spiders/grampa//19spec/astral-pro-bs80-h1-sp/astral-pro-bs80-sp-scores.txt
# Filtered gene trees:                  /n/holylfs05/LABS/informatics/Users/gthomas/spiders/grampa//19spec/astral-pro-bs80-h1-sp/astral-pro-bs80-sp-trees-filtered.txt
# Check nums file:                      /n/holylfs05/LABS/informatics/Users/gthomas/spiders/grampa//19spec/astral-pro-bs80-h1-sp/astral-pro-bs80-sp-checknums.txt
# Detailed mapping file:                /n/holylfs05/LABS/informatics/Users/gthomas/spiders/grampa//19spec/astral-pro-bs80-h1-sp/astral-pro-bs80-sp-detailed.txt
# Duplication count file:               /n/holylfs05/LABS/informatics/Users/gthomas/spiders/grampa//19spec/astral-pro-bs80-h1-sp/astral-pro-bs80-sp-dup-counts.txt
# -----------------------------------------------------------------------------------------------------------------------------
# OPTIONS INFO:
# Option                                Current setting               Current action
# -h1                                   CSCUL,LRECL,SMIMO,LHESP,PTEPI,ABRUE,NCLAV,TANTIGRAMPA will search these H1 nodes. If none are specified, all nodes will be searched as H1 nodes.
# -h2                                   All                           GRAMPA will search these H2 nodes. If none are specified, all nodes will be searched as H2 nodes.
# -c                                    15                            Gene trees with more than this number of groups/clades with polyploid species for a given h1/h2 combination will be skipped.
# -f                                    astral-pro-bs80-sp            All output files generated will have this string preprended to them.
# -p                                    30                            GRAMPA will use this number of processes for LCA mapping.
# -v                                    3                             Controls the amount of info printed to the screen as GRAMPA is running.
# --multree                             False                         The tree input with -s will be read as singly-labeled tree.
# --checknums                           False                         GRAMPA will count groups to filter gene trees and then perform reconciliations.
# --no-st, --st-only                    default                       GRAMPA will perform reconciliations to all MUL-trees specified by -h1 and -h2 and the input species tree.
# --maps                                False                         GRAMPA will only output duplication and loss counts in the detailed output file.
# ------------------------------------------------------------------------------------------------------------------------------------------------------
# Date        Time      Current step                                      Status                                  Elapsed time (s)    Step time (s)   
# ------------------------------------------------------------------------------------------------------------------------------------------------------
# 05.28.2024  18:21:51  Reading species tree                              Success: species tree read              0.22234             0.01542         
# 05.28.2024  18:21:51  Parsing hybrid clades                             Success: got H nodes                    0.22341             0.0005          
# 05.28.2024  18:21:51  Counting MUL-trees to be generated                Success: 23 total MUL-trees             0.22402             7e-05           
# 05.28.2024  18:21:51  Building MUL-trees                                Success: 23 MUL-trees built             0.24587             0.02142         
# 05.28.2024  18:21:52  Reading gene trees                                Success: 6368 gene trees read           0.7692              0.52282         
# 05.28.2024  18:22:08  Collapsing gene tree groupings                    Success                                 16.93013            16.15998        
# 05.28.2024  18:22:09  Filtering gene trees over group cap               Success: 1 gts over cap                 18.0021             1.07045         
# WARNING: Gene tree on line 2191 is over the group cap in 16 MTs and will be filtered.
# 05.28.2024  18:22:09  INFO: Filtered gene trees: 1
# 05.28.2024  18:22:09  INFO: Final gene tree count for reconciliations: 6367
# 05.28.2024  18:22:09  Writing filtered gene trees to file               Success: 6367 gene trees written        18.01328            0.00729         
# ----------------------------------------
# 05.28.2024  18:25:32  Reconciliation                                    Success                                 221.01585           203.00156       
# 05.28.2024  18:34:43  Getting maps for lowest scoring MTs               Success                                 771.96893           550.94905       
# 05.28.2024  18:34:43  Writing detailed output file                      Success                                 771.98709           0.01502         
# 05.28.2024  18:34:43  Writing main output file                          Success                                 772.14977           0.16208         
# ===============================================================================================================================================================================
#
# Done!
# The date and time at the end is: 05.28.2024  18:34:43
# Total execution time:            772.247 seconds.
# Output directory for this run:   /n/holylfs05/LABS/informatics/Users/gthomas/spiders/grampa//19spec/astral-pro-bs80-h1-sp/
# Log file for this run:           /n/holylfs05/LABS/informatics/Users/gthomas/spiders/grampa//19spec/astral-pro-bs80-h1-sp/astral-pro-bs80-sp.log

# GRAMPA finished with 2 WARNINGS -- check log file for more info
# ----------------------------------------
# The tree with the minimum parsimony score is the singly-labled tree (ST):	((DMELA,BMORI)1.000000:0.554259,(((MOCCI,VDEST)1.000000:3.366872,(ISCAP,HLONG)1.000000:1.913465)1.000000:0.252266,(((TGIGA,CROTU)1.000000:1.343137,LPOLY)1.000000:2.855601,((TURTI,SSCAB)1.000000:1.053391,(CSCUL,(LRECL,(SMIMO,((PTEPI,LHESP)1.000000:1.051072,(ABRUE,(NCLAV,TANTI):2.010257)1.000000:1.443173)1.000000:0.137280)1.000000:1.294847)1.000000:1.047496)1.000000:0.182902)1.000000:0.162975)1.000000:1.064211)1.000000:0.554259);
# Score = 72914
# ----------------------------------------
# ===============================================================================================================================================================================
#
