# Warning! With -c set to 15 or higher, some gene trees may take a very long time to reconcile!

#
# =========================================================================
# Welcome to GRAMPA -- Gene tree reconciliations with MUL-trees.
# Version 1.4.0 released on March 2023
# GRAMPA was developed by Gregg Thomas, S. Hussain Ather, Matthew Hahn
# Citation:      https://doi.org/10.1093/sysbio/syx044
# Website:       https://gwct.github.io/grampa/
# Report issues: https://github.com/gwct/grampa
#
# The date and time at the start is:  03.15.2023  10:13:08
# Using Python executable located at: /n/home07/gthomas/miniconda3/envs/mapping-sims/bin/python3.9
# Using Python version:               3.9.15
#
# The program was called as:          grampa.py -s /n/holylfs05/LABS/informatics/Users/gthomas/spiders/tree/19spec/ballesteros//ballesteros.tre -g /n/holylfs05/LABS/informatics/Users/gthomas/spiders/tree/19spec/ballesteros//loci-rearrange-90.rooted.treefile -o /n/holylfs05/LABS/informatics/Users/gthomas/spiders/grampa//19spec/ballesteros-bs90-h1-hc/ -h1 CROTU,TGIGA,LPOLY -c 15 -f ballesteros-bs90-hc -p 30
#
# -----------------------------------------------------------------------------------------------------------------------------
# INPUT/OUTPUT INFO:
# Species tree file:                    /n/holylfs05/LABS/informatics/Users/gthomas/spiders/tree/19spec/ballesteros//ballesteros.tre
# Gene tree file:                       /n/holylfs05/LABS/informatics/Users/gthomas/spiders/tree/19spec/ballesteros//loci-rearrange-90.rooted.treefile
# Output directory:                     /n/holylfs05/LABS/informatics/Users/gthomas/spiders/grampa//19spec/ballesteros-bs90-h1-hc/
# Score file:                           /n/holylfs05/LABS/informatics/Users/gthomas/spiders/grampa//19spec/ballesteros-bs90-h1-hc/ballesteros-bs90-hc-scores.txt
# Filtered gene trees:                  /n/holylfs05/LABS/informatics/Users/gthomas/spiders/grampa//19spec/ballesteros-bs90-h1-hc/ballesteros-bs90-hc-trees-filtered.txt
# Check nums file:                      /n/holylfs05/LABS/informatics/Users/gthomas/spiders/grampa//19spec/ballesteros-bs90-h1-hc/ballesteros-bs90-hc-checknums.txt
# Detailed mapping file:                /n/holylfs05/LABS/informatics/Users/gthomas/spiders/grampa//19spec/ballesteros-bs90-h1-hc/ballesteros-bs90-hc-detailed.txt
# Duplication count file:               /n/holylfs05/LABS/informatics/Users/gthomas/spiders/grampa//19spec/ballesteros-bs90-h1-hc/ballesteros-bs90-hc-dup-counts.txt
# -----------------------------------------------------------------------------------------------------------------------------
# OPTIONS INFO:
# Option                                Current setting               Current action
# -h1                                   CROTU,TGIGA,LPOLY             GRAMPA will search these H1 nodes. If none are specified, all nodes will be searched as H1 nodes.
# -h2                                   All                           GRAMPA will search these H2 nodes. If none are specified, all nodes will be searched as H2 nodes.
# -c                                    15                            Gene trees with more than this number of groups/clades with polyploid species for a given h1/h2 combination will be skipped.
# -f                                    ballesteros-bs90-hc           All output files generated will have this string preprended to them.
# -p                                    30                            GRAMPA will use this number of processes for LCA mapping.
# -v                                    3                             Controls the amount of info printed to the screen as GRAMPA is running.
# --multree                             False                         The tree input with -s will be read as singly-labeled tree.
# --checknums                           False                         GRAMPA will count groups to filter gene trees and then perform reconciliations.
# --no-st, --st-only                    default                       GRAMPA will perform reconciliations to all MUL-trees specified by -h1 and -h2 and the input species tree.
# --maps                                False                         GRAMPA will only output duplication and loss counts in the detailed output file.
# -------------------------------------------------------------------------------------------------------------------------------------------------------------------------------
# Date        Time      Current step                                      Status                                  Elapsed time (s)    Step time (s)   Current mem (MB)  Virtual mem (MB)
# -------------------------------------------------------------------------------------------------------------------------------------------------------------------------------
# 03.15.2023  10:13:08  Reading species tree                              Success: species tree read              0.54839             0.01575         12.27344          332.17969 
# 03.15.2023  10:13:08  Parsing hybrid clades                             Success: got H nodes                    0.54984             0.00063         12.34766          332.3125  
# 03.15.2023  10:13:08  Counting MUL-trees to be generated                Success: 33 total MUL-trees             0.55068             6e-05           12.34766          332.3125  
# 03.15.2023  10:13:08  Building MUL-trees                                Success: 33 MUL-trees built             0.57985             0.02835         12.59766          332.8125  
# 03.15.2023  10:13:09  Reading gene trees                                Success: 6368 gene trees read           1.48835             0.90759         76.41406          389.19531 
# 03.15.2023  10:13:37  Collapsing gene tree groupings                    Success                                 29.47186            27.98208        77.05078          393.21875 
# 03.15.2023  10:13:39  Filtering gene trees over group cap               Success: 2 gts over cap                 31.59274            2.11408         94.41797          406.71875 
# WARNING: Gene tree on line 1532 is over the group cap in 33 MTs and will be filtered.
# WARNING: Gene tree on line 2191 is over the group cap in 33 MTs and will be filtered.
# 03.15.2023  10:13:39  INFO: Filtered gene trees: 2
# 03.15.2023  10:13:39  INFO: Final gene tree count for reconciliations: 6366
# 03.15.2023  10:13:39  Writing filtered gene trees to file               Success: 6366 gene trees written        31.61208            0.01139         87.91797          400.21875 
# ----------------------------------------
# 03.15.2023  10:46:11  Reconciliation                                    Success                                 1983.69078          1952.07665      90.21875          399.96875 
# 03.15.2023  12:11:16  Getting maps for lowest scoring MTs               Success                                 7087.97318          5104.22467      413.31641         720.67188 
# 03.15.2023  12:11:16  Writing detailed output file                      Success                                 7088.02482          0.02062         413.37109         724.75    
# 03.15.2023  12:11:16  Writing main output file                          Success                                 7088.25894          0.23289         413.37891         728.75    
# ===============================================================================================================================================================================
#
# Done!
# The date and time at the end is: 03.15.2023  12:11:16
# Total execution time:            7088.427 seconds.
# Output directory for this run:   /n/holylfs05/LABS/informatics/Users/gthomas/spiders/grampa//19spec/ballesteros-bs90-h1-hc/
# Log file for this run:           /n/holylfs05/LABS/informatics/Users/gthomas/spiders/grampa//19spec/ballesteros-bs90-h1-hc/ballesteros-bs90-hc.log

# GRAMPA finished with 3 WARNINGS -- check log file for more info
# ----------------------------------------
# The tree with the minimum parsimony score is the singly-labled tree (ST):	((((((((((NCLAV,TANTI),ABRUE),(PTEPI,LHESP)),SMIMO),LRECL),CSCUL),(LPOLY,(CROTU,TGIGA))),((MOCCI,VDEST),(ISCAP,HLONG))),(TURTI,SSCAB)),(DMELA,BMORI));
# Score = 65364
# ----------------------------------------
# ===============================================================================================================================================================================
#
