# Warning! With -c set to 15 or higher, some gene trees may take a very long time to reconcile!

#
# =========================================================================
# Welcome to GRAMPA -- Gene tree reconciliations with MUL-trees.
# Version 1.4.0 released on March 2023
# GRAMPA was developed by Gregg Thomas, S. Hussain Ather, Matthew Hahn
# Citation:      https://doi.org/10.1093/sysbio/syx044
# Website:       https://gwct.github.io/grampa/
# Report issues: https://github.com/gwct/grampa
#
# The date and time at the start is:  05.30.2024  02:22:09
# Using Python executable located at: /n/home07/gthomas/miniconda3/bin/python3.9
# Using Python version:               3.9.15
#
# The program was called as:          grampa.py -s /n/holylfs05/LABS/informatics/Users/gthomas/spiders/tree/19spec/ballesteros//ballesteros.tre -g /n/holylfs05/LABS/informatics/Users/gthomas/spiders/tree/19spec/ballesteros//loci-rearrange-0.rooted.treefile -o /n/holylfs05/LABS/informatics/Users/gthomas/spiders/grampa//19spec/ballesteros-bs0-h1-hcsp/ -h1 CROTU,TGIGA,LPOLY CSCUL,LRECL,SMIMO,LHESP,PTEPI,ABRUE,NCLAV,TANTI CROTU,TGIGA,LPOLY,CSCUL,LRECL,SMIMO,LHESP,PTEPI,ABRUE,NCLAV,TANTI -c 15 -f ballesteros-bs0-hcsp -p 30
#
# -----------------------------------------------------------------------------------------------------------------------------
# INPUT/OUTPUT INFO:
# Species tree file:                    /n/holylfs05/LABS/informatics/Users/gthomas/spiders/tree/19spec/ballesteros//ballesteros.tre
# Gene tree file:                       /n/holylfs05/LABS/informatics/Users/gthomas/spiders/tree/19spec/ballesteros//loci-rearrange-0.rooted.treefile
# Output directory:                     /n/holylfs05/LABS/informatics/Users/gthomas/spiders/grampa//19spec/ballesteros-bs0-h1-hcsp/
# Score file:                           /n/holylfs05/LABS/informatics/Users/gthomas/spiders/grampa//19spec/ballesteros-bs0-h1-hcsp/ballesteros-bs0-hcsp-scores.txt
# Filtered gene trees:                  /n/holylfs05/LABS/informatics/Users/gthomas/spiders/grampa//19spec/ballesteros-bs0-h1-hcsp/ballesteros-bs0-hcsp-trees-filtered.txt
# Check nums file:                      /n/holylfs05/LABS/informatics/Users/gthomas/spiders/grampa//19spec/ballesteros-bs0-h1-hcsp/ballesteros-bs0-hcsp-checknums.txt
# Detailed mapping file:                /n/holylfs05/LABS/informatics/Users/gthomas/spiders/grampa//19spec/ballesteros-bs0-h1-hcsp/ballesteros-bs0-hcsp-detailed.txt
# Duplication count file:               /n/holylfs05/LABS/informatics/Users/gthomas/spiders/grampa//19spec/ballesteros-bs0-h1-hcsp/ballesteros-bs0-hcsp-dup-counts.txt
# -----------------------------------------------------------------------------------------------------------------------------
# OPTIONS INFO:
# Option                                Current setting               Current action
# -h1                                   CROTU,TGIGA,LPOLY CSCUL,LRECL,SMIMO,LHESP,PTEPI,ABRUE,NCLAV,TANTI CROTU,TGIGA,LPOLY,CSCUL,LRECL,SMIMO,LHESP,PTEPI,ABRUE,NCLAV,TANTIGRAMPA will search these H1 nodes. If none are specified, all nodes will be searched as H1 nodes.
# -h2                                   All                           GRAMPA will search these H2 nodes. If none are specified, all nodes will be searched as H2 nodes.
# -c                                    15                            Gene trees with more than this number of groups/clades with polyploid species for a given h1/h2 combination will be skipped.
# -f                                    ballesteros-bs0-hcsp          All output files generated will have this string preprended to them.
# -p                                    30                            GRAMPA will use this number of processes for LCA mapping.
# -v                                    3                             Controls the amount of info printed to the screen as GRAMPA is running.
# --multree                             False                         The tree input with -s will be read as singly-labeled tree.
# --checknums                           False                         GRAMPA will count groups to filter gene trees and then perform reconciliations.
# --no-st, --st-only                    default                       GRAMPA will perform reconciliations to all MUL-trees specified by -h1 and -h2 and the input species tree.
# --maps                                False                         GRAMPA will only output duplication and loss counts in the detailed output file.
# ------------------------------------------------------------------------------------------------------------------------------------------------------
# Date        Time      Current step                                      Status                                  Elapsed time (s)    Step time (s)   
# ------------------------------------------------------------------------------------------------------------------------------------------------------
# 05.30.2024  02:22:09  Reading species tree                              Success: species tree read              0.31613             0.01244         
# 05.30.2024  02:22:09  Parsing hybrid clades                             Success: got H nodes                    0.31823             0.00064         
# 05.30.2024  02:22:09  Counting MUL-trees to be generated                Success: 73 total MUL-trees             0.31931             0.00013         
# 05.30.2024  02:22:09  Building MUL-trees                                Success: 73 MUL-trees built             0.36986             0.04974         
# 05.30.2024  02:22:10  Reading gene trees                                Success: 6368 gene trees read           0.9575              0.58631         
# 05.30.2024  02:22:51  Collapsing gene tree groupings                    Success                                 42.17865            41.21977        
# 05.30.2024  02:22:54  Filtering gene trees over group cap               Success: 9 gts over cap                 45.65075            3.46894         
# WARNING: Gene tree on line 595 is over the group cap in 21 MTs and will be filtered.
# WARNING: Gene tree on line 942 is over the group cap in 17 MTs and will be filtered.
# WARNING: Gene tree on line 1171 is over the group cap in 33 MTs and will be filtered.
# WARNING: Gene tree on line 1532 is over the group cap in 33 MTs and will be filtered.
# WARNING: Gene tree on line 1826 is over the group cap in 17 MTs and will be filtered.
# WARNING: Gene tree on line 2094 is over the group cap in 17 MTs and will be filtered.
# WARNING: Gene tree on line 2389 is over the group cap in 5 MTs and will be filtered.
# WARNING: Gene tree on line 2556 is over the group cap in 23 MTs and will be filtered.
# WARNING: Gene tree on line 2191 is over the group cap in 53 MTs and will be filtered.
# 05.30.2024  02:22:54  INFO: Filtered gene trees: 9
# 05.30.2024  02:22:54  INFO: Final gene tree count for reconciliations: 6359
# 05.30.2024  02:22:54  Writing filtered gene trees to file               Success: 6359 gene trees written        45.67154            0.00832         
# ----------------------------------------
# 05.30.2024  02:55:48  Reconciliation                                    Success                                 2019.73321          1974.05995      
# 05.30.2024  04:03:33  Getting maps for lowest scoring MTs               Success                                 6084.82125          4065.08302      
# 05.30.2024  04:03:33  Writing detailed output file                      Success                                 6084.85648          0.02425         
# 05.30.2024  04:03:34  Writing main output file                          Success                                 6085.02002          0.16218         
# ===============================================================================================================================================================================
#
# Done!
# The date and time at the end is: 05.30.2024  04:03:34
# Total execution time:            6085.156 seconds.
# Output directory for this run:   /n/holylfs05/LABS/informatics/Users/gthomas/spiders/grampa//19spec/ballesteros-bs0-h1-hcsp/
# Log file for this run:           /n/holylfs05/LABS/informatics/Users/gthomas/spiders/grampa//19spec/ballesteros-bs0-h1-hcsp/ballesteros-bs0-hcsp.log

# GRAMPA finished with 10 WARNINGS -- check log file for more info
# ----------------------------------------
# The MUL-tree with the minimum parsimony score is MT-70:	((((((((((NCLAV+,TANTI+)<1>,ABRUE+)<2>,(PTEPI+,LHESP+)<3>)<4>,SMIMO+)<5>,LRECL+)<6>,CSCUL+)<7>,(LPOLY+,(CROTU+,TGIGA+)<8>)<9>)<10>,((MOCCI,VDEST)<11>,(ISCAP,HLONG)<12>)<13>)<14>,((TURTI,SSCAB)<15>,(((((((NCLAV*,TANTI*)<16>,ABRUE*)<17>,(PTEPI*,LHESP*)<18>)<19>,SMIMO*)<20>,LRECL*)<21>,CSCUL*)<22>,(LPOLY*,(CROTU*,TGIGA*)<23>)<24>)<25>)<26>)<27>,(DMELA,BMORI)<28>)<29>
# Score = 134038
# ----------------------------------------
# ===============================================================================================================================================================================
#
