# Warning! With -c set to 15 or higher, some gene trees may take a very long time to reconcile!

#
# =========================================================================
# Welcome to GRAMPA -- Gene tree reconciliations with MUL-trees.
# Version 1.4.0 released on March 2023
# GRAMPA was developed by Gregg Thomas, S. Hussain Ather, Matthew Hahn
# Citation:      https://doi.org/10.1093/sysbio/syx044
# Website:       https://gwct.github.io/grampa/
# Report issues: https://github.com/gwct/grampa
#
# The date and time at the start is:  05.29.2024  23:21:03
# Using Python executable located at: /n/home07/gthomas/miniconda3/bin/python3.9
# Using Python version:               3.9.15
#
# The program was called as:          grampa.py -s /n/holylfs05/LABS/informatics/Users/gthomas/spiders/tree/19spec/ballesteros//ballesteros.tre -g /n/holylfs05/LABS/informatics/Users/gthomas/spiders/tree/19spec/ballesteros//loci-rearrange-0.rooted.treefile -o /n/holylfs05/LABS/informatics/Users/gthomas/spiders/grampa//19spec/ballesteros-bs0-h1-hc/ -h1 CROTU,TGIGA,LPOLY -c 15 -f ballesteros-bs0-hc -p 30
#
# -----------------------------------------------------------------------------------------------------------------------------
# INPUT/OUTPUT INFO:
# Species tree file:                    /n/holylfs05/LABS/informatics/Users/gthomas/spiders/tree/19spec/ballesteros//ballesteros.tre
# Gene tree file:                       /n/holylfs05/LABS/informatics/Users/gthomas/spiders/tree/19spec/ballesteros//loci-rearrange-0.rooted.treefile
# Output directory:                     /n/holylfs05/LABS/informatics/Users/gthomas/spiders/grampa//19spec/ballesteros-bs0-h1-hc/
# Score file:                           /n/holylfs05/LABS/informatics/Users/gthomas/spiders/grampa//19spec/ballesteros-bs0-h1-hc/ballesteros-bs0-hc-scores.txt
# Filtered gene trees:                  /n/holylfs05/LABS/informatics/Users/gthomas/spiders/grampa//19spec/ballesteros-bs0-h1-hc/ballesteros-bs0-hc-trees-filtered.txt
# Check nums file:                      /n/holylfs05/LABS/informatics/Users/gthomas/spiders/grampa//19spec/ballesteros-bs0-h1-hc/ballesteros-bs0-hc-checknums.txt
# Detailed mapping file:                /n/holylfs05/LABS/informatics/Users/gthomas/spiders/grampa//19spec/ballesteros-bs0-h1-hc/ballesteros-bs0-hc-detailed.txt
# Duplication count file:               /n/holylfs05/LABS/informatics/Users/gthomas/spiders/grampa//19spec/ballesteros-bs0-h1-hc/ballesteros-bs0-hc-dup-counts.txt
# -----------------------------------------------------------------------------------------------------------------------------
# OPTIONS INFO:
# Option                                Current setting               Current action
# -h1                                   CROTU,TGIGA,LPOLY             GRAMPA will search these H1 nodes. If none are specified, all nodes will be searched as H1 nodes.
# -h2                                   All                           GRAMPA will search these H2 nodes. If none are specified, all nodes will be searched as H2 nodes.
# -c                                    15                            Gene trees with more than this number of groups/clades with polyploid species for a given h1/h2 combination will be skipped.
# -f                                    ballesteros-bs0-hc            All output files generated will have this string preprended to them.
# -p                                    30                            GRAMPA will use this number of processes for LCA mapping.
# -v                                    3                             Controls the amount of info printed to the screen as GRAMPA is running.
# --multree                             False                         The tree input with -s will be read as singly-labeled tree.
# --checknums                           False                         GRAMPA will count groups to filter gene trees and then perform reconciliations.
# --no-st, --st-only                    default                       GRAMPA will perform reconciliations to all MUL-trees specified by -h1 and -h2 and the input species tree.
# --maps                                False                         GRAMPA will only output duplication and loss counts in the detailed output file.
# ------------------------------------------------------------------------------------------------------------------------------------------------------
# Date        Time      Current step                                      Status                                  Elapsed time (s)    Step time (s)   
# ------------------------------------------------------------------------------------------------------------------------------------------------------
# 05.29.2024  23:21:03  Reading species tree                              Success: species tree read              0.30336             0.00406         
# 05.29.2024  23:21:03  Parsing hybrid clades                             Success: got H nodes                    0.30494             0.00046         
# 05.29.2024  23:21:03  Counting MUL-trees to be generated                Success: 33 total MUL-trees             0.30585             5e-05           
# 05.29.2024  23:21:03  Building MUL-trees                                Success: 33 MUL-trees built             0.3246              0.01808         
# 05.29.2024  23:21:03  Reading gene trees                                Success: 6368 gene trees read           0.8264              0.50036         
# 05.29.2024  23:21:22  Collapsing gene tree groupings                    Success                                 20.01214            19.18427        
# 05.29.2024  23:21:24  Filtering gene trees over group cap               Success: 3 gts over cap                 21.47388            1.45948         
# WARNING: Gene tree on line 1171 is over the group cap in 33 MTs and will be filtered.
# WARNING: Gene tree on line 1532 is over the group cap in 33 MTs and will be filtered.
# WARNING: Gene tree on line 2191 is over the group cap in 33 MTs and will be filtered.
# 05.29.2024  23:21:24  INFO: Filtered gene trees: 3
# 05.29.2024  23:21:24  INFO: Final gene tree count for reconciliations: 6365
# 05.29.2024  23:21:24  Writing filtered gene trees to file               Success: 6365 gene trees written        21.48864            0.00822         
# ----------------------------------------
# 05.29.2024  23:44:42  Reconciliation                                    Success                                 1419.75699          1398.26648      
# 05.30.2024  00:42:24  Getting maps for lowest scoring MTs               Success                                 4881.42722          3461.66487      
# 05.30.2024  00:42:24  Writing detailed output file                      Success                                 4881.44561          0.01241         
# 05.30.2024  00:42:24  Writing main output file                          Success                                 4881.60702          0.16019         
# ===============================================================================================================================================================================
#
# Done!
# The date and time at the end is: 05.30.2024  00:42:24
# Total execution time:            4881.72 seconds.
# Output directory for this run:   /n/holylfs05/LABS/informatics/Users/gthomas/spiders/grampa//19spec/ballesteros-bs0-h1-hc/
# Log file for this run:           /n/holylfs05/LABS/informatics/Users/gthomas/spiders/grampa//19spec/ballesteros-bs0-h1-hc/ballesteros-bs0-hc.log

# GRAMPA finished with 4 WARNINGS -- check log file for more info
# ----------------------------------------
# The MUL-tree with the minimum parsimony score is MT-31:	(((((((((((NCLAV,TANTI)<1>,ABRUE)<2>,(PTEPI,LHESP)<3>)<4>,SMIMO)<5>,LRECL)<6>,CSCUL)<7>,(LPOLY+,(CROTU+,TGIGA+)<8>)<9>)<10>,((MOCCI,VDEST)<11>,(ISCAP,HLONG)<12>)<13>)<14>,(TURTI,SSCAB)<15>)<16>,(LPOLY*,(CROTU*,TGIGA*)<17>)<18>)<19>,(DMELA,BMORI)<20>)<21>
# Score = 147493
# ----------------------------------------
# ===============================================================================================================================================================================
#
