# Warning! With -c set to 15 or higher, some gene trees may take a very long time to reconcile!

#
# =========================================================================
# Welcome to GRAMPA -- Gene tree reconciliations with MUL-trees.
# Version 1.4.0 released on March 2023
# GRAMPA was developed by Gregg Thomas, S. Hussain Ather, Matthew Hahn
# Citation:      https://doi.org/10.1093/sysbio/syx044
# Website:       https://gwct.github.io/grampa/
# Report issues: https://github.com/gwct/grampa
#
# The date and time at the start is:  03.15.2023  12:22:18
# Using Python executable located at: /n/home07/gthomas/miniconda3/envs/mapping-sims/bin/python3.9
# Using Python version:               3.9.15
#
# The program was called as:          grampa.py -s /n/holylfs05/LABS/informatics/Users/gthomas/spiders/tree/19spec/ballesteros//ballesteros.tre -g /n/holylfs05/LABS/informatics/Users/gthomas/spiders/tree/19spec/ballesteros//loci-rearrange-90.rooted.treefile -o /n/holylfs05/LABS/informatics/Users/gthomas/spiders/grampa//19spec/ballesteros-bs90-h1-hcsp/ -h1 CROTU,TGIGA,LPOLY CSCUL,LRECL,SMIMO,LHESP,PTEPI,ABRUE,NCLAV,TANTI CROTU,TGIGA,LPOLY,CSCUL,LRECL,SMIMO,LHESP,PTEPI,ABRUE,NCLAV,TANTI -c 15 -f ballesteros-bs90-hcsp -p 30
#
# -----------------------------------------------------------------------------------------------------------------------------
# INPUT/OUTPUT INFO:
# Species tree file:                    /n/holylfs05/LABS/informatics/Users/gthomas/spiders/tree/19spec/ballesteros//ballesteros.tre
# Gene tree file:                       /n/holylfs05/LABS/informatics/Users/gthomas/spiders/tree/19spec/ballesteros//loci-rearrange-90.rooted.treefile
# Output directory:                     /n/holylfs05/LABS/informatics/Users/gthomas/spiders/grampa//19spec/ballesteros-bs90-h1-hcsp/
# Score file:                           /n/holylfs05/LABS/informatics/Users/gthomas/spiders/grampa//19spec/ballesteros-bs90-h1-hcsp/ballesteros-bs90-hcsp-scores.txt
# Filtered gene trees:                  /n/holylfs05/LABS/informatics/Users/gthomas/spiders/grampa//19spec/ballesteros-bs90-h1-hcsp/ballesteros-bs90-hcsp-trees-filtered.txt
# Check nums file:                      /n/holylfs05/LABS/informatics/Users/gthomas/spiders/grampa//19spec/ballesteros-bs90-h1-hcsp/ballesteros-bs90-hcsp-checknums.txt
# Detailed mapping file:                /n/holylfs05/LABS/informatics/Users/gthomas/spiders/grampa//19spec/ballesteros-bs90-h1-hcsp/ballesteros-bs90-hcsp-detailed.txt
# Duplication count file:               /n/holylfs05/LABS/informatics/Users/gthomas/spiders/grampa//19spec/ballesteros-bs90-h1-hcsp/ballesteros-bs90-hcsp-dup-counts.txt
# -----------------------------------------------------------------------------------------------------------------------------
# OPTIONS INFO:
# Option                                Current setting               Current action
# -h1                                   CROTU,TGIGA,LPOLY CSCUL,LRECL,SMIMO,LHESP,PTEPI,ABRUE,NCLAV,TANTI CROTU,TGIGA,LPOLY,CSCUL,LRECL,SMIMO,LHESP,PTEPI,ABRUE,NCLAV,TANTIGRAMPA will search these H1 nodes. If none are specified, all nodes will be searched as H1 nodes.
# -h2                                   All                           GRAMPA will search these H2 nodes. If none are specified, all nodes will be searched as H2 nodes.
# -c                                    15                            Gene trees with more than this number of groups/clades with polyploid species for a given h1/h2 combination will be skipped.
# -f                                    ballesteros-bs90-hcsp         All output files generated will have this string preprended to them.
# -p                                    30                            GRAMPA will use this number of processes for LCA mapping.
# -v                                    3                             Controls the amount of info printed to the screen as GRAMPA is running.
# --multree                             False                         The tree input with -s will be read as singly-labeled tree.
# --checknums                           False                         GRAMPA will count groups to filter gene trees and then perform reconciliations.
# --no-st, --st-only                    default                       GRAMPA will perform reconciliations to all MUL-trees specified by -h1 and -h2 and the input species tree.
# --maps                                False                         GRAMPA will only output duplication and loss counts in the detailed output file.
# -------------------------------------------------------------------------------------------------------------------------------------------------------------------------------
# Date        Time      Current step                                      Status                                  Elapsed time (s)    Step time (s)   Current mem (MB)  Virtual mem (MB)
# -------------------------------------------------------------------------------------------------------------------------------------------------------------------------------
# 03.15.2023  12:22:18  Reading species tree                              Success: species tree read              0.49466             0.0062          12.27734          332.17969 
# 03.15.2023  12:22:18  Parsing hybrid clades                             Success: got H nodes                    0.4964              0.0008          12.27734          332.31641 
# 03.15.2023  12:22:18  Counting MUL-trees to be generated                Success: 73 total MUL-trees             0.49726             0.00016         12.27734          332.31641 
# 03.15.2023  12:22:18  Building MUL-trees                                Success: 73 MUL-trees built             0.5697              0.07183         13.14844          333.31641 
# 03.15.2023  12:22:19  Reading gene trees                                Success: 6368 gene trees read           1.57954             1.00886         76.77734          389.78125 
# 03.15.2023  12:23:17  Collapsing gene tree groupings                    Success                                 59.25987            57.67858        77.65625          393.80859 
# 03.15.2023  12:23:21  Filtering gene trees over group cap               Success: 2 gts over cap                 63.1268             3.86506         105.29297         416.45312 
# WARNING: Gene tree on line 1532 is over the group cap in 33 MTs and will be filtered.
# WARNING: Gene tree on line 2191 is over the group cap in 53 MTs and will be filtered.
# 03.15.2023  12:23:21  INFO: Filtered gene trees: 2
# 03.15.2023  12:23:21  INFO: Final gene tree count for reconciliations: 6366
# 03.15.2023  12:23:21  Writing filtered gene trees to file               Success: 6366 gene trees written        63.15622            0.01838         94.07031          405.20312 
# ----------------------------------------
# 03.15.2023  12:56:11  Reconciliation                                    Success                                 2033.03157          1969.87371      95.52734          404.95312 
# 03.15.2023  13:36:31  Getting maps for lowest scoring MTs               Success                                 4452.60139          2419.5635       342.69531         650.00781 
# 03.15.2023  13:36:31  Writing detailed output file                      Success                                 4452.69757          0.03929         346.71484         654.08203 
# 03.15.2023  13:36:31  Writing main output file                          Success                                 4452.92207          0.22333         348.71484         658.08203 
# ===============================================================================================================================================================================
#
# Done!
# The date and time at the end is: 03.15.2023  13:36:31
# Total execution time:            4453.051 seconds.
# Output directory for this run:   /n/holylfs05/LABS/informatics/Users/gthomas/spiders/grampa//19spec/ballesteros-bs90-h1-hcsp/
# Log file for this run:           /n/holylfs05/LABS/informatics/Users/gthomas/spiders/grampa//19spec/ballesteros-bs90-h1-hcsp/ballesteros-bs90-hcsp.log

# GRAMPA finished with 3 WARNINGS -- check log file for more info
# ----------------------------------------
# The tree with the minimum parsimony score is the singly-labled tree (ST):	((((((((((NCLAV,TANTI),ABRUE),(PTEPI,LHESP)),SMIMO),LRECL),CSCUL),(LPOLY,(CROTU,TGIGA))),((MOCCI,VDEST),(ISCAP,HLONG))),(TURTI,SSCAB)),(DMELA,BMORI));
# Score = 65364
# ----------------------------------------
# ===============================================================================================================================================================================
#
