# Warning! With -c set to 15 or higher, some gene trees may take a very long time to reconcile!

#
# =========================================================================
# Welcome to GRAMPA -- Gene tree reconciliations with MUL-trees.
# Version 1.4.0 released on March 2023
# GRAMPA was developed by Gregg Thomas, S. Hussain Ather, Matthew Hahn
# Citation:      https://doi.org/10.1093/sysbio/syx044
# Website:       https://gwct.github.io/grampa/
# Report issues: https://github.com/gwct/grampa
#
# The date and time at the start is:  05.28.2024  23:03:43
# Using Python executable located at: /n/home07/gthomas/miniconda3/bin/python3.9
# Using Python version:               3.9.15
#
# The program was called as:          grampa.py -s /n/holylfs05/LABS/informatics/Users/gthomas/spiders/tree/19spec/ballesteros//ballesteros.tre -g /n/holylfs05/LABS/informatics/Users/gthomas/spiders/tree/19spec/ballesteros//loci-rearrange-80.rooted.treefile -o /n/holylfs05/LABS/informatics/Users/gthomas/spiders/grampa//19spec/ballesteros-bs80-full/ -c 15 -f ballesteros-bs80-full -p 30
#
# -----------------------------------------------------------------------------------------------------------------------------
# INPUT/OUTPUT INFO:
# Species tree file:                    /n/holylfs05/LABS/informatics/Users/gthomas/spiders/tree/19spec/ballesteros//ballesteros.tre
# Gene tree file:                       /n/holylfs05/LABS/informatics/Users/gthomas/spiders/tree/19spec/ballesteros//loci-rearrange-80.rooted.treefile
# Output directory:                     /n/holylfs05/LABS/informatics/Users/gthomas/spiders/grampa//19spec/ballesteros-bs80-full/
# Score file:                           /n/holylfs05/LABS/informatics/Users/gthomas/spiders/grampa//19spec/ballesteros-bs80-full/ballesteros-bs80-full-scores.txt
# Filtered gene trees:                  /n/holylfs05/LABS/informatics/Users/gthomas/spiders/grampa//19spec/ballesteros-bs80-full/ballesteros-bs80-full-trees-filtered.txt
# Check nums file:                      /n/holylfs05/LABS/informatics/Users/gthomas/spiders/grampa//19spec/ballesteros-bs80-full/ballesteros-bs80-full-checknums.txt
# Detailed mapping file:                /n/holylfs05/LABS/informatics/Users/gthomas/spiders/grampa//19spec/ballesteros-bs80-full/ballesteros-bs80-full-detailed.txt
# Duplication count file:               /n/holylfs05/LABS/informatics/Users/gthomas/spiders/grampa//19spec/ballesteros-bs80-full/ballesteros-bs80-full-dup-counts.txt
# -----------------------------------------------------------------------------------------------------------------------------
# OPTIONS INFO:
# Option                                Current setting               Current action
# -h1                                   All                           GRAMPA will search these H1 nodes. If none are specified, all nodes will be searched as H1 nodes.
# -h2                                   All                           GRAMPA will search these H2 nodes. If none are specified, all nodes will be searched as H2 nodes.
# -c                                    15                            Gene trees with more than this number of groups/clades with polyploid species for a given h1/h2 combination will be skipped.
# -f                                    ballesteros-bs80-full         All output files generated will have this string preprended to them.
# -p                                    30                            GRAMPA will use this number of processes for LCA mapping.
# -v                                    3                             Controls the amount of info printed to the screen as GRAMPA is running.
# --multree                             False                         The tree input with -s will be read as singly-labeled tree.
# --checknums                           False                         GRAMPA will count groups to filter gene trees and then perform reconciliations.
# --no-st, --st-only                    default                       GRAMPA will perform reconciliations to all MUL-trees specified by -h1 and -h2 and the input species tree.
# --maps                                False                         GRAMPA will only output duplication and loss counts in the detailed output file.
# ------------------------------------------------------------------------------------------------------------------------------------------------------
# Date        Time      Current step                                      Status                                  Elapsed time (s)    Step time (s)   
# ------------------------------------------------------------------------------------------------------------------------------------------------------
# 05.28.2024  23:03:44  Reading species tree                              Success: species tree read              0.24935             0.0173          
# 05.28.2024  23:03:44  Parsing hybrid clades                             Success: got H nodes                    0.25063             0.00079         
# 05.28.2024  23:03:44  Counting MUL-trees to be generated                Success: 1181 total MUL-trees           0.25161             0.0005          
# 05.28.2024  23:03:44  Building MUL-trees                                Success: 1181 MUL-trees built           0.79082             0.53872         
# 05.28.2024  23:03:45  Reading gene trees                                Success: 6368 gene trees read           1.33692             0.54547         
# 05.28.2024  23:09:44  Collapsing gene tree groupings                    Success                                 360.6761            359.33828       
# 05.28.2024  23:10:22  Filtering gene trees over group cap               Success: 11 gts over cap                398.21897           37.53896        
# WARNING: Gene tree on line 595 is over the group cap in 7 MTs and will be filtered.
# WARNING: Gene tree on line 1171 is over the group cap in 33 MTs and will be filtered.
# WARNING: Gene tree on line 1532 is over the group cap in 37 MTs and will be filtered.
# WARNING: Gene tree on line 1722 is over the group cap in 9 MTs and will be filtered.
# WARNING: Gene tree on line 2190 is over the group cap in 109 MTs and will be filtered.
# WARNING: Gene tree on line 2556 is over the group cap in 37 MTs and will be filtered.
# WARNING: Gene tree on line 2191 is over the group cap in 234 MTs and will be filtered.
# WARNING: Gene tree on line 3559 is over the group cap in 37 MTs and will be filtered.
# WARNING: Gene tree on line 4228 is over the group cap in 37 MTs and will be filtered.
# WARNING: Gene tree on line 5137 is over the group cap in 72 MTs and will be filtered.
# WARNING: Gene tree on line 5788 is over the group cap in 87 MTs and will be filtered.
# 05.28.2024  23:10:22  INFO: Filtered gene trees: 11
# 05.28.2024  23:10:22  INFO: Final gene tree count for reconciliations: 6357
# 05.28.2024  23:10:22  Writing filtered gene trees to file               Success: 6357 gene trees written        398.23502           0.00685         
# ----------------------------------------
# 05.28.2024  23:29:22  Reconciliation                                    Success                                 1538.8544           1140.61825      
# 05.28.2024  23:35:48  Getting maps for lowest scoring MTs               Success                                 1924.33563          385.47434       
# 05.28.2024  23:35:48  Writing detailed output file                      Success                                 1924.35603          0.01733         
# 05.28.2024  23:35:48  Writing main output file                          Success                                 1924.52191          0.1653          
# ===============================================================================================================================================================================
#
# Done!
# The date and time at the end is: 05.28.2024  23:35:48
# Total execution time:            1924.628 seconds.
# Output directory for this run:   /n/holylfs05/LABS/informatics/Users/gthomas/spiders/grampa//19spec/ballesteros-bs80-full/
# Log file for this run:           /n/holylfs05/LABS/informatics/Users/gthomas/spiders/grampa//19spec/ballesteros-bs80-full/ballesteros-bs80-full.log

# GRAMPA finished with 12 WARNINGS -- check log file for more info
# ----------------------------------------
# The MUL-tree with the minimum parsimony score is MT-992:	((((((((((NCLAV+,TANTI+)<1>,ABRUE+)<2>,(PTEPI+,LHESP+)<3>)<4>,SMIMO+)<5>,LRECL+)<6>,CSCUL+)<7>,(LPOLY+,(CROTU+,TGIGA+)<8>)<9>)<10>,((MOCCI,VDEST)<11>,(ISCAP,HLONG)<12>)<13>)<14>,((TURTI,SSCAB)<15>,(((((((NCLAV*,TANTI*)<16>,ABRUE*)<17>,(PTEPI*,LHESP*)<18>)<19>,SMIMO*)<20>,LRECL*)<21>,CSCUL*)<22>,(LPOLY*,(CROTU*,TGIGA*)<23>)<24>)<25>)<26>)<27>,(DMELA,BMORI)<28>)<29>
# Score = 73779
# ----------------------------------------
# ===============================================================================================================================================================================
#
