# Warning! With -c set to 15 or higher, some gene trees may take a very long time to reconcile!

#
# =========================================================================
# Welcome to GRAMPA -- Gene tree reconciliations with MUL-trees.
# Version 1.4.0 released on March 2023
# GRAMPA was developed by Gregg Thomas, S. Hussain Ather, Matthew Hahn
# Citation:      https://doi.org/10.1093/sysbio/syx044
# Website:       https://gwct.github.io/grampa/
# Report issues: https://github.com/gwct/grampa
#
# The date and time at the start is:  03.15.2023  12:11:18
# Using Python executable located at: /n/home07/gthomas/miniconda3/envs/mapping-sims/bin/python3.9
# Using Python version:               3.9.15
#
# The program was called as:          grampa.py -s /n/holylfs05/LABS/informatics/Users/gthomas/spiders/tree/19spec/ballesteros//ballesteros.tre -g /n/holylfs05/LABS/informatics/Users/gthomas/spiders/tree/19spec/ballesteros//loci-rearrange-90.rooted.treefile -o /n/holylfs05/LABS/informatics/Users/gthomas/spiders/grampa//19spec/ballesteros-bs90-h1-sp/ -h1 CSCUL,LRECL,SMIMO,LHESP,PTEPI,ABRUE,NCLAV,TANTI -c 15 -f ballesteros-bs90-sp -p 30
#
# -----------------------------------------------------------------------------------------------------------------------------
# INPUT/OUTPUT INFO:
# Species tree file:                    /n/holylfs05/LABS/informatics/Users/gthomas/spiders/tree/19spec/ballesteros//ballesteros.tre
# Gene tree file:                       /n/holylfs05/LABS/informatics/Users/gthomas/spiders/tree/19spec/ballesteros//loci-rearrange-90.rooted.treefile
# Output directory:                     /n/holylfs05/LABS/informatics/Users/gthomas/spiders/grampa//19spec/ballesteros-bs90-h1-sp/
# Score file:                           /n/holylfs05/LABS/informatics/Users/gthomas/spiders/grampa//19spec/ballesteros-bs90-h1-sp/ballesteros-bs90-sp-scores.txt
# Filtered gene trees:                  /n/holylfs05/LABS/informatics/Users/gthomas/spiders/grampa//19spec/ballesteros-bs90-h1-sp/ballesteros-bs90-sp-trees-filtered.txt
# Check nums file:                      /n/holylfs05/LABS/informatics/Users/gthomas/spiders/grampa//19spec/ballesteros-bs90-h1-sp/ballesteros-bs90-sp-checknums.txt
# Detailed mapping file:                /n/holylfs05/LABS/informatics/Users/gthomas/spiders/grampa//19spec/ballesteros-bs90-h1-sp/ballesteros-bs90-sp-detailed.txt
# Duplication count file:               /n/holylfs05/LABS/informatics/Users/gthomas/spiders/grampa//19spec/ballesteros-bs90-h1-sp/ballesteros-bs90-sp-dup-counts.txt
# -----------------------------------------------------------------------------------------------------------------------------
# OPTIONS INFO:
# Option                                Current setting               Current action
# -h1                                   CSCUL,LRECL,SMIMO,LHESP,PTEPI,ABRUE,NCLAV,TANTIGRAMPA will search these H1 nodes. If none are specified, all nodes will be searched as H1 nodes.
# -h2                                   All                           GRAMPA will search these H2 nodes. If none are specified, all nodes will be searched as H2 nodes.
# -c                                    15                            Gene trees with more than this number of groups/clades with polyploid species for a given h1/h2 combination will be skipped.
# -f                                    ballesteros-bs90-sp           All output files generated will have this string preprended to them.
# -p                                    30                            GRAMPA will use this number of processes for LCA mapping.
# -v                                    3                             Controls the amount of info printed to the screen as GRAMPA is running.
# --multree                             False                         The tree input with -s will be read as singly-labeled tree.
# --checknums                           False                         GRAMPA will count groups to filter gene trees and then perform reconciliations.
# --no-st, --st-only                    default                       GRAMPA will perform reconciliations to all MUL-trees specified by -h1 and -h2 and the input species tree.
# --maps                                False                         GRAMPA will only output duplication and loss counts in the detailed output file.
# -------------------------------------------------------------------------------------------------------------------------------------------------------------------------------
# Date        Time      Current step                                      Status                                  Elapsed time (s)    Step time (s)   Current mem (MB)  Virtual mem (MB)
# -------------------------------------------------------------------------------------------------------------------------------------------------------------------------------
# 03.15.2023  12:11:18  Reading species tree                              Success: species tree read              0.56304             0.01714         12.27344          332.17969 
# 03.15.2023  12:11:18  Parsing hybrid clades                             Success: got H nodes                    0.56456             0.0007          12.27344          332.31641 
# 03.15.2023  12:11:18  Counting MUL-trees to be generated                Success: 23 total MUL-trees             0.56552             9e-05           12.27344          332.31641 
# 03.15.2023  12:11:18  Building MUL-trees                                Success: 23 MUL-trees built             0.59371             0.0275          12.50781          332.81641 
# 03.15.2023  12:11:19  Reading gene trees                                Success: 6368 gene trees read           1.72459             1.12987         76.08594          388.92969 
# 03.15.2023  12:11:41  Collapsing gene tree groupings                    Success                                 24.13044            22.40381        79.91797          392.95312 
# 03.15.2023  12:11:43  Filtering gene trees over group cap               Success: 1 gts over cap                 26.01183            1.87475         98.77734          408.41016 
# WARNING: Gene tree on line 2191 is over the group cap in 3 MTs and will be filtered.
# 03.15.2023  12:11:43  INFO: Filtered gene trees: 1
# 03.15.2023  12:11:43  INFO: Final gene tree count for reconciliations: 6367
# 03.15.2023  12:11:43  Writing filtered gene trees to file               Success: 6367 gene trees written        26.03966            0.02109         91.27734          400.91016 
# ----------------------------------------
# 03.15.2023  12:14:58  Reconciliation                                    Success                                 220.9757            194.93414       91.14062          400.66016 
# 03.15.2023  12:22:16  Getting maps for lowest scoring MTs               Success                                 658.97099           437.99091       339.96484         647.62109 
# 03.15.2023  12:22:16  Writing detailed output file                      Success                                 659.00753           0.03219         340.04688         651.63281 
# 03.15.2023  12:22:16  Writing main output file                          Success                                 659.28095           0.27256         340.05469         655.63281 
# ===============================================================================================================================================================================
#
# Done!
# The date and time at the end is: 03.15.2023  12:22:17
# Total execution time:            659.464 seconds.
# Output directory for this run:   /n/holylfs05/LABS/informatics/Users/gthomas/spiders/grampa//19spec/ballesteros-bs90-h1-sp/
# Log file for this run:           /n/holylfs05/LABS/informatics/Users/gthomas/spiders/grampa//19spec/ballesteros-bs90-h1-sp/ballesteros-bs90-sp.log

# GRAMPA finished with 2 WARNINGS -- check log file for more info
# ----------------------------------------
# The tree with the minimum parsimony score is the singly-labled tree (ST):	((((((((((NCLAV,TANTI),ABRUE),(PTEPI,LHESP)),SMIMO),LRECL),CSCUL),(LPOLY,(CROTU,TGIGA))),((MOCCI,VDEST),(ISCAP,HLONG))),(TURTI,SSCAB)),(DMELA,BMORI));
# Score = 65445
# ----------------------------------------
# ===============================================================================================================================================================================
#
