# Warning! With -c set to 15 or higher, some gene trees may take a very long time to reconcile!

#
# =========================================================================
# Welcome to GRAMPA -- Gene tree reconciliations with MUL-trees.
# Version 1.4.0 released on March 2023
# GRAMPA was developed by Gregg Thomas, S. Hussain Ather, Matthew Hahn
# Citation:      https://doi.org/10.1093/sysbio/syx044
# Website:       https://gwct.github.io/grampa/
# Report issues: https://github.com/gwct/grampa
#
# The date and time at the start is:  03.15.2023  16:48:25
# Using Python executable located at: /n/home07/gthomas/miniconda3/envs/mapping-sims/bin/python3.9
# Using Python version:               3.9.15
#
# The program was called as:          grampa.py -s /n/holylfs05/LABS/informatics/Users/gthomas/spiders/tree/19spec/traditional//traditional.tre -g /n/holylfs05/LABS/informatics/Users/gthomas/spiders/tree/19spec/traditional//loci-rearrange-90.rooted.treefile -o /n/holylfs05/LABS/informatics/Users/gthomas/spiders/grampa//19spec/traditional-bs90-h1-sp/ -h1 CSCUL,LRECL,SMIMO,LHESP,PTEPI,ABRUE,NCLAV,TANTI -c 15 -f traditional-bs90-sp -p 30
#
# -----------------------------------------------------------------------------------------------------------------------------
# INPUT/OUTPUT INFO:
# Species tree file:                    /n/holylfs05/LABS/informatics/Users/gthomas/spiders/tree/19spec/traditional//traditional.tre
# Gene tree file:                       /n/holylfs05/LABS/informatics/Users/gthomas/spiders/tree/19spec/traditional//loci-rearrange-90.rooted.treefile
# Output directory:                     /n/holylfs05/LABS/informatics/Users/gthomas/spiders/grampa//19spec/traditional-bs90-h1-sp/
# Score file:                           /n/holylfs05/LABS/informatics/Users/gthomas/spiders/grampa//19spec/traditional-bs90-h1-sp/traditional-bs90-sp-scores.txt
# Filtered gene trees:                  /n/holylfs05/LABS/informatics/Users/gthomas/spiders/grampa//19spec/traditional-bs90-h1-sp/traditional-bs90-sp-trees-filtered.txt
# Check nums file:                      /n/holylfs05/LABS/informatics/Users/gthomas/spiders/grampa//19spec/traditional-bs90-h1-sp/traditional-bs90-sp-checknums.txt
# Detailed mapping file:                /n/holylfs05/LABS/informatics/Users/gthomas/spiders/grampa//19spec/traditional-bs90-h1-sp/traditional-bs90-sp-detailed.txt
# Duplication count file:               /n/holylfs05/LABS/informatics/Users/gthomas/spiders/grampa//19spec/traditional-bs90-h1-sp/traditional-bs90-sp-dup-counts.txt
# -----------------------------------------------------------------------------------------------------------------------------
# OPTIONS INFO:
# Option                                Current setting               Current action
# -h1                                   CSCUL,LRECL,SMIMO,LHESP,PTEPI,ABRUE,NCLAV,TANTIGRAMPA will search these H1 nodes. If none are specified, all nodes will be searched as H1 nodes.
# -h2                                   All                           GRAMPA will search these H2 nodes. If none are specified, all nodes will be searched as H2 nodes.
# -c                                    15                            Gene trees with more than this number of groups/clades with polyploid species for a given h1/h2 combination will be skipped.
# -f                                    traditional-bs90-sp           All output files generated will have this string preprended to them.
# -p                                    30                            GRAMPA will use this number of processes for LCA mapping.
# -v                                    3                             Controls the amount of info printed to the screen as GRAMPA is running.
# --multree                             False                         The tree input with -s will be read as singly-labeled tree.
# --checknums                           False                         GRAMPA will count groups to filter gene trees and then perform reconciliations.
# --no-st, --st-only                    default                       GRAMPA will perform reconciliations to all MUL-trees specified by -h1 and -h2 and the input species tree.
# --maps                                False                         GRAMPA will only output duplication and loss counts in the detailed output file.
# -------------------------------------------------------------------------------------------------------------------------------------------------------------------------------
# Date        Time      Current step                                      Status                                  Elapsed time (s)    Step time (s)   Current mem (MB)  Virtual mem (MB)
# -------------------------------------------------------------------------------------------------------------------------------------------------------------------------------
# 03.15.2023  16:48:25  Reading species tree                              Success: species tree read              0.6288              0.01873         12.29688          332.17969 
# 03.15.2023  16:48:25  Parsing hybrid clades                             Success: got H nodes                    0.63049             0.00067         12.29688          332.31641 
# 03.15.2023  16:48:25  Counting MUL-trees to be generated                Success: 23 total MUL-trees             0.63141             9e-05           12.29688          332.31641 
# 03.15.2023  16:48:25  Building MUL-trees                                Success: 23 MUL-trees built             0.65956             0.02737         12.64844          332.81641 
# 03.15.2023  16:48:26  Reading gene trees                                Success: 6368 gene trees read           1.78503             1.12466         76.5              388.91797 
# 03.15.2023  16:48:48  Collapsing gene tree groupings                    Success                                 23.51211            21.72531        76.96875          392.94141 
# 03.15.2023  16:48:50  Filtering gene trees over group cap               Success: 1 gts over cap                 25.34392            1.82475         95.52344          407.89844 
# WARNING: Gene tree on line 2191 is over the group cap in 6 MTs and will be filtered.
# 03.15.2023  16:48:50  INFO: Filtered gene trees: 1
# 03.15.2023  16:48:50  INFO: Final gene tree count for reconciliations: 6367
# 03.15.2023  16:48:50  Writing filtered gene trees to file               Success: 6367 gene trees written        25.36621            0.01332         89.02344          401.39844 
# ----------------------------------------
# 03.15.2023  16:51:56  Reconciliation                                    Success                                 211.13769           185.76953       88.77734          401.14844 
# 03.15.2023  17:01:58  Getting maps for lowest scoring MTs               Success                                 813.73626           602.54314       376.87109         682.80469 
# 03.15.2023  17:01:58  Writing detailed output file                      Success                                 813.75942           0.01786         376.94922         686.89844 
# 03.15.2023  17:01:58  Writing main output file                          Success                                 813.94536           0.18519         376.95703         690.89844 
# ===============================================================================================================================================================================
#
# Done!
# The date and time at the end is: 03.15.2023  17:01:58
# Total execution time:            814.086 seconds.
# Output directory for this run:   /n/holylfs05/LABS/informatics/Users/gthomas/spiders/grampa//19spec/traditional-bs90-h1-sp/
# Log file for this run:           /n/holylfs05/LABS/informatics/Users/gthomas/spiders/grampa//19spec/traditional-bs90-h1-sp/traditional-bs90-sp.log

# GRAMPA finished with 2 WARNINGS -- check log file for more info
# ----------------------------------------
# The tree with the minimum parsimony score is the singly-labled tree (ST):	((((((((((NCLAV,TANTI),ABRUE),(PTEPI,LHESP)),SMIMO),LRECL),CSCUL),((MOCCI,VDEST),(ISCAP,HLONG))),(TURTI,SSCAB)),(LPOLY,(CROTU,TGIGA))),(DMELA,BMORI))
# Score = 69148
# ----------------------------------------
# ===============================================================================================================================================================================
#
