# Warning! With -c set to 15 or higher, some gene trees may take a very long time to reconcile!

#
# =========================================================================
# Welcome to GRAMPA -- Gene tree reconciliations with MUL-trees.
# Version 1.4.0 released on March 2023
# GRAMPA was developed by Gregg Thomas, S. Hussain Ather, Matthew Hahn
# Citation:      https://doi.org/10.1093/sysbio/syx044
# Website:       https://gwct.github.io/grampa/
# Report issues: https://github.com/gwct/grampa
#
# The date and time at the start is:  05.30.2024  08:38:55
# Using Python executable located at: /n/home07/gthomas/miniconda3/bin/python3.9
# Using Python version:               3.9.15
#
# The program was called as:          grampa.py -s /n/holylfs05/LABS/informatics/Users/gthomas/spiders/tree/19spec/traditional//traditional.tre -g /n/holylfs05/LABS/informatics/Users/gthomas/spiders/tree/19spec/traditional//loci-rearrange-0.rooted.treefile -o /n/holylfs05/LABS/informatics/Users/gthomas/spiders/grampa//19spec/traditional-bs0-h1-hcsp/ -h1 CROTU,TGIGA,LPOLY CSCUL,LRECL,SMIMO,LHESP,PTEPI,ABRUE,NCLAV,TANTI -c 15 -f traditional-bs0-hcsp -p 30
#
# -----------------------------------------------------------------------------------------------------------------------------
# INPUT/OUTPUT INFO:
# Species tree file:                    /n/holylfs05/LABS/informatics/Users/gthomas/spiders/tree/19spec/traditional//traditional.tre
# Gene tree file:                       /n/holylfs05/LABS/informatics/Users/gthomas/spiders/tree/19spec/traditional//loci-rearrange-0.rooted.treefile
# Output directory:                     /n/holylfs05/LABS/informatics/Users/gthomas/spiders/grampa//19spec/traditional-bs0-h1-hcsp/
# Score file:                           /n/holylfs05/LABS/informatics/Users/gthomas/spiders/grampa//19spec/traditional-bs0-h1-hcsp/traditional-bs0-hcsp-scores.txt
# Filtered gene trees:                  /n/holylfs05/LABS/informatics/Users/gthomas/spiders/grampa//19spec/traditional-bs0-h1-hcsp/traditional-bs0-hcsp-trees-filtered.txt
# Check nums file:                      /n/holylfs05/LABS/informatics/Users/gthomas/spiders/grampa//19spec/traditional-bs0-h1-hcsp/traditional-bs0-hcsp-checknums.txt
# Detailed mapping file:                /n/holylfs05/LABS/informatics/Users/gthomas/spiders/grampa//19spec/traditional-bs0-h1-hcsp/traditional-bs0-hcsp-detailed.txt
# Duplication count file:               /n/holylfs05/LABS/informatics/Users/gthomas/spiders/grampa//19spec/traditional-bs0-h1-hcsp/traditional-bs0-hcsp-dup-counts.txt
# -----------------------------------------------------------------------------------------------------------------------------
# OPTIONS INFO:
# Option                                Current setting               Current action
# -h1                                   CROTU,TGIGA,LPOLY CSCUL,LRECL,SMIMO,LHESP,PTEPI,ABRUE,NCLAV,TANTIGRAMPA will search these H1 nodes. If none are specified, all nodes will be searched as H1 nodes.
# -h2                                   All                           GRAMPA will search these H2 nodes. If none are specified, all nodes will be searched as H2 nodes.
# -c                                    15                            Gene trees with more than this number of groups/clades with polyploid species for a given h1/h2 combination will be skipped.
# -f                                    traditional-bs0-hcsp          All output files generated will have this string preprended to them.
# -p                                    30                            GRAMPA will use this number of processes for LCA mapping.
# -v                                    3                             Controls the amount of info printed to the screen as GRAMPA is running.
# --multree                             False                         The tree input with -s will be read as singly-labeled tree.
# --checknums                           False                         GRAMPA will count groups to filter gene trees and then perform reconciliations.
# --no-st, --st-only                    default                       GRAMPA will perform reconciliations to all MUL-trees specified by -h1 and -h2 and the input species tree.
# --maps                                False                         GRAMPA will only output duplication and loss counts in the detailed output file.
# ------------------------------------------------------------------------------------------------------------------------------------------------------
# Date        Time      Current step                                      Status                                  Elapsed time (s)    Step time (s)   
# ------------------------------------------------------------------------------------------------------------------------------------------------------
# 05.30.2024  08:38:55  Reading species tree                              Success: species tree read              0.33435             0.02856         
# 05.30.2024  08:38:55  Parsing hybrid clades                             Success: got H nodes                    0.33661             0.00062         
# 05.30.2024  08:38:55  Counting MUL-trees to be generated                Success: 56 total MUL-trees             0.33761             9e-05           
# 05.30.2024  08:38:55  Building MUL-trees                                Success: 56 MUL-trees built             0.37535             0.03684         
# 05.30.2024  08:38:56  Reading gene trees                                Success: 6368 gene trees read           1.05766             0.68087         
# 05.30.2024  08:39:23  Collapsing gene tree groupings                    Success                                 28.19207            27.13265        
# 05.30.2024  08:39:26  Filtering gene trees over group cap               Success: 6 gts over cap                 30.96012            2.76609         
# WARNING: Gene tree on line 595 is over the group cap in 7 MTs and will be filtered.
# WARNING: Gene tree on line 1171 is over the group cap in 33 MTs and will be filtered.
# WARNING: Gene tree on line 1532 is over the group cap in 33 MTs and will be filtered.
# WARNING: Gene tree on line 2389 is over the group cap in 22 MTs and will be filtered.
# WARNING: Gene tree on line 2556 is over the group cap in 23 MTs and will be filtered.
# WARNING: Gene tree on line 2191 is over the group cap in 39 MTs and will be filtered.
# 05.30.2024  08:39:26  INFO: Filtered gene trees: 6
# 05.30.2024  08:39:26  INFO: Final gene tree count for reconciliations: 6362
# 05.30.2024  08:39:26  Writing filtered gene trees to file               Success: 6362 gene trees written        30.97972            0.00911         
# ----------------------------------------
# 05.30.2024  09:10:16  Reconciliation                                    Success                                 1881.52069          1850.53875      
# 05.30.2024  10:15:24  Getting maps for lowest scoring MTs               Success                                 5789.70097          3908.17209      
# 05.30.2024  10:15:24  Writing detailed output file                      Success                                 5789.72597          0.02018         
# 05.30.2024  10:15:25  Writing main output file                          Success                                 5789.91184          0.18469         
# ===============================================================================================================================================================================
#
# Done!
# The date and time at the end is: 05.30.2024  10:15:25
# Total execution time:            5790.014 seconds.
# Output directory for this run:   /n/holylfs05/LABS/informatics/Users/gthomas/spiders/grampa//19spec/traditional-bs0-h1-hcsp/
# Log file for this run:           /n/holylfs05/LABS/informatics/Users/gthomas/spiders/grampa//19spec/traditional-bs0-h1-hcsp/traditional-bs0-hcsp.log

# GRAMPA finished with 7 WARNINGS -- check log file for more info
# ----------------------------------------
# The MUL-tree with the minimum parsimony score is MT-53:	((((((((((NCLAV+,TANTI+)<1>,ABRUE+)<2>,(PTEPI+,LHESP+)<3>)<4>,SMIMO+)<5>,LRECL+)<6>,CSCUL+)<7>,((MOCCI,VDEST)<8>,(ISCAP,HLONG)<9>)<10>)<11>,(TURTI,SSCAB)<12>)<13>,((LPOLY,(CROTU,TGIGA)<14>)<15>,((((((NCLAV*,TANTI*)<16>,ABRUE*)<17>,(PTEPI*,LHESP*)<18>)<19>,SMIMO*)<20>,LRECL*)<21>,CSCUL*)<22>)<23>)<24>,(DMELA,BMORI)<25>)<26>
# Score = 141864
# ----------------------------------------
# ===============================================================================================================================================================================
#
