# Warning! With -c set to 15 or higher, some gene trees may take a very long time to reconcile!

#
# =========================================================================
# Welcome to GRAMPA -- Gene tree reconciliations with MUL-trees.
# Version 1.4.0 released on March 2023
# GRAMPA was developed by Gregg Thomas, S. Hussain Ather, Matthew Hahn
# Citation:      https://doi.org/10.1093/sysbio/syx044
# Website:       https://gwct.github.io/grampa/
# Report issues: https://github.com/gwct/grampa
#
# The date and time at the start is:  03.15.2023  14:47:27
# Using Python executable located at: /n/home07/gthomas/miniconda3/envs/mapping-sims/bin/python3.9
# Using Python version:               3.9.15
#
# The program was called as:          grampa.py -s /n/holylfs05/LABS/informatics/Users/gthomas/spiders/tree/19spec/traditional//traditional.tre -g /n/holylfs05/LABS/informatics/Users/gthomas/spiders/tree/19spec/traditional//loci-rearrange-90.rooted.treefile -o /n/holylfs05/LABS/informatics/Users/gthomas/spiders/grampa//19spec/traditional-bs90-h1-hc/ -h1 CROTU,TGIGA,LPOLY -c 15 -f traditional-bs90-hc -p 30
#
# -----------------------------------------------------------------------------------------------------------------------------
# INPUT/OUTPUT INFO:
# Species tree file:                    /n/holylfs05/LABS/informatics/Users/gthomas/spiders/tree/19spec/traditional//traditional.tre
# Gene tree file:                       /n/holylfs05/LABS/informatics/Users/gthomas/spiders/tree/19spec/traditional//loci-rearrange-90.rooted.treefile
# Output directory:                     /n/holylfs05/LABS/informatics/Users/gthomas/spiders/grampa//19spec/traditional-bs90-h1-hc/
# Score file:                           /n/holylfs05/LABS/informatics/Users/gthomas/spiders/grampa//19spec/traditional-bs90-h1-hc/traditional-bs90-hc-scores.txt
# Filtered gene trees:                  /n/holylfs05/LABS/informatics/Users/gthomas/spiders/grampa//19spec/traditional-bs90-h1-hc/traditional-bs90-hc-trees-filtered.txt
# Check nums file:                      /n/holylfs05/LABS/informatics/Users/gthomas/spiders/grampa//19spec/traditional-bs90-h1-hc/traditional-bs90-hc-checknums.txt
# Detailed mapping file:                /n/holylfs05/LABS/informatics/Users/gthomas/spiders/grampa//19spec/traditional-bs90-h1-hc/traditional-bs90-hc-detailed.txt
# Duplication count file:               /n/holylfs05/LABS/informatics/Users/gthomas/spiders/grampa//19spec/traditional-bs90-h1-hc/traditional-bs90-hc-dup-counts.txt
# -----------------------------------------------------------------------------------------------------------------------------
# OPTIONS INFO:
# Option                                Current setting               Current action
# -h1                                   CROTU,TGIGA,LPOLY             GRAMPA will search these H1 nodes. If none are specified, all nodes will be searched as H1 nodes.
# -h2                                   All                           GRAMPA will search these H2 nodes. If none are specified, all nodes will be searched as H2 nodes.
# -c                                    15                            Gene trees with more than this number of groups/clades with polyploid species for a given h1/h2 combination will be skipped.
# -f                                    traditional-bs90-hc           All output files generated will have this string preprended to them.
# -p                                    30                            GRAMPA will use this number of processes for LCA mapping.
# -v                                    3                             Controls the amount of info printed to the screen as GRAMPA is running.
# --multree                             False                         The tree input with -s will be read as singly-labeled tree.
# --checknums                           False                         GRAMPA will count groups to filter gene trees and then perform reconciliations.
# --no-st, --st-only                    default                       GRAMPA will perform reconciliations to all MUL-trees specified by -h1 and -h2 and the input species tree.
# --maps                                False                         GRAMPA will only output duplication and loss counts in the detailed output file.
# -------------------------------------------------------------------------------------------------------------------------------------------------------------------------------
# Date        Time      Current step                                      Status                                  Elapsed time (s)    Step time (s)   Current mem (MB)  Virtual mem (MB)
# -------------------------------------------------------------------------------------------------------------------------------------------------------------------------------
# 03.15.2023  14:47:27  Reading species tree                              Success: species tree read              0.53978             0.02057         12.27344          332.17969 
# 03.15.2023  14:47:27  Parsing hybrid clades                             Success: got H nodes                    0.5412              0.00065         12.27344          332.3125  
# 03.15.2023  14:47:27  Counting MUL-trees to be generated                Success: 33 total MUL-trees             0.54201             6e-05           12.27344          332.3125  
# 03.15.2023  14:47:27  Building MUL-trees                                Success: 33 MUL-trees built             0.57056             0.02788         12.61719          332.8125  
# 03.15.2023  14:47:28  Reading gene trees                                Success: 6368 gene trees read           1.67303             1.10159         76.44531          389.1875  
# 03.15.2023  14:47:56  Collapsing gene tree groupings                    Success                                 29.30449            27.62972        77.01953          393.21484 
# 03.15.2023  14:47:58  Filtering gene trees over group cap               Success: 2 gts over cap                 31.45526            2.14417         92.97266          405.96484 
# WARNING: Gene tree on line 1532 is over the group cap in 33 MTs and will be filtered.
# WARNING: Gene tree on line 2191 is over the group cap in 33 MTs and will be filtered.
# 03.15.2023  14:47:58  INFO: Filtered gene trees: 2
# 03.15.2023  14:47:58  INFO: Final gene tree count for reconciliations: 6366
# 03.15.2023  14:47:58  Writing filtered gene trees to file               Success: 6366 gene trees written        31.4764             0.01293         87.47266          400.46484 
# ----------------------------------------
# 03.15.2023  15:22:19  Reconciliation                                    Success                                 2092.20856          2060.73024      88.94531          399.96484 
# 03.15.2023  16:48:23  Getting maps for lowest scoring MTs               Success                                 7256.34297          5164.06577      413.79688         721.77344 
# 03.15.2023  16:48:23  Writing detailed output file                      Success                                 7256.37756          0.02115         413.87109         725.88672 
# 03.15.2023  16:48:23  Writing main output file                          Success                                 7256.60739          0.22859         413.87891         729.88672 
# ===============================================================================================================================================================================
#
# Done!
# The date and time at the end is: 03.15.2023  16:48:23
# Total execution time:            7256.779 seconds.
# Output directory for this run:   /n/holylfs05/LABS/informatics/Users/gthomas/spiders/grampa//19spec/traditional-bs90-h1-hc/
# Log file for this run:           /n/holylfs05/LABS/informatics/Users/gthomas/spiders/grampa//19spec/traditional-bs90-h1-hc/traditional-bs90-hc.log

# GRAMPA finished with 3 WARNINGS -- check log file for more info
# ----------------------------------------
# The tree with the minimum parsimony score is the singly-labled tree (ST):	((((((((((NCLAV,TANTI),ABRUE),(PTEPI,LHESP)),SMIMO),LRECL),CSCUL),((MOCCI,VDEST),(ISCAP,HLONG))),(TURTI,SSCAB)),(LPOLY,(CROTU,TGIGA))),(DMELA,BMORI))
# Score = 69064
# ----------------------------------------
# ===============================================================================================================================================================================
#
