# Warning! With -c set to 15 or higher, some gene trees may take a very long time to reconcile!

#
# =========================================================================
# Welcome to GRAMPA -- Gene tree reconciliations with MUL-trees.
# Version 1.4.0 released on March 2023
# GRAMPA was developed by Gregg Thomas, S. Hussain Ather, Matthew Hahn
# Citation:      https://doi.org/10.1093/sysbio/syx044
# Website:       https://gwct.github.io/grampa/
# Report issues: https://github.com/gwct/grampa
#
# The date and time at the start is:  05.30.2024  05:00:54
# Using Python executable located at: /n/home07/gthomas/miniconda3/bin/python3.9
# Using Python version:               3.9.15
#
# The program was called as:          grampa.py -s /n/holylfs05/LABS/informatics/Users/gthomas/spiders/tree/19spec/traditional//traditional.tre -g /n/holylfs05/LABS/informatics/Users/gthomas/spiders/tree/19spec/traditional//loci-rearrange-0.rooted.treefile -o /n/holylfs05/LABS/informatics/Users/gthomas/spiders/grampa//19spec/traditional-bs0-h1-hc/ -h1 CROTU,TGIGA,LPOLY -c 15 -f traditional-bs0-hc -p 30
#
# -----------------------------------------------------------------------------------------------------------------------------
# INPUT/OUTPUT INFO:
# Species tree file:                    /n/holylfs05/LABS/informatics/Users/gthomas/spiders/tree/19spec/traditional//traditional.tre
# Gene tree file:                       /n/holylfs05/LABS/informatics/Users/gthomas/spiders/tree/19spec/traditional//loci-rearrange-0.rooted.treefile
# Output directory:                     /n/holylfs05/LABS/informatics/Users/gthomas/spiders/grampa//19spec/traditional-bs0-h1-hc/
# Score file:                           /n/holylfs05/LABS/informatics/Users/gthomas/spiders/grampa//19spec/traditional-bs0-h1-hc/traditional-bs0-hc-scores.txt
# Filtered gene trees:                  /n/holylfs05/LABS/informatics/Users/gthomas/spiders/grampa//19spec/traditional-bs0-h1-hc/traditional-bs0-hc-trees-filtered.txt
# Check nums file:                      /n/holylfs05/LABS/informatics/Users/gthomas/spiders/grampa//19spec/traditional-bs0-h1-hc/traditional-bs0-hc-checknums.txt
# Detailed mapping file:                /n/holylfs05/LABS/informatics/Users/gthomas/spiders/grampa//19spec/traditional-bs0-h1-hc/traditional-bs0-hc-detailed.txt
# Duplication count file:               /n/holylfs05/LABS/informatics/Users/gthomas/spiders/grampa//19spec/traditional-bs0-h1-hc/traditional-bs0-hc-dup-counts.txt
# -----------------------------------------------------------------------------------------------------------------------------
# OPTIONS INFO:
# Option                                Current setting               Current action
# -h1                                   CROTU,TGIGA,LPOLY             GRAMPA will search these H1 nodes. If none are specified, all nodes will be searched as H1 nodes.
# -h2                                   All                           GRAMPA will search these H2 nodes. If none are specified, all nodes will be searched as H2 nodes.
# -c                                    15                            Gene trees with more than this number of groups/clades with polyploid species for a given h1/h2 combination will be skipped.
# -f                                    traditional-bs0-hc            All output files generated will have this string preprended to them.
# -p                                    30                            GRAMPA will use this number of processes for LCA mapping.
# -v                                    3                             Controls the amount of info printed to the screen as GRAMPA is running.
# --multree                             False                         The tree input with -s will be read as singly-labeled tree.
# --checknums                           False                         GRAMPA will count groups to filter gene trees and then perform reconciliations.
# --no-st, --st-only                    default                       GRAMPA will perform reconciliations to all MUL-trees specified by -h1 and -h2 and the input species tree.
# --maps                                False                         GRAMPA will only output duplication and loss counts in the detailed output file.
# ------------------------------------------------------------------------------------------------------------------------------------------------------
# Date        Time      Current step                                      Status                                  Elapsed time (s)    Step time (s)   
# ------------------------------------------------------------------------------------------------------------------------------------------------------
# 05.30.2024  05:00:54  Reading species tree                              Success: species tree read              0.33957             0.00435         
# 05.30.2024  05:00:54  Parsing hybrid clades                             Success: got H nodes                    0.34115             0.00046         
# 05.30.2024  05:00:54  Counting MUL-trees to be generated                Success: 33 total MUL-trees             0.34198             5e-05           
# 05.30.2024  05:00:54  Building MUL-trees                                Success: 33 MUL-trees built             0.36066             0.01804         
# 05.30.2024  05:00:55  Reading gene trees                                Success: 6368 gene trees read           0.89387             0.53205         
# 05.30.2024  05:01:14  Collapsing gene tree groupings                    Success                                 20.34991            19.45448        
# 05.30.2024  05:01:16  Filtering gene trees over group cap               Success: 3 gts over cap                 21.78898            1.43682         
# WARNING: Gene tree on line 1171 is over the group cap in 33 MTs and will be filtered.
# WARNING: Gene tree on line 1532 is over the group cap in 33 MTs and will be filtered.
# WARNING: Gene tree on line 2191 is over the group cap in 33 MTs and will be filtered.
# 05.30.2024  05:01:16  INFO: Filtered gene trees: 3
# 05.30.2024  05:01:16  INFO: Final gene tree count for reconciliations: 6365
# 05.30.2024  05:01:16  Writing filtered gene trees to file               Success: 6365 gene trees written        21.80515            0.00894         
# ----------------------------------------
# 05.30.2024  05:24:32  Reconciliation                                    Success                                 1418.29919          1396.49195      
# 05.30.2024  06:34:21  Getting maps for lowest scoring MTs               Success                                 5606.62393          4188.31092      
# 05.30.2024  06:34:21  Writing detailed output file                      Success                                 5606.65318          0.01577         
# 05.30.2024  06:34:21  Writing main output file                          Success                                 5606.83978          0.18551         
# ===============================================================================================================================================================================
#
# Done!
# The date and time at the end is: 05.30.2024  06:34:21
# Total execution time:            5606.943 seconds.
# Output directory for this run:   /n/holylfs05/LABS/informatics/Users/gthomas/spiders/grampa//19spec/traditional-bs0-h1-hc/
# Log file for this run:           /n/holylfs05/LABS/informatics/Users/gthomas/spiders/grampa//19spec/traditional-bs0-h1-hc/traditional-bs0-hc.log

# GRAMPA finished with 4 WARNINGS -- check log file for more info
# ----------------------------------------
# The MUL-tree with the minimum parsimony score is MT-7:	((((((((((NCLAV,TANTI)<1>,ABRUE)<2>,(PTEPI,LHESP)<3>)<4>,SMIMO)<5>,(LRECL,(LPOLY*,(CROTU*,TGIGA*)<6>)<7>)<8>)<9>,CSCUL)<10>,((MOCCI,VDEST)<11>,(ISCAP,HLONG)<12>)<13>)<14>,(TURTI,SSCAB)<15>)<16>,(LPOLY+,(CROTU+,TGIGA+)<17>)<18>)<19>,(DMELA,BMORI)<20>)<21>
# Score = 143711
# ----------------------------------------
# ===============================================================================================================================================================================
#
