# Get sequences
# PYTHON VERSION: 3.9.6
# Script call:    get_orths.py
# Runtime:        11/21/2021 19:34:00
# ----------------
# Ortholog file:    /n/holylfs05/LABS/informatics/Users/gthomas/spiders/fastortho/spider-fastortho-i3.out
# Peptide dir:      /n/holylfs05/LABS/informatics/Users/gthomas/spiders/isofilter/
# CDS dir:          /n/holylfs05/LABS/informatics/Users/gthomas/spiders/genomes/
# Output dir:       /n/holylfs05/LABS/informatics/Users/gthomas/spiders/seq/
# Log file:         get-orths-11.21.2021-07.34.00.log
# ----------------
# 11.21.2021 | 19:34:00 Reading sequences
# 11.21.2021 | 19:34:00 bmori
# 11.21.2021 | 19:34:00    Reading peptides   : /n/holylfs05/LABS/informatics/Users/gthomas/spiders/isofilter/bmori/bmori-longest-isoforms.fa
# 11.21.2021 | 19:34:01    Success            : 14623 seqs read
# 11.21.2021 | 19:34:01    Reading CDS        : /n/holylfs05/LABS/informatics/Users/gthomas/spiders/genomes/bmori/Bombyx_mori.ASM15162v1.cds.all.fa.gz
# 11.21.2021 | 19:34:02    Success            : 14623 seqs read
# 11.21.2021 | 19:34:02    Reading annotations: /n/holylfs05/LABS/informatics/Users/gthomas/spiders/genomes/bmori/Bombyx_mori.ASM15162v1.51.gff3.gz
# 11.21.2021 | 19:34:09    Success            : 14623 protein IDs read
# 11.21.2021 | 19:34:09 crotu
# 11.21.2021 | 19:34:09    Reading peptides   : /n/holylfs05/LABS/informatics/Users/gthomas/spiders/isofilter/crotu/crotu-longest-isoforms.fa
# 11.21.2021 | 19:34:10    Success            : 28424 seqs read
# 11.21.2021 | 19:34:10    Reading CDS        : /n/holylfs05/LABS/informatics/Users/gthomas/spiders/genomes/crotu/crotu-cds.fa
# 11.21.2021 | 19:34:19    Success            : 31967 seqs read
# 11.21.2021 | 19:34:19    Reading annotations: /n/holylfs05/LABS/informatics/Users/gthomas/spiders/genomes/crotu/C.rotundicauda_hic.gff3.gz
# 11.21.2021 | 19:34:42    Success            : 31967 protein IDs read
# 11.21.2021 | 19:34:42 cscul
# 11.21.2021 | 19:34:42    Reading peptides   : /n/holylfs05/LABS/informatics/Users/gthomas/spiders/isofilter/cscul/cscul-longest-isoforms.fa
# 11.21.2021 | 19:34:43    Success            : 24306 seqs read
# 11.21.2021 | 19:34:43    Reading CDS        : /n/holylfs05/LABS/informatics/Users/gthomas/spiders/genomes/cscul/GCF_000671375.1_Cexi_2.0_cds_from_genomic.fna.gz
# 11.21.2021 | 19:34:46    Success            : 35529 seqs read
# 11.21.2021 | 19:34:46    Reading annotations: /n/holylfs05/LABS/informatics/Users/gthomas/spiders/genomes/cscul/GCF_000671375.1_Cexi_2.0_genomic.gff.gz
# 11.21.2021 | 19:35:06    Success            : 35529 protein IDs read
# 11.21.2021 | 19:35:06 dmela
# 11.21.2021 | 19:35:06    Reading peptides   : /n/holylfs05/LABS/informatics/Users/gthomas/spiders/isofilter/dmela/dmela-longest-isoforms.fa
# 11.21.2021 | 19:35:06    Success            : 13968 seqs read
# 11.21.2021 | 19:35:06    Reading CDS        : /n/holylfs05/LABS/informatics/Users/gthomas/spiders/genomes/dmela/Drosophila_melanogaster.BDGP6.32.cds.all.fa.gz
# 11.21.2021 | 19:35:10    Success            : 30719 seqs read
# 11.21.2021 | 19:35:10    Reading annotations: /n/holylfs05/LABS/informatics/Users/gthomas/spiders/genomes/dmela/Drosophila_melanogaster.BDGP6.32.51.gff3.gz
# 11.21.2021 | 19:35:22    Success            : 30719 protein IDs read
# 11.21.2021 | 19:35:22 iscap
# 11.21.2021 | 19:35:23    Reading peptides   : /n/holylfs05/LABS/informatics/Users/gthomas/spiders/isofilter/iscap/iscap-longest-isoforms.fa
# 11.21.2021 | 19:35:23    Success            : 20488 seqs read
# 11.21.2021 | 19:35:23    Reading CDS        : /n/holylfs05/LABS/informatics/Users/gthomas/spiders/genomes/iscap/Ixodes_scapularis.IscaW1.cds.all.fa.gz
# 11.21.2021 | 19:35:25    Success            : 20488 seqs read
# 11.21.2021 | 19:35:25    Reading annotations: /n/holylfs05/LABS/informatics/Users/gthomas/spiders/genomes/iscap/Ixodes_scapularis.IscaW1.51.gff3.gz
# 11.21.2021 | 19:35:44    Success            : 20488 protein IDs read
# 11.21.2021 | 19:35:44 lhesp
# 11.21.2021 | 19:35:44    Reading peptides   : /n/holylfs05/LABS/informatics/Users/gthomas/spiders/isofilter/lhesp/lhesp-longest-isoforms.fa
# 11.21.2021 | 19:35:44    Success            : 17364 seqs read
# 11.21.2021 | 19:35:44    Reading CDS        : /n/holylfs05/LABS/informatics/Users/gthomas/spiders/genomes/lhesp/LHES.CDS.fna
# 11.21.2021 | 19:35:45    Success            : 17364 seqs read
# 11.21.2021 | 19:35:45    Reading annotations: /n/holylfs05/LABS/informatics/Users/gthomas/spiders/genomes/lhesp/LHES.Models.gff3
# 11.21.2021 | 19:35:49    Success            : 17364 protein IDs read
# 11.21.2021 | 19:35:49 lpoly
# 11.21.2021 | 19:35:49    Reading peptides   : /n/holylfs05/LABS/informatics/Users/gthomas/spiders/isofilter/lpoly/lpoly-longest-isoforms.fa
# 11.21.2021 | 19:35:50    Success            : 22357 seqs read
# 11.21.2021 | 19:35:50    Reading CDS        : /n/holylfs05/LABS/informatics/Users/gthomas/spiders/genomes/lpoly/GCF_000517525.1_Limulus_polyphemus-2.1.2_cds_from_genomic.fna.gz
# 11.21.2021 | 19:35:54    Success            : 38682 seqs read
# 11.21.2021 | 19:35:54    Reading annotations: /n/holylfs05/LABS/informatics/Users/gthomas/spiders/genomes/lpoly/GCF_000517525.1_Limulus_polyphemus-2.1.2_genomic.gff.gz
# 11.21.2021 | 19:36:31    Success            : 38669 protein IDs read
# 11.21.2021 | 19:36:31 lrecl
# 11.21.2021 | 19:36:31    Reading peptides   : /n/holylfs05/LABS/informatics/Users/gthomas/spiders/isofilter/lrecl/lrecl-longest-isoforms.fa
# 11.21.2021 | 19:36:31    Success            : 20617 seqs read
# 11.21.2021 | 19:36:31    Reading CDS        : /n/holylfs05/LABS/informatics/Users/gthomas/spiders/genomes/lrecl/LREC.CDS.fna
# 11.21.2021 | 19:36:32    Success            : 20617 seqs read
# 11.21.2021 | 19:36:32    Reading annotations: /n/holylfs05/LABS/informatics/Users/gthomas/spiders/genomes/lrecl/LREC.Models.gff3
# 11.21.2021 | 19:36:36    Success            : 20617 protein IDs read
# 11.21.2021 | 19:36:36 mocci
# 11.21.2021 | 19:36:36    Reading peptides   : /n/holylfs05/LABS/informatics/Users/gthomas/spiders/isofilter/mocci/mocci-longest-isoforms.fa
# 11.21.2021 | 19:36:36    Success            : 11611 seqs read
# 11.21.2021 | 19:36:36    Reading CDS        : /n/holylfs05/LABS/informatics/Users/gthomas/spiders/genomes/mocci/GCF_000255335.1_Mocc_1.0_cds_from_genomic.fna.gz
# 11.21.2021 | 19:36:37    Success            : 11944 seqs read
# 11.21.2021 | 19:36:37    Reading annotations: /n/holylfs05/LABS/informatics/Users/gthomas/spiders/genomes/mocci/GCF_000255335.1_Mocc_1.0_genomic.gff.gz
# 11.21.2021 | 19:36:43    Success            : 11923 protein IDs read
# 11.21.2021 | 19:36:43 nclav
# 11.21.2021 | 19:36:43    Reading peptides   : /n/holylfs05/LABS/informatics/Users/gthomas/spiders/isofilter/nclav/nclav-longest-isoforms.fa
# 11.21.2021 | 19:36:43    Success            : 22738 seqs read
# 11.21.2021 | 19:36:43    Reading CDS        : /n/holylfs05/LABS/informatics/Users/gthomas/spiders/genomes/nclav/GCA_002102615.1_NepCla1.0_cds_from_genomic.fna.gz
# 11.21.2021 | 19:36:45    Success            : 22738 seqs read
# 11.21.2021 | 19:36:45    Reading annotations: /n/holylfs05/LABS/informatics/Users/gthomas/spiders/genomes/nclav/GCA_002102615.1_NepCla1.0_genomic.gff.gz
# 11.21.2021 | 19:37:00    Success            : 22738 protein IDs read
# 11.21.2021 | 19:37:00 ptepi
# 11.21.2021 | 19:37:00    Reading peptides   : /n/holylfs05/LABS/informatics/Users/gthomas/spiders/isofilter/ptepi/ptepi-longest-isoforms.fa
# 11.21.2021 | 19:37:00    Success            : 19559 seqs read
# 11.21.2021 | 19:37:00    Reading CDS        : /n/holylfs05/LABS/informatics/Users/gthomas/spiders/genomes/ptepi/GCF_000365465.3_Ptep_3.0_cds_from_genomic.fna.gz
# 11.21.2021 | 19:37:03    Success            : 33091 seqs read
# 11.21.2021 | 19:37:03    Reading annotations: /n/holylfs05/LABS/informatics/Users/gthomas/spiders/genomes/ptepi/GCF_000365465.3_Ptep_3.0_genomic.gff.gz
# 11.21.2021 | 19:37:28    Success            : 33091 protein IDs read
# 11.21.2021 | 19:37:28 smimo
# 11.21.2021 | 19:37:29    Reading peptides   : /n/holylfs05/LABS/informatics/Users/gthomas/spiders/isofilter/smimo/smimo-longest-isoforms.fa
# 11.21.2021 | 19:37:29    Success            : 27135 seqs read
# 11.21.2021 | 19:37:29    Reading CDS        : /n/holylfs05/LABS/informatics/Users/gthomas/spiders/genomes/smimo/Stegodyphus_mimosarum.Stegodyphus_mimosarum_v1.cds.all.fa.gz
# 11.21.2021 | 19:37:31    Success            : 27135 seqs read
# 11.21.2021 | 19:37:31    Reading annotations: /n/holylfs05/LABS/informatics/Users/gthomas/spiders/genomes/smimo/Stegodyphus_mimosarum.Stegodyphus_mimosarum_v1.51.gff3.gz
# 11.21.2021 | 19:37:44    Success            : 27135 protein IDs read
# 11.21.2021 | 19:37:44 sscab
# 11.21.2021 | 19:37:44    Reading peptides   : /n/holylfs05/LABS/informatics/Users/gthomas/spiders/isofilter/sscab/sscab-longest-isoforms.fa
# 11.21.2021 | 19:37:44    Success            : 10471 seqs read
# 11.21.2021 | 19:37:44    Reading CDS        : /n/holylfs05/LABS/informatics/Users/gthomas/spiders/genomes/sscab/Sarcoptes_scabiei.SscaA1.cds.all.fa.gz
# 11.21.2021 | 19:37:45    Success            : 10471 seqs read
# 11.21.2021 | 19:37:45    Reading annotations: /n/holylfs05/LABS/informatics/Users/gthomas/spiders/genomes/sscab/Sarcoptes_scabiei.SscaA1.51.sorted.gff3.gz
# 11.21.2021 | 19:37:49    Success            : 10471 protein IDs read
# 11.21.2021 | 19:37:49 tanti
# 11.21.2021 | 19:37:49    Reading peptides   : /n/holylfs05/LABS/informatics/Users/gthomas/spiders/isofilter/tanti/tanti-longest-isoforms.fa
# 11.21.2021 | 19:37:50    Success            : 19001 seqs read
# 11.21.2021 | 19:37:50    Reading CDS        : /n/holylfs05/LABS/informatics/Users/gthomas/spiders/genomes/tanti/genome.cds.fa
# 11.21.2021 | 19:37:53    Success            : 19001 seqs read
# 11.21.2021 | 19:37:53    Reading annotations: /n/holylfs05/LABS/informatics/Users/gthomas/spiders/genomes/tanti/genome.Trichonephila_antipodiana.annotation.gff
# 11.21.2021 | 19:38:11    Success            : 19001 protein IDs read
# 11.21.2021 | 19:38:11 turti
# 11.21.2021 | 19:38:11    Reading peptides   : /n/holylfs05/LABS/informatics/Users/gthomas/spiders/isofilter/turti/turti-longest-isoforms.fa
# 11.21.2021 | 19:38:12    Success            : 17671 seqs read
# 11.21.2021 | 19:38:12    Reading CDS        : /n/holylfs05/LABS/informatics/Users/gthomas/spiders/genomes/turti/Tetranychus_urticae.ASM23943v1.cds.all.fa.gz
# 11.21.2021 | 19:38:14    Success            : 17671 seqs read
# 11.21.2021 | 19:38:14    Reading annotations: /n/holylfs05/LABS/informatics/Users/gthomas/spiders/genomes/turti/Tetranychus_urticae.ASM23943v1.51.gff3.gz
# 11.21.2021 | 19:38:20    Success            : 17671 protein IDs read
# 11.21.2021 | 19:38:20 vdest
# 11.21.2021 | 19:38:20    Reading peptides   : /n/holylfs05/LABS/informatics/Users/gthomas/spiders/isofilter/vdest/vdest-longest-isoforms.fa
# 11.21.2021 | 19:38:20    Success            : 9797 seqs read
# 11.21.2021 | 19:38:20    Reading CDS        : /n/holylfs05/LABS/informatics/Users/gthomas/spiders/genomes/vdest/Varroa_destructor_gca002443255.Vdes_3.0.cds.all.fa.gz
# 11.21.2021 | 19:38:24    Success            : 30219 seqs read
# 11.21.2021 | 19:38:24    Reading annotations: /n/holylfs05/LABS/informatics/Users/gthomas/spiders/genomes/vdest/Varroa_destructor_gca002443255.Vdes_3.0.51.gff3.gz
# 11.21.2021 | 19:38:41    Success            : 30219 protein IDs read
# 11.21.2021 | 19:38:41 Reading orthologs and writing sequences
# 11.21.2021 | 19:39:34 Multiple headers found for transcript ID: NP_001301083.1
# 11.21.2021 | 19:39:34 Species: lpoly
# 11.21.2021 | 19:39:34 Associated protein ID: NP_001301083.1
# 11.21.2021 | 19:39:34 Ortho cluster: ORTHOMCL142
# 11.21.2021 | 19:39:34 Headers: ['lcl|NW_013667270.1_cds_NP_001301083.1_19025', 'lcl|NW_013670627.1_cds_NP_001301083.1_30974']
# 11.21.2021 | 19:39:34 ********** 
# 11.21.2021 | 19:41:30 Multiple headers found for transcript ID: NP_001301086.1
# 11.21.2021 | 19:41:30 Species: lpoly
# 11.21.2021 | 19:41:30 Associated protein ID: NP_001301086.1
# 11.21.2021 | 19:41:30 Ortho cluster: ORTHOMCL754
# 11.21.2021 | 19:41:30 Headers: ['lcl|NW_013666531.1_cds_NP_001301086.1_13396', 'lcl|NW_013666832.1_cds_NP_001301086.1_15951']
# 11.21.2021 | 19:41:30 ********** 
# 11.21.2021 | 19:42:08 Multiple headers found for transcript ID: NP_001310735.1
# 11.21.2021 | 19:42:08 Species: ptepi
# 11.21.2021 | 19:42:08 Associated protein ID: NP_001310735.1
# 11.21.2021 | 19:42:08 Ortho cluster: ORTHOMCL990
# 11.21.2021 | 19:42:08 Headers: ['lcl|NW_024970437.1_cds_NP_001310735.1_22161', 'lcl|NW_024970522.1_cds_NP_001310735.1_23184']
# 11.21.2021 | 19:42:08 ********** 
# 11.21.2021 | 19:45:17 Multiple headers found for transcript ID: NP_001310761.1
# 11.21.2021 | 19:45:17 Species: ptepi
# 11.21.2021 | 19:45:17 Associated protein ID: NP_001310761.1
# 11.21.2021 | 19:45:17 Ortho cluster: ORTHOMCL2210
# 11.21.2021 | 19:45:17 Headers: ['lcl|NW_024969641.1_cds_NP_001310761.1_2696', 'lcl|NW_024995499.1_cds_NP_001310761.1_32908']
# 11.21.2021 | 19:45:17 ********** 
# 11.21.2021 | 19:53:01 Multiple headers found for transcript ID: NP_001301020.1
# 11.21.2021 | 19:53:01 Species: lpoly
# 11.21.2021 | 19:53:01 Associated protein ID: NP_001301020.1
# 11.21.2021 | 19:53:01 Ortho cluster: ORTHOMCL5658
# 11.21.2021 | 19:53:01 Headers: ['lcl|NW_013665871.1_cds_NP_001301020.1_5808', 'lcl|NW_013667309.1_cds_NP_001301020.1_19246']
# 11.21.2021 | 19:53:01 ********** 
# 11.21.2021 | 20:01:30 Multiple headers found for transcript ID: NP_001301080.1
# 11.21.2021 | 20:01:30 Species: lpoly
# 11.21.2021 | 20:01:30 Associated protein ID: NP_001301080.1
# 11.21.2021 | 20:01:30 Ortho cluster: ORTHOMCL10572
# 11.21.2021 | 20:01:30 Headers: ['lcl|NW_013665613.1_cds_NP_001301080.1_273', 'lcl|NW_013668564.1_cds_NP_001301080.1_25261']
# 11.21.2021 | 20:01:30 ********** 
# 11.21.2021 | 20:21:33 Multiple headers found for transcript ID: NP_001301009.1
# 11.21.2021 | 20:21:33 Species: lpoly
# 11.21.2021 | 20:21:33 Associated protein ID: NP_001301009.1
# 11.21.2021 | 20:21:33 Ortho cluster: ORTHOMCL26274
# 11.21.2021 | 20:21:33 Headers: ['lcl|NW_013691029.1_cds_NP_001301009.1_38263', 'lcl|NW_013691633.1_cds_NP_001301009.1_38266']
# 11.21.2021 | 20:21:33 ********** 
# 11.21.2021 | 20:23:10 Multiple headers found for transcript ID: NP_001301044.1
# 11.21.2021 | 20:23:10 Species: lpoly
# 11.21.2021 | 20:23:10 Associated protein ID: NP_001301044.1
# 11.21.2021 | 20:23:10 Ortho cluster: ORTHOMCL27607
# 11.21.2021 | 20:23:10 Headers: ['lcl|NW_013677689.1_cds_NP_001301044.1_37439', 'lcl|NW_013677885.1_cds_NP_001301044.1_37496']
# 11.21.2021 | 20:23:10 ********** 
# 11.21.2021 | 20:39:23 Done!
# 11.21.2021 | 20:39:23 Total sequences written: 235640
# 11.21.2021 | 20:39:23 8 clusters didn't have the correct number of sequences written:
# 11.21.2021 | 20:39:23	ORTHOMCL142: 36/37
# 11.21.2021 | 20:39:23	ORTHOMCL754: 22/23
# 11.21.2021 | 20:39:23	ORTHOMCL990: 20/21
# 11.21.2021 | 20:39:23	ORTHOMCL2210: 16/17
# 11.21.2021 | 20:39:23	ORTHOMCL5658: 12/13
# 11.21.2021 | 20:39:23	ORTHOMCL10572: 5/6
# 11.21.2021 | 20:39:23	ORTHOMCL26274: 1/2
# 11.21.2021 | 20:39:23	ORTHOMCL27607: 1/2
# 11.21.2021 | 20:39:23 8 sequences had multiple headers. See above.
