# Warning! With -c set to 15 or higher, some gene trees may take a very long time to reconcile!

#
# =========================================================================
# Welcome to GRAMPA -- Gene tree reconciliations with MUL-trees.
# Version 1.4.0 released on March 2023
# GRAMPA was developed by Gregg Thomas, S. Hussain Ather, Matthew Hahn
# Citation:      https://doi.org/10.1093/sysbio/syx044
# Website:       https://gwct.github.io/grampa/
# Report issues: https://github.com/gwct/grampa
#
# The date and time at the start is:  05.29.2024  11:49:49
# Using Python executable located at: /n/home07/gthomas/miniconda3/bin/python3.9
# Using Python version:               3.9.15
#
# The program was called as:          grampa.py -s /n/holylfs05/LABS/informatics/Users/gthomas/spiders/tree/19spec/astral-pro-tree//chelicerate-19spec-astral-pro.rooted.tre -g /n/holylfs05/LABS/informatics/Users/gthomas/spiders/tree/19spec/astral-pro-tree//loci-rearrange-0.rooted.treefile -o /n/holylfs05/LABS/informatics/Users/gthomas/spiders/grampa//19spec/astral-pro-bs0-h1-hc/ -h1 CROTU,TGIGA,LPOLY -c 15 -f astral-pro-bs0-hc -p 30
#
# -----------------------------------------------------------------------------------------------------------------------------
# INPUT/OUTPUT INFO:
# Species tree file:                    /n/holylfs05/LABS/informatics/Users/gthomas/spiders/tree/19spec/astral-pro-tree//chelicerate-19spec-astral-pro.rooted.tre
# Gene tree file:                       /n/holylfs05/LABS/informatics/Users/gthomas/spiders/tree/19spec/astral-pro-tree//loci-rearrange-0.rooted.treefile
# Output directory:                     /n/holylfs05/LABS/informatics/Users/gthomas/spiders/grampa//19spec/astral-pro-bs0-h1-hc/
# Score file:                           /n/holylfs05/LABS/informatics/Users/gthomas/spiders/grampa//19spec/astral-pro-bs0-h1-hc/astral-pro-bs0-hc-scores.txt
# Filtered gene trees:                  /n/holylfs05/LABS/informatics/Users/gthomas/spiders/grampa//19spec/astral-pro-bs0-h1-hc/astral-pro-bs0-hc-trees-filtered.txt
# Check nums file:                      /n/holylfs05/LABS/informatics/Users/gthomas/spiders/grampa//19spec/astral-pro-bs0-h1-hc/astral-pro-bs0-hc-checknums.txt
# Detailed mapping file:                /n/holylfs05/LABS/informatics/Users/gthomas/spiders/grampa//19spec/astral-pro-bs0-h1-hc/astral-pro-bs0-hc-detailed.txt
# Duplication count file:               /n/holylfs05/LABS/informatics/Users/gthomas/spiders/grampa//19spec/astral-pro-bs0-h1-hc/astral-pro-bs0-hc-dup-counts.txt
# -----------------------------------------------------------------------------------------------------------------------------
# OPTIONS INFO:
# Option                                Current setting               Current action
# -h1                                   CROTU,TGIGA,LPOLY             GRAMPA will search these H1 nodes. If none are specified, all nodes will be searched as H1 nodes.
# -h2                                   All                           GRAMPA will search these H2 nodes. If none are specified, all nodes will be searched as H2 nodes.
# -c                                    15                            Gene trees with more than this number of groups/clades with polyploid species for a given h1/h2 combination will be skipped.
# -f                                    astral-pro-bs0-hc             All output files generated will have this string preprended to them.
# -p                                    30                            GRAMPA will use this number of processes for LCA mapping.
# -v                                    3                             Controls the amount of info printed to the screen as GRAMPA is running.
# --multree                             False                         The tree input with -s will be read as singly-labeled tree.
# --checknums                           False                         GRAMPA will count groups to filter gene trees and then perform reconciliations.
# --no-st, --st-only                    default                       GRAMPA will perform reconciliations to all MUL-trees specified by -h1 and -h2 and the input species tree.
# --maps                                False                         GRAMPA will only output duplication and loss counts in the detailed output file.
# ------------------------------------------------------------------------------------------------------------------------------------------------------
# Date        Time      Current step                                      Status                                  Elapsed time (s)    Step time (s)   
# ------------------------------------------------------------------------------------------------------------------------------------------------------
# 05.29.2024  11:49:50  Reading species tree                              Success: species tree read              0.30089             0.00825         
# 05.29.2024  11:49:50  Parsing hybrid clades                             Success: got H nodes                    0.30222             0.00045         
# 05.29.2024  11:49:50  Counting MUL-trees to be generated                Success: 33 total MUL-trees             0.30293             4e-05           
# 05.29.2024  11:49:50  Building MUL-trees                                Success: 33 MUL-trees built             0.3236              0.02012         
# 05.29.2024  11:49:50  Reading gene trees                                Success: 6368 gene trees read           0.85858             0.53385         
# 05.29.2024  11:50:09  Collapsing gene tree groupings                    Success                                 19.29846            18.43859        
# 05.29.2024  11:50:10  Filtering gene trees over group cap               Success: 3 gts over cap                 20.47658            1.17586         
# WARNING: Gene tree on line 1171 is over the group cap in 33 MTs and will be filtered.
# WARNING: Gene tree on line 1532 is over the group cap in 33 MTs and will be filtered.
# WARNING: Gene tree on line 2191 is over the group cap in 33 MTs and will be filtered.
# 05.29.2024  11:50:10  INFO: Filtered gene trees: 3
# 05.29.2024  11:50:10  INFO: Final gene tree count for reconciliations: 6365
# 05.29.2024  11:50:10  Writing filtered gene trees to file               Success: 6365 gene trees written        20.49134            0.0077          
# ----------------------------------------
# 05.29.2024  12:13:01  Reconciliation                                    Success                                 1391.95158          1371.45864      
# 05.29.2024  13:11:40  Getting maps for lowest scoring MTs               Success                                 4911.0013           3519.04481      
# 05.29.2024  13:11:40  Writing detailed output file                      Success                                 4911.02968          0.01924         
# 05.29.2024  13:11:41  Writing main output file                          Success                                 4911.2139           0.18301         
# ===============================================================================================================================================================================
#
# Done!
# The date and time at the end is: 05.29.2024  13:11:41
# Total execution time:            4911.31 seconds.
# Output directory for this run:   /n/holylfs05/LABS/informatics/Users/gthomas/spiders/grampa//19spec/astral-pro-bs0-h1-hc/
# Log file for this run:           /n/holylfs05/LABS/informatics/Users/gthomas/spiders/grampa//19spec/astral-pro-bs0-h1-hc/astral-pro-bs0-hc.log

# GRAMPA finished with 4 WARNINGS -- check log file for more info
# ----------------------------------------
# The MUL-tree with the minimum parsimony score is MT-10:	((DMELA,BMORI)<1>,(((MOCCI,VDEST)<2>,(ISCAP,HLONG)<3>)<4>,(((TGIGA+,CROTU+)<5>,LPOLY+)<6>,((TURTI,SSCAB)<7>,(CSCUL,((LRECL,((TGIGA*,CROTU*)<8>,LPOLY*)<9>)<10>,(SMIMO,((PTEPI,LHESP)<11>,(ABRUE,(NCLAV,TANTI)<12>)<13>)<14>)<15>)<16>)<17>)<18>)<19>)<20>)<21>
# Score = 129110
# ----------------------------------------
# ===============================================================================================================================================================================
#
