# Warning! With -c set to 15 or higher, some gene trees may take a very long time to reconcile!

#
# =========================================================================
# Welcome to GRAMPA -- Gene tree reconciliations with MUL-trees.
# Version 1.4.0 released on March 2023
# GRAMPA was developed by Gregg Thomas, S. Hussain Ather, Matthew Hahn
# Citation:      https://doi.org/10.1093/sysbio/syx044
# Website:       https://gwct.github.io/grampa/
# Report issues: https://github.com/gwct/grampa
#
# The date and time at the start is:  03.15.2023  00:25:25
# Using Python executable located at: /n/home07/gthomas/miniconda3/envs/mapping-sims/bin/python3.9
# Using Python version:               3.9.15
#
# The program was called as:          grampa.py -s /n/holylfs05/LABS/informatics/Users/gthomas/spiders/tree/19spec/astral-pro-tree//chelicerate-19spec-astral-pro.rooted.tre -g /n/holylfs05/LABS/informatics/Users/gthomas/spiders/tree/19spec/astral-pro-tree//loci-rearrange-90.rooted.treefile -o /n/holylfs05/LABS/informatics/Users/gthomas/spiders/grampa//19spec/astral-pro-bs90-h1-hcsp/ -h1 CROTU,TGIGA,LPOLY CSCUL,LRECL,SMIMO,LHESP,PTEPI,ABRUE,NCLAV,TANTI -c 15 -f astral-pro-bs90-hcsp -p 30
#
# -----------------------------------------------------------------------------------------------------------------------------
# INPUT/OUTPUT INFO:
# Species tree file:                    /n/holylfs05/LABS/informatics/Users/gthomas/spiders/tree/19spec/astral-pro-tree//chelicerate-19spec-astral-pro.rooted.tre
# Gene tree file:                       /n/holylfs05/LABS/informatics/Users/gthomas/spiders/tree/19spec/astral-pro-tree//loci-rearrange-90.rooted.treefile
# Output directory:                     /n/holylfs05/LABS/informatics/Users/gthomas/spiders/grampa//19spec/astral-pro-bs90-h1-hcsp/
# Score file:                           /n/holylfs05/LABS/informatics/Users/gthomas/spiders/grampa//19spec/astral-pro-bs90-h1-hcsp/astral-pro-bs90-hcsp-scores.txt
# Filtered gene trees:                  /n/holylfs05/LABS/informatics/Users/gthomas/spiders/grampa//19spec/astral-pro-bs90-h1-hcsp/astral-pro-bs90-hcsp-trees-filtered.txt
# Check nums file:                      /n/holylfs05/LABS/informatics/Users/gthomas/spiders/grampa//19spec/astral-pro-bs90-h1-hcsp/astral-pro-bs90-hcsp-checknums.txt
# Detailed mapping file:                /n/holylfs05/LABS/informatics/Users/gthomas/spiders/grampa//19spec/astral-pro-bs90-h1-hcsp/astral-pro-bs90-hcsp-detailed.txt
# Duplication count file:               /n/holylfs05/LABS/informatics/Users/gthomas/spiders/grampa//19spec/astral-pro-bs90-h1-hcsp/astral-pro-bs90-hcsp-dup-counts.txt
# -----------------------------------------------------------------------------------------------------------------------------
# OPTIONS INFO:
# Option                                Current setting               Current action
# -h1                                   CROTU,TGIGA,LPOLY CSCUL,LRECL,SMIMO,LHESP,PTEPI,ABRUE,NCLAV,TANTIGRAMPA will search these H1 nodes. If none are specified, all nodes will be searched as H1 nodes.
# -h2                                   All                           GRAMPA will search these H2 nodes. If none are specified, all nodes will be searched as H2 nodes.
# -c                                    15                            Gene trees with more than this number of groups/clades with polyploid species for a given h1/h2 combination will be skipped.
# -f                                    astral-pro-bs90-hcsp          All output files generated will have this string preprended to them.
# -p                                    30                            GRAMPA will use this number of processes for LCA mapping.
# -v                                    3                             Controls the amount of info printed to the screen as GRAMPA is running.
# --multree                             False                         The tree input with -s will be read as singly-labeled tree.
# --checknums                           False                         GRAMPA will count groups to filter gene trees and then perform reconciliations.
# --no-st, --st-only                    default                       GRAMPA will perform reconciliations to all MUL-trees specified by -h1 and -h2 and the input species tree.
# --maps                                False                         GRAMPA will only output duplication and loss counts in the detailed output file.
# -------------------------------------------------------------------------------------------------------------------------------------------------------------------------------
# Date        Time      Current step                                      Status                                  Elapsed time (s)    Step time (s)   Current mem (MB)  Virtual mem (MB)
# -------------------------------------------------------------------------------------------------------------------------------------------------------------------------------
# 03.15.2023  00:25:25  Reading species tree                              Success: species tree read              0.531               0.00702         12.30078          332.18359 
# 03.15.2023  00:25:25  Parsing hybrid clades                             Success: got H nodes                    0.53257             0.00069         12.30078          332.32031 
# 03.15.2023  00:25:25  Counting MUL-trees to be generated                Success: 56 total MUL-trees             0.53338             0.00011         12.30078          332.32031 
# 03.15.2023  00:25:25  Building MUL-trees                                Success: 56 MUL-trees built             0.59373             0.05958         12.96875          333.07031 
# 03.15.2023  00:25:26  Reading gene trees                                Success: 6368 gene trees read           1.61018             1.01555         77.41406          389.99219 
# 03.15.2023  00:26:01  Collapsing gene tree groupings                    Success                                 36.91139            35.29925        77.85938          394.02734 
# 03.15.2023  00:26:06  Filtering gene trees over group cap               Success: 2 gts over cap                 41.00604            4.08792         99.92188          411.47656 
# WARNING: Gene tree on line 1532 is over the group cap in 33 MTs and will be filtered.
# WARNING: Gene tree on line 2191 is over the group cap in 49 MTs and will be filtered.
# 03.15.2023  00:26:06  INFO: Filtered gene trees: 2
# 03.15.2023  00:26:06  INFO: Final gene tree count for reconciliations: 6366
# 03.15.2023  00:26:06  Writing filtered gene trees to file               Success: 6366 gene trees written        41.03094            0.01443         92.17188          403.72656 
# ----------------------------------------
# 03.15.2023  01:00:34  Reconciliation                                    Success                                 2109.5196           2068.48661      92.89844          403.47656 
# 03.15.2023  01:55:49  Getting maps for lowest scoring MTs               Success                                 5423.97861          3314.45261      340.57812         649.12891 
# 03.15.2023  01:55:49  Writing detailed output file                      Success                                 5424.01958          0.02117         340.65234         653.23047 
# 03.15.2023  01:55:49  Writing main output file                          Success                                 5424.21693          0.1962          340.66016         657.23047 
# ===============================================================================================================================================================================
#
# Done!
# The date and time at the end is: 03.15.2023  01:55:49
# Total execution time:            5424.356 seconds.
# Output directory for this run:   /n/holylfs05/LABS/informatics/Users/gthomas/spiders/grampa//19spec/astral-pro-bs90-h1-hcsp/
# Log file for this run:           /n/holylfs05/LABS/informatics/Users/gthomas/spiders/grampa//19spec/astral-pro-bs90-h1-hcsp/astral-pro-bs90-hcsp.log

# GRAMPA finished with 3 WARNINGS -- check log file for more info
# ----------------------------------------
# The tree with the minimum parsimony score is the singly-labled tree (ST):	((DMELA,BMORI)1.000000:0.554259,(((MOCCI,VDEST)1.000000:3.366872,(ISCAP,HLONG)1.000000:1.913465)1.000000:0.252266,(((TGIGA,CROTU)1.000000:1.343137,LPOLY)1.000000:2.855601,((TURTI,SSCAB)1.000000:1.053391,(CSCUL,(LRECL,(SMIMO,((PTEPI,LHESP)1.000000:1.051072,(ABRUE,(NCLAV,TANTI):2.010257)1.000000:1.443173)1.000000:0.137280)1.000000:1.294847)1.000000:1.047496)1.000000:0.182902)1.000000:0.162975)1.000000:1.064211)1.000000:0.554259);
# Score = 63147
# ----------------------------------------
# ===============================================================================================================================================================================
#
