# Warning! With -c set to 15 or higher, some gene trees may take a very long time to reconcile!

#
# =========================================================================
# Welcome to GRAMPA -- Gene tree reconciliations with MUL-trees.
# Version 1.4.0 released on March 2023
# GRAMPA was developed by Gregg Thomas, S. Hussain Ather, Matthew Hahn
# Citation:      https://doi.org/10.1093/sysbio/syx044
# Website:       https://gwct.github.io/grampa/
# Report issues: https://github.com/gwct/grampa
#
# The date and time at the start is:  05.28.2024  22:16:09
# Using Python executable located at: /n/home07/gthomas/miniconda3/bin/python3.9
# Using Python version:               3.9.15
#
# The program was called as:          grampa.py -s /n/holylfs05/LABS/informatics/Users/gthomas/spiders/tree/19spec/astral-multi-tree//chelicerate-19spec-astral-multi.rooted.tre -g /n/holylfs05/LABS/informatics/Users/gthomas/spiders/tree/19spec/astral-multi-tree//loci-rearrange-80.rooted.treefile -o /n/holylfs05/LABS/informatics/Users/gthomas/spiders/grampa//19spec/astral-multi-bs80-h1-hcsp/ -h1 CROTU,TGIGA,LPOLY CSCUL,LRECL,SMIMO,LHESP,PTEPI,ABRUE,NCLAV,TANTI -c 15 -f astral-multi-bs80-hcsp -p 30
#
# -----------------------------------------------------------------------------------------------------------------------------
# INPUT/OUTPUT INFO:
# Species tree file:                    /n/holylfs05/LABS/informatics/Users/gthomas/spiders/tree/19spec/astral-multi-tree//chelicerate-19spec-astral-multi.rooted.tre
# Gene tree file:                       /n/holylfs05/LABS/informatics/Users/gthomas/spiders/tree/19spec/astral-multi-tree//loci-rearrange-80.rooted.treefile
# Output directory:                     /n/holylfs05/LABS/informatics/Users/gthomas/spiders/grampa//19spec/astral-multi-bs80-h1-hcsp/
# Score file:                           /n/holylfs05/LABS/informatics/Users/gthomas/spiders/grampa//19spec/astral-multi-bs80-h1-hcsp/astral-multi-bs80-hcsp-scores.txt
# Filtered gene trees:                  /n/holylfs05/LABS/informatics/Users/gthomas/spiders/grampa//19spec/astral-multi-bs80-h1-hcsp/astral-multi-bs80-hcsp-trees-filtered.txt
# Check nums file:                      /n/holylfs05/LABS/informatics/Users/gthomas/spiders/grampa//19spec/astral-multi-bs80-h1-hcsp/astral-multi-bs80-hcsp-checknums.txt
# Detailed mapping file:                /n/holylfs05/LABS/informatics/Users/gthomas/spiders/grampa//19spec/astral-multi-bs80-h1-hcsp/astral-multi-bs80-hcsp-detailed.txt
# Duplication count file:               /n/holylfs05/LABS/informatics/Users/gthomas/spiders/grampa//19spec/astral-multi-bs80-h1-hcsp/astral-multi-bs80-hcsp-dup-counts.txt
# -----------------------------------------------------------------------------------------------------------------------------
# OPTIONS INFO:
# Option                                Current setting               Current action
# -h1                                   CROTU,TGIGA,LPOLY CSCUL,LRECL,SMIMO,LHESP,PTEPI,ABRUE,NCLAV,TANTIGRAMPA will search these H1 nodes. If none are specified, all nodes will be searched as H1 nodes.
# -h2                                   All                           GRAMPA will search these H2 nodes. If none are specified, all nodes will be searched as H2 nodes.
# -c                                    15                            Gene trees with more than this number of groups/clades with polyploid species for a given h1/h2 combination will be skipped.
# -f                                    astral-multi-bs80-hcsp        All output files generated will have this string preprended to them.
# -p                                    30                            GRAMPA will use this number of processes for LCA mapping.
# -v                                    3                             Controls the amount of info printed to the screen as GRAMPA is running.
# --multree                             False                         The tree input with -s will be read as singly-labeled tree.
# --checknums                           False                         GRAMPA will count groups to filter gene trees and then perform reconciliations.
# --no-st, --st-only                    default                       GRAMPA will perform reconciliations to all MUL-trees specified by -h1 and -h2 and the input species tree.
# --maps                                False                         GRAMPA will only output duplication and loss counts in the detailed output file.
# ------------------------------------------------------------------------------------------------------------------------------------------------------
# Date        Time      Current step                                      Status                                  Elapsed time (s)    Step time (s)   
# ------------------------------------------------------------------------------------------------------------------------------------------------------
# 05.28.2024  22:16:09  Reading species tree                              Success: species tree read              0.20818             0.00465         
# 05.28.2024  22:16:09  Parsing hybrid clades                             Success: got H nodes                    0.20922             0.00053         
# 05.28.2024  22:16:09  Counting MUL-trees to be generated                Success: 56 total MUL-trees             0.20976             8e-05           
# 05.28.2024  22:16:09  Building MUL-trees                                Success: 56 MUL-trees built             0.25123             0.04101         
# 05.28.2024  22:16:09  Reading gene trees                                Success: 6368 gene trees read           0.70314             0.45134         
# 05.28.2024  22:16:35  Collapsing gene tree groupings                    Success                                 26.69468            25.9907         
# 05.28.2024  22:16:37  Filtering gene trees over group cap               Success: 3 gts over cap                 28.93824            2.24197         
# WARNING: Gene tree on line 1171 is over the group cap in 33 MTs and will be filtered.
# WARNING: Gene tree on line 1532 is over the group cap in 33 MTs and will be filtered.
# WARNING: Gene tree on line 2191 is over the group cap in 36 MTs and will be filtered.
# 05.28.2024  22:16:37  INFO: Filtered gene trees: 3
# 05.28.2024  22:16:37  INFO: Final gene tree count for reconciliations: 6365
# 05.28.2024  22:16:37  Writing filtered gene trees to file               Success: 6365 gene trees written        28.95086            0.00737         
# ----------------------------------------
# 05.28.2024  22:37:45  Reconciliation                                    Success                                 1296.41718          1267.46527      
# 05.28.2024  23:03:42  Getting maps for lowest scoring MTs               Success                                 2853.9195           1557.49806      
# 05.28.2024  23:03:42  Writing detailed output file                      Success                                 2853.93344          0.01105         
# 05.28.2024  23:03:43  Writing main output file                          Success                                 2854.06449          0.1304          
# ===============================================================================================================================================================================
#
# Done!
# The date and time at the end is: 05.28.2024  23:03:43
# Total execution time:            2854.156 seconds.
# Output directory for this run:   /n/holylfs05/LABS/informatics/Users/gthomas/spiders/grampa//19spec/astral-multi-bs80-h1-hcsp/
# Log file for this run:           /n/holylfs05/LABS/informatics/Users/gthomas/spiders/grampa//19spec/astral-multi-bs80-h1-hcsp/astral-multi-bs80-hcsp.log

# GRAMPA finished with 4 WARNINGS -- check log file for more info
# ----------------------------------------
# The tree with the minimum parsimony score is the singly-labled tree (ST):	((DMELA:0.6748860566978003,BMORI:0.1903869079745421)1:0.567154,(((ISCAP:0.0,HLONG:0.5909481437740124)1:1.7692005213966706,(VDEST:0.09484580730121676,MOCCI:0.12537533555608854)1:3.028374679259245)1:0.22986087516080772,(((LPOLY:0.0,(CROTU:0.0,TGIGA:0.0)1:0.6359539774679893)1:2.4219616999339117,(CSCUL:0.4071449626481913,(LRECL:0.4936230506267309,(SMIMO:0.0,((ABRUE:0.0,(NCLAV:0.07420873087116334,TANTI:0.0)1:1.7004236316450376)1:1.229767048226499,(PTEPI:0.0,LHESP:0.013467428064464663)1:0.8994799748948471)1:0.11495248555322901)1:0.9496283369669042)1:0.9282039572376419)1:0.25594235411215555)0:0.1255605404145735,(SSCAB:0.25752005755458274,TURTI:0.915501):0.9748364469099552)1:0.793481545633756)1:0.567154);
# Score = 72286
# ----------------------------------------
# ===============================================================================================================================================================================
#
