# Warning! With -c set to 15 or higher, some gene trees may take a very long time to reconcile!

#
# =========================================================================
# Welcome to GRAMPA -- Gene tree reconciliations with MUL-trees.
# Version 1.4.0 released on March 2023
# GRAMPA was developed by Gregg Thomas, S. Hussain Ather, Matthew Hahn
# Citation:      https://doi.org/10.1093/sysbio/syx044
# Website:       https://gwct.github.io/grampa/
# Report issues: https://github.com/gwct/grampa
#
# The date and time at the start is:  05.29.2024  13:11:42
# Using Python executable located at: /n/home07/gthomas/miniconda3/bin/python3.9
# Using Python version:               3.9.15
#
# The program was called as:          grampa.py -s /n/holylfs05/LABS/informatics/Users/gthomas/spiders/tree/19spec/astral-pro-tree//chelicerate-19spec-astral-pro.rooted.tre -g /n/holylfs05/LABS/informatics/Users/gthomas/spiders/tree/19spec/astral-pro-tree//loci-rearrange-0.rooted.treefile -o /n/holylfs05/LABS/informatics/Users/gthomas/spiders/grampa//19spec/astral-pro-bs0-h1-sp/ -h1 CSCUL,LRECL,SMIMO,LHESP,PTEPI,ABRUE,NCLAV,TANTI -c 15 -f astral-pro-bs0-sp -p 30
#
# -----------------------------------------------------------------------------------------------------------------------------
# INPUT/OUTPUT INFO:
# Species tree file:                    /n/holylfs05/LABS/informatics/Users/gthomas/spiders/tree/19spec/astral-pro-tree//chelicerate-19spec-astral-pro.rooted.tre
# Gene tree file:                       /n/holylfs05/LABS/informatics/Users/gthomas/spiders/tree/19spec/astral-pro-tree//loci-rearrange-0.rooted.treefile
# Output directory:                     /n/holylfs05/LABS/informatics/Users/gthomas/spiders/grampa//19spec/astral-pro-bs0-h1-sp/
# Score file:                           /n/holylfs05/LABS/informatics/Users/gthomas/spiders/grampa//19spec/astral-pro-bs0-h1-sp/astral-pro-bs0-sp-scores.txt
# Filtered gene trees:                  /n/holylfs05/LABS/informatics/Users/gthomas/spiders/grampa//19spec/astral-pro-bs0-h1-sp/astral-pro-bs0-sp-trees-filtered.txt
# Check nums file:                      /n/holylfs05/LABS/informatics/Users/gthomas/spiders/grampa//19spec/astral-pro-bs0-h1-sp/astral-pro-bs0-sp-checknums.txt
# Detailed mapping file:                /n/holylfs05/LABS/informatics/Users/gthomas/spiders/grampa//19spec/astral-pro-bs0-h1-sp/astral-pro-bs0-sp-detailed.txt
# Duplication count file:               /n/holylfs05/LABS/informatics/Users/gthomas/spiders/grampa//19spec/astral-pro-bs0-h1-sp/astral-pro-bs0-sp-dup-counts.txt
# -----------------------------------------------------------------------------------------------------------------------------
# OPTIONS INFO:
# Option                                Current setting               Current action
# -h1                                   CSCUL,LRECL,SMIMO,LHESP,PTEPI,ABRUE,NCLAV,TANTIGRAMPA will search these H1 nodes. If none are specified, all nodes will be searched as H1 nodes.
# -h2                                   All                           GRAMPA will search these H2 nodes. If none are specified, all nodes will be searched as H2 nodes.
# -c                                    15                            Gene trees with more than this number of groups/clades with polyploid species for a given h1/h2 combination will be skipped.
# -f                                    astral-pro-bs0-sp             All output files generated will have this string preprended to them.
# -p                                    30                            GRAMPA will use this number of processes for LCA mapping.
# -v                                    3                             Controls the amount of info printed to the screen as GRAMPA is running.
# --multree                             False                         The tree input with -s will be read as singly-labeled tree.
# --checknums                           False                         GRAMPA will count groups to filter gene trees and then perform reconciliations.
# --no-st, --st-only                    default                       GRAMPA will perform reconciliations to all MUL-trees specified by -h1 and -h2 and the input species tree.
# --maps                                False                         GRAMPA will only output duplication and loss counts in the detailed output file.
# ------------------------------------------------------------------------------------------------------------------------------------------------------
# Date        Time      Current step                                      Status                                  Elapsed time (s)    Step time (s)   
# ------------------------------------------------------------------------------------------------------------------------------------------------------
# 05.29.2024  13:11:42  Reading species tree                              Success: species tree read              0.3436              0.02722         
# 05.29.2024  13:11:42  Parsing hybrid clades                             Success: got H nodes                    0.34571             0.00085         
# 05.29.2024  13:11:42  Counting MUL-trees to be generated                Success: 23 total MUL-trees             0.34675             0.00011         
# 05.29.2024  13:11:42  Building MUL-trees                                Success: 23 MUL-trees built             0.36946             0.02181         
# 05.29.2024  13:11:42  Reading gene trees                                Success: 6368 gene trees read           0.92395             0.55336         
# 05.29.2024  13:11:59  Collapsing gene tree groupings                    Success                                 17.06329            16.13792        
# 05.29.2024  13:11:59  Filtering gene trees over group cap               Success: 4 gts over cap                 17.94682            0.88049         
# WARNING: Gene tree on line 595 is over the group cap in 20 MTs and will be filtered.
# WARNING: Gene tree on line 2389 is over the group cap in 22 MTs and will be filtered.
# WARNING: Gene tree on line 2556 is over the group cap in 23 MTs and will be filtered.
# WARNING: Gene tree on line 2191 is over the group cap in 16 MTs and will be filtered.
# 05.29.2024  13:11:59  INFO: Filtered gene trees: 4
# 05.29.2024  13:11:59  INFO: Final gene tree count for reconciliations: 6364
# 05.29.2024  13:11:59  Writing filtered gene trees to file               Success: 6364 gene trees written        17.96236            0.0078          
# ----------------------------------------
# 05.29.2024  13:34:16  Reconciliation                                    Success                                 1354.68062          1336.71634      
# 05.29.2024  14:51:30  Getting maps for lowest scoring MTs               Success                                 5988.46411          4633.77326      
# 05.29.2024  14:51:30  Writing detailed output file                      Success                                 5988.50287          0.01877         
# 05.29.2024  14:51:30  Writing main output file                          Success                                 5988.66781          0.16382         
# ===============================================================================================================================================================================
#
# Done!
# The date and time at the end is: 05.29.2024  14:51:30
# Total execution time:            5988.789 seconds.
# Output directory for this run:   /n/holylfs05/LABS/informatics/Users/gthomas/spiders/grampa//19spec/astral-pro-bs0-h1-sp/
# Log file for this run:           /n/holylfs05/LABS/informatics/Users/gthomas/spiders/grampa//19spec/astral-pro-bs0-h1-sp/astral-pro-bs0-sp.log

# GRAMPA finished with 5 WARNINGS -- check log file for more info
# ----------------------------------------
# The MUL-tree with the minimum parsimony score is MT-21:	((DMELA,BMORI)<1>,(((MOCCI,VDEST)<2>,(ISCAP,HLONG)<3>)<4>,((((TGIGA,CROTU)<5>,LPOLY)<6>,((TURTI,SSCAB)<7>,(CSCUL+,(LRECL+,(SMIMO+,((PTEPI+,LHESP+)<8>,(ABRUE+,(NCLAV+,TANTI+)<9>)<10>)<11>)<12>)<13>)<14>)<15>)<16>,(CSCUL*,(LRECL*,(SMIMO*,((PTEPI*,LHESP*)<17>,(ABRUE*,(NCLAV*,TANTI*)<18>)<19>)<20>)<21>)<22>)<23>)<24>)<25>)<26>
# Score = 129204
# ----------------------------------------
# ===============================================================================================================================================================================
#
