# Warning! With -c set to 15 or higher, some gene trees may take a very long time to reconcile!

#
# =========================================================================
# Welcome to GRAMPA -- Gene tree reconciliations with MUL-trees.
# Version 1.4.0 released on March 2023
# GRAMPA was developed by Gregg Thomas, S. Hussain Ather, Matthew Hahn
# Citation:      https://doi.org/10.1093/sysbio/syx044
# Website:       https://gwct.github.io/grampa/
# Report issues: https://github.com/gwct/grampa
#
# The date and time at the start is:  05.28.2024  17:07:10
# Using Python executable located at: /n/home07/gthomas/miniconda3/bin/python3.9
# Using Python version:               3.9.15
#
# The program was called as:          grampa.py -s /n/holylfs05/LABS/informatics/Users/gthomas/spiders/tree/19spec/astral-pro-tree//chelicerate-19spec-astral-pro.rooted.tre -g /n/holylfs05/LABS/informatics/Users/gthomas/spiders/tree/19spec/astral-pro-tree//loci-rearrange-80.rooted.treefile -o /n/holylfs05/LABS/informatics/Users/gthomas/spiders/grampa//19spec/astral-pro-bs80-h1-hc/ -h1 CROTU,TGIGA,LPOLY -c 15 -f astral-pro-bs80-hc -p 30
#
# -----------------------------------------------------------------------------------------------------------------------------
# INPUT/OUTPUT INFO:
# Species tree file:                    /n/holylfs05/LABS/informatics/Users/gthomas/spiders/tree/19spec/astral-pro-tree//chelicerate-19spec-astral-pro.rooted.tre
# Gene tree file:                       /n/holylfs05/LABS/informatics/Users/gthomas/spiders/tree/19spec/astral-pro-tree//loci-rearrange-80.rooted.treefile
# Output directory:                     /n/holylfs05/LABS/informatics/Users/gthomas/spiders/grampa//19spec/astral-pro-bs80-h1-hc/
# Score file:                           /n/holylfs05/LABS/informatics/Users/gthomas/spiders/grampa//19spec/astral-pro-bs80-h1-hc/astral-pro-bs80-hc-scores.txt
# Filtered gene trees:                  /n/holylfs05/LABS/informatics/Users/gthomas/spiders/grampa//19spec/astral-pro-bs80-h1-hc/astral-pro-bs80-hc-trees-filtered.txt
# Check nums file:                      /n/holylfs05/LABS/informatics/Users/gthomas/spiders/grampa//19spec/astral-pro-bs80-h1-hc/astral-pro-bs80-hc-checknums.txt
# Detailed mapping file:                /n/holylfs05/LABS/informatics/Users/gthomas/spiders/grampa//19spec/astral-pro-bs80-h1-hc/astral-pro-bs80-hc-detailed.txt
# Duplication count file:               /n/holylfs05/LABS/informatics/Users/gthomas/spiders/grampa//19spec/astral-pro-bs80-h1-hc/astral-pro-bs80-hc-dup-counts.txt
# -----------------------------------------------------------------------------------------------------------------------------
# OPTIONS INFO:
# Option                                Current setting               Current action
# -h1                                   CROTU,TGIGA,LPOLY             GRAMPA will search these H1 nodes. If none are specified, all nodes will be searched as H1 nodes.
# -h2                                   All                           GRAMPA will search these H2 nodes. If none are specified, all nodes will be searched as H2 nodes.
# -c                                    15                            Gene trees with more than this number of groups/clades with polyploid species for a given h1/h2 combination will be skipped.
# -f                                    astral-pro-bs80-hc            All output files generated will have this string preprended to them.
# -p                                    30                            GRAMPA will use this number of processes for LCA mapping.
# -v                                    3                             Controls the amount of info printed to the screen as GRAMPA is running.
# --multree                             False                         The tree input with -s will be read as singly-labeled tree.
# --checknums                           False                         GRAMPA will count groups to filter gene trees and then perform reconciliations.
# --no-st, --st-only                    default                       GRAMPA will perform reconciliations to all MUL-trees specified by -h1 and -h2 and the input species tree.
# --maps                                False                         GRAMPA will only output duplication and loss counts in the detailed output file.
# ------------------------------------------------------------------------------------------------------------------------------------------------------
# Date        Time      Current step                                      Status                                  Elapsed time (s)    Step time (s)   
# ------------------------------------------------------------------------------------------------------------------------------------------------------
# 05.28.2024  17:07:10  Reading species tree                              Success: species tree read              0.20724             0.00465         
# 05.28.2024  17:07:10  Parsing hybrid clades                             Success: got H nodes                    0.20822             0.00046         
# 05.28.2024  17:07:10  Counting MUL-trees to be generated                Success: 33 total MUL-trees             0.20874             5e-05           
# 05.28.2024  17:07:10  Building MUL-trees                                Success: 33 MUL-trees built             0.22994             0.02076         
# 05.28.2024  17:07:11  Reading gene trees                                Success: 6368 gene trees read           0.68577             0.45533         
# 05.28.2024  17:07:29  Collapsing gene tree groupings                    Success                                 19.06719            18.38059        
# 05.28.2024  17:07:30  Filtering gene trees over group cap               Success: 3 gts over cap                 20.17913            1.11059         
# WARNING: Gene tree on line 1171 is over the group cap in 33 MTs and will be filtered.
# WARNING: Gene tree on line 1532 is over the group cap in 33 MTs and will be filtered.
# WARNING: Gene tree on line 2191 is over the group cap in 33 MTs and will be filtered.
# 05.28.2024  17:07:30  INFO: Filtered gene trees: 3
# 05.28.2024  17:07:30  INFO: Final gene tree count for reconciliations: 6365
# 05.28.2024  17:07:30  Writing filtered gene trees to file               Success: 6365 gene trees written        20.1912             0.00675         
# ----------------------------------------
# 05.28.2024  17:28:13  Reconciliation                                    Success                                 1262.53151          1242.33913      
# 05.28.2024  18:21:50  Getting maps for lowest scoring MTs               Success                                 4479.99326          3217.45877      
# 05.28.2024  18:21:50  Writing detailed output file                      Success                                 4480.03716          0.01209         
# 05.28.2024  18:21:50  Writing main output file                          Success                                 4480.16928          0.13145         
# ===============================================================================================================================================================================
#
# Done!
# The date and time at the end is: 05.28.2024  18:21:50
# Total execution time:            4480.286 seconds.
# Output directory for this run:   /n/holylfs05/LABS/informatics/Users/gthomas/spiders/grampa//19spec/astral-pro-bs80-h1-hc/
# Log file for this run:           /n/holylfs05/LABS/informatics/Users/gthomas/spiders/grampa//19spec/astral-pro-bs80-h1-hc/astral-pro-bs80-hc.log

# GRAMPA finished with 4 WARNINGS -- check log file for more info
# ----------------------------------------
# The tree with the minimum parsimony score is the singly-labled tree (ST):	((DMELA,BMORI)1.000000:0.554259,(((MOCCI,VDEST)1.000000:3.366872,(ISCAP,HLONG)1.000000:1.913465)1.000000:0.252266,(((TGIGA,CROTU)1.000000:1.343137,LPOLY)1.000000:2.855601,((TURTI,SSCAB)1.000000:1.053391,(CSCUL,(LRECL,(SMIMO,((PTEPI,LHESP)1.000000:1.051072,(ABRUE,(NCLAV,TANTI):2.010257)1.000000:1.443173)1.000000:0.137280)1.000000:1.294847)1.000000:1.047496)1.000000:0.182902)1.000000:0.162975)1.000000:1.064211)1.000000:0.554259);
# Score = 72775
# ----------------------------------------
# ===============================================================================================================================================================================
#
