# Warning! With -c set to 15 or higher, some gene trees may take a very long time to reconcile!

#
# =========================================================================
# Welcome to GRAMPA -- Gene tree reconciliations with MUL-trees.
# Version 1.4.0 released on March 2023
# GRAMPA was developed by Gregg Thomas, S. Hussain Ather, Matthew Hahn
# Citation:      https://doi.org/10.1093/sysbio/syx044
# Website:       https://gwct.github.io/grampa/
# Report issues: https://github.com/gwct/grampa
#
# The date and time at the start is:  03.15.2025  04:16:04
# Using Python executable located at: /n/home07/gthomas/miniconda3/envs/snparcher-env/bin/python3.11
# Using Python version:               3.11.4
#
# The program was called as:          grampa.py -s /n/holylfs05/LABS/informatics/Users/gthomas/spiders/tree/19spec/astral-multi-tree//chelicerate-19spec-astral-multi.rooted.tre -g /n/holylfs05/LABS/informatics/Users/gthomas/spiders/tree/19spec/astral-multi-tree//loci-rearrange-50.rooted.treefile -o /n/holylfs05/LABS/informatics/Users/gthomas/spiders/grampa//19spec/astral-multi-bs50-h1-sp/ -h1 CSCUL,LRECL,SMIMO,LHESP,PTEPI,ABRUE,NCLAV,TANTI -c 15 -f astral-multi-bs50-sp -p 30
#
# -----------------------------------------------------------------------------------------------------------------------------
# INPUT/OUTPUT INFO:
# Species tree file:                    /n/holylfs05/LABS/informatics/Users/gthomas/spiders/tree/19spec/astral-multi-tree//chelicerate-19spec-astral-multi.rooted.tre
# Gene tree file:                       /n/holylfs05/LABS/informatics/Users/gthomas/spiders/tree/19spec/astral-multi-tree//loci-rearrange-50.rooted.treefile
# Output directory:                     /n/holylfs05/LABS/informatics/Users/gthomas/spiders/grampa//19spec/astral-multi-bs50-h1-sp/
# Score file:                           /n/holylfs05/LABS/informatics/Users/gthomas/spiders/grampa//19spec/astral-multi-bs50-h1-sp/astral-multi-bs50-sp-scores.txt
# Filtered gene trees:                  /n/holylfs05/LABS/informatics/Users/gthomas/spiders/grampa//19spec/astral-multi-bs50-h1-sp/astral-multi-bs50-sp-trees-filtered.txt
# Check nums file:                      /n/holylfs05/LABS/informatics/Users/gthomas/spiders/grampa//19spec/astral-multi-bs50-h1-sp/astral-multi-bs50-sp-checknums.txt
# Detailed mapping file:                /n/holylfs05/LABS/informatics/Users/gthomas/spiders/grampa//19spec/astral-multi-bs50-h1-sp/astral-multi-bs50-sp-detailed.txt
# Duplication count file:               /n/holylfs05/LABS/informatics/Users/gthomas/spiders/grampa//19spec/astral-multi-bs50-h1-sp/astral-multi-bs50-sp-dup-counts.txt
# -----------------------------------------------------------------------------------------------------------------------------
# OPTIONS INFO:
# Option                                Current setting               Current action
# -h1                                   CSCUL,LRECL,SMIMO,LHESP,PTEPI,ABRUE,NCLAV,TANTIGRAMPA will search these H1 nodes. If none are specified, all nodes will be searched as H1 nodes.
# -h2                                   All                           GRAMPA will search these H2 nodes. If none are specified, all nodes will be searched as H2 nodes.
# -c                                    15                            Gene trees with more than this number of groups/clades with polyploid species for a given h1/h2 combination will be skipped.
# -f                                    astral-multi-bs50-sp          All output files generated will have this string preprended to them.
# -p                                    30                            GRAMPA will use this number of processes for LCA mapping.
# -v                                    3                             Controls the amount of info printed to the screen as GRAMPA is running.
# --multree                             False                         The tree input with -s will be read as singly-labeled tree.
# --checknums                           False                         GRAMPA will count groups to filter gene trees and then perform reconciliations.
# --no-st, --st-only                    default                       GRAMPA will perform reconciliations to all MUL-trees specified by -h1 and -h2 and the input species tree.
# --maps                                False                         GRAMPA will only output duplication and loss counts in the detailed output file.
# -------------------------------------------------------------------------------------------------------------------------------------------------------------------------------
# Date        Time      Current step                                      Status                                  Elapsed time (s)    Step time (s)   Current mem (MB)  Virtual mem (MB)
# -------------------------------------------------------------------------------------------------------------------------------------------------------------------------------
# 03.15.2025  04:16:04  Reading species tree                              Success: species tree read              0.32759             0.00403         17.29688          235.82422 
# 03.15.2025  04:16:04  Parsing hybrid clades                             Success: got H nodes                    0.32876             0.00039         17.29688          235.82422 
# 03.15.2025  04:16:04  Counting MUL-trees to be generated                Success: 23 total MUL-trees             0.32953             7e-05           17.29688          235.82422 
# 03.15.2025  04:16:04  Building MUL-trees                                Success: 23 MUL-trees built             0.34676             0.01655         17.59766          235.82422 
# 03.15.2025  04:16:04  Reading gene trees                                Success: 6368 gene trees read           0.72049             0.37296         78.95703          292.30469 
# 03.15.2025  04:16:17  Collapsing gene tree groupings                    Success                                 12.91146            12.1898         79.55078          296.37891 
# 03.15.2025  04:16:18  Filtering gene trees over group cap               Success: 2 gts over cap                 13.78567            0.87279         103.44922         316.31641 
# WARNING: Gene tree on line 595 is over the group cap in 4 MTs and will be filtered.
# WARNING: Gene tree on line 2191 is over the group cap in 3 MTs and will be filtered.
# 03.15.2025  04:16:18  INFO: Filtered gene trees: 2
# 03.15.2025  04:16:18  INFO: Final gene tree count for reconciliations: 6366
# 03.15.2025  04:16:18  Writing filtered gene trees to file               Success: 6366 gene trees written        13.79715            0.00683         101.67578         314.31641 
# ----------------------------------------
# 03.15.2025  04:26:32  Reconciliation                                    Success                                 628.6592            614.86061       104.34766         313.31641 
# 03.15.2025  04:51:27  Getting maps for lowest scoring MTs               Success                                 2123.68145          1495.01694      355.04688         562.62891 
# 03.15.2025  04:51:27  Writing detailed output file                      Success                                 2123.7095           0.02007         355.21484         566.62891 
# 03.15.2025  04:51:28  Writing main output file                          Success                                 2123.86418          0.15381         355.22266         570.62891 
# ===============================================================================================================================================================================
#
# Done!
# The date and time at the end is: 03.15.2025  04:51:28
# Total execution time:            2123.971 seconds.
# Output directory for this run:   /n/holylfs05/LABS/informatics/Users/gthomas/spiders/grampa//19spec/astral-multi-bs50-h1-sp/
# Log file for this run:           /n/holylfs05/LABS/informatics/Users/gthomas/spiders/grampa//19spec/astral-multi-bs50-h1-sp/astral-multi-bs50-sp.log

# GRAMPA finished with 3 WARNINGS -- check log file for more info
# ----------------------------------------
# The MUL-tree with the minimum parsimony score is MT-20:	((DMELA,BMORI)<1>,(((ISCAP,HLONG)<2>,(VDEST,MOCCI)<3>)<4>,(((LPOLY,(CROTU,TGIGA)<5>)<6>,(CSCUL+,(LRECL+,(SMIMO+,((ABRUE+,(NCLAV+,TANTI+)<7>)<8>,(PTEPI+,LHESP+)<9>)<10>)<11>)<12>)<13>)<14>,((SSCAB,TURTI)<15>,(CSCUL*,(LRECL*,(SMIMO*,((ABRUE*,(NCLAV*,TANTI*)<16>)<17>,(PTEPI*,LHESP*)<18>)<19>)<20>)<21>)<22>)<23>)<24>)<25>)<26>
# Score = 103505
# ----------------------------------------
# ===============================================================================================================================================================================
#
