# Warning! With -c set to 15 or higher, some gene trees may take a very long time to reconcile!

#
# =========================================================================
# Welcome to GRAMPA -- Gene tree reconciliations with MUL-trees.
# Version 1.4.0 released on March 2023
# GRAMPA was developed by Gregg Thomas, S. Hussain Ather, Matthew Hahn
# Citation:      https://doi.org/10.1093/sysbio/syx044
# Website:       https://gwct.github.io/grampa/
# Report issues: https://github.com/gwct/grampa
#
# The date and time at the start is:  03.13.2025  21:10:38
# Using Python executable located at: /n/home07/gthomas/miniconda3/envs/snparcher-env/bin/python3.11
# Using Python version:               3.11.4
#
# The program was called as:          grampa.py -s /n/holylfs05/LABS/informatics/Users/gthomas/spiders/tree/19spec/astral-multi-tree//chelicerate-19spec-astral-multi.rooted.tre -g /n/holylfs05/LABS/informatics/Users/gthomas/spiders/tree/19spec/astral-multi-tree//loci-rearrange-70.rooted.treefile -o /n/holylfs05/LABS/informatics/Users/gthomas/spiders/grampa//19spec/astral-multi-bs70-h1-hcsp/ -h1 CROTU,TGIGA,LPOLY CSCUL,LRECL,SMIMO,LHESP,PTEPI,ABRUE,NCLAV,TANTI -c 15 -f astral-multi-bs70-hcsp -p 30
#
# -----------------------------------------------------------------------------------------------------------------------------
# INPUT/OUTPUT INFO:
# Species tree file:                    /n/holylfs05/LABS/informatics/Users/gthomas/spiders/tree/19spec/astral-multi-tree//chelicerate-19spec-astral-multi.rooted.tre
# Gene tree file:                       /n/holylfs05/LABS/informatics/Users/gthomas/spiders/tree/19spec/astral-multi-tree//loci-rearrange-70.rooted.treefile
# Output directory:                     /n/holylfs05/LABS/informatics/Users/gthomas/spiders/grampa//19spec/astral-multi-bs70-h1-hcsp/
# Score file:                           /n/holylfs05/LABS/informatics/Users/gthomas/spiders/grampa//19spec/astral-multi-bs70-h1-hcsp/astral-multi-bs70-hcsp-scores.txt
# Filtered gene trees:                  /n/holylfs05/LABS/informatics/Users/gthomas/spiders/grampa//19spec/astral-multi-bs70-h1-hcsp/astral-multi-bs70-hcsp-trees-filtered.txt
# Check nums file:                      /n/holylfs05/LABS/informatics/Users/gthomas/spiders/grampa//19spec/astral-multi-bs70-h1-hcsp/astral-multi-bs70-hcsp-checknums.txt
# Detailed mapping file:                /n/holylfs05/LABS/informatics/Users/gthomas/spiders/grampa//19spec/astral-multi-bs70-h1-hcsp/astral-multi-bs70-hcsp-detailed.txt
# Duplication count file:               /n/holylfs05/LABS/informatics/Users/gthomas/spiders/grampa//19spec/astral-multi-bs70-h1-hcsp/astral-multi-bs70-hcsp-dup-counts.txt
# -----------------------------------------------------------------------------------------------------------------------------
# OPTIONS INFO:
# Option                                Current setting               Current action
# -h1                                   CROTU,TGIGA,LPOLY CSCUL,LRECL,SMIMO,LHESP,PTEPI,ABRUE,NCLAV,TANTIGRAMPA will search these H1 nodes. If none are specified, all nodes will be searched as H1 nodes.
# -h2                                   All                           GRAMPA will search these H2 nodes. If none are specified, all nodes will be searched as H2 nodes.
# -c                                    15                            Gene trees with more than this number of groups/clades with polyploid species for a given h1/h2 combination will be skipped.
# -f                                    astral-multi-bs70-hcsp        All output files generated will have this string preprended to them.
# -p                                    30                            GRAMPA will use this number of processes for LCA mapping.
# -v                                    3                             Controls the amount of info printed to the screen as GRAMPA is running.
# --multree                             False                         The tree input with -s will be read as singly-labeled tree.
# --checknums                           False                         GRAMPA will count groups to filter gene trees and then perform reconciliations.
# --no-st, --st-only                    default                       GRAMPA will perform reconciliations to all MUL-trees specified by -h1 and -h2 and the input species tree.
# --maps                                False                         GRAMPA will only output duplication and loss counts in the detailed output file.
# -------------------------------------------------------------------------------------------------------------------------------------------------------------------------------
# Date        Time      Current step                                      Status                                  Elapsed time (s)    Step time (s)   Current mem (MB)  Virtual mem (MB)
# -------------------------------------------------------------------------------------------------------------------------------------------------------------------------------
# 03.13.2025  21:10:38  Reading species tree                              Success: species tree read              0.37877             0.00376         17.26953          235.82422 
# 03.13.2025  21:10:38  Parsing hybrid clades                             Success: got H nodes                    0.37994             0.00041         17.3125           235.82422 
# 03.13.2025  21:10:38  Counting MUL-trees to be generated                Success: 56 total MUL-trees             0.3807              8e-05           17.3125           235.82422 
# 03.13.2025  21:10:38  Building MUL-trees                                Success: 56 MUL-trees built             0.41359             0.03223         17.79688          235.82422 
# 03.13.2025  21:10:38  Reading gene trees                                Success: 6368 gene trees read           0.81015             0.39576         79.61719          293.21875 
# 03.13.2025  21:10:58  Collapsing gene tree groupings                    Success                                 20.29761            19.48631        79.9375           297.26562 
# 03.13.2025  21:11:00  Filtering gene trees over group cap               Success: 3 gts over cap                 22.71175            2.412           104.62891         316.22266 
# WARNING: Gene tree on line 1171 is over the group cap in 33 MTs and will be filtered.
# WARNING: Gene tree on line 1532 is over the group cap in 33 MTs and will be filtered.
# WARNING: Gene tree on line 2191 is over the group cap in 36 MTs and will be filtered.
# 03.13.2025  21:11:00  INFO: Filtered gene trees: 3
# 03.13.2025  21:11:00  INFO: Final gene tree count for reconciliations: 6365
# 03.13.2025  21:11:00  Writing filtered gene trees to file               Success: 6365 gene trees written        22.72471            0.00722         100.70703         312.22266 
# ----------------------------------------
# 03.13.2025  21:27:06  Reconciliation                                    Success                                 988.06084           965.33473       102.57812         311.22266 
# 03.13.2025  21:50:03  Getting maps for lowest scoring MTs               Success                                 2365.73331          1377.6683       327.09766         533.69531 
# 03.13.2025  21:50:03  Writing detailed output file                      Success                                 2365.74845          0.01122         327.19141         537.74609 
# 03.13.2025  21:50:03  Writing main output file                          Success                                 2365.85695          0.10772         327.23438         541.74609 
# ===============================================================================================================================================================================
#
# Done!
# The date and time at the end is: 03.13.2025  21:50:04
# Total execution time:            2365.943 seconds.
# Output directory for this run:   /n/holylfs05/LABS/informatics/Users/gthomas/spiders/grampa//19spec/astral-multi-bs70-h1-hcsp/
# Log file for this run:           /n/holylfs05/LABS/informatics/Users/gthomas/spiders/grampa//19spec/astral-multi-bs70-h1-hcsp/astral-multi-bs70-hcsp.log

# GRAMPA finished with 4 WARNINGS -- check log file for more info
# ----------------------------------------
# The MUL-tree with the minimum parsimony score is MT-53:	((DMELA,BMORI)<1>,(((ISCAP,HLONG)<2>,(VDEST,MOCCI)<3>)<4>,(((LPOLY,(CROTU,TGIGA)<5>)<6>,(CSCUL+,(LRECL+,(SMIMO+,((ABRUE+,(NCLAV+,TANTI+)<7>)<8>,(PTEPI+,LHESP+)<9>)<10>)<11>)<12>)<13>)<14>,((SSCAB,TURTI)<15>,(CSCUL*,(LRECL*,(SMIMO*,((ABRUE*,(NCLAV*,TANTI*)<16>)<17>,(PTEPI*,LHESP*)<18>)<19>)<20>)<21>)<22>)<23>)<24>)<25>)<26>
# Score = 82005
# ----------------------------------------
# ===============================================================================================================================================================================
#
