# Warning! With -c set to 15 or higher, some gene trees may take a very long time to reconcile!

#
# =========================================================================
# Welcome to GRAMPA -- Gene tree reconciliations with MUL-trees.
# Version 1.4.0 released on March 2023
# GRAMPA was developed by Gregg Thomas, S. Hussain Ather, Matthew Hahn
# Citation:      https://doi.org/10.1093/sysbio/syx044
# Website:       https://gwct.github.io/grampa/
# Report issues: https://github.com/gwct/grampa
#
# The date and time at the start is:  05.28.2024  22:05:41
# Using Python executable located at: /n/home07/gthomas/miniconda3/bin/python3.9
# Using Python version:               3.9.15
#
# The program was called as:          grampa.py -s /n/holylfs05/LABS/informatics/Users/gthomas/spiders/tree/19spec/astral-multi-tree//chelicerate-19spec-astral-multi.rooted.tre -g /n/holylfs05/LABS/informatics/Users/gthomas/spiders/tree/19spec/astral-multi-tree//loci-rearrange-80.rooted.treefile -o /n/holylfs05/LABS/informatics/Users/gthomas/spiders/grampa//19spec/astral-multi-bs80-h1-sp/ -h1 CSCUL,LRECL,SMIMO,LHESP,PTEPI,ABRUE,NCLAV,TANTI -c 15 -f astral-multi-bs80-sp -p 30
#
# -----------------------------------------------------------------------------------------------------------------------------
# INPUT/OUTPUT INFO:
# Species tree file:                    /n/holylfs05/LABS/informatics/Users/gthomas/spiders/tree/19spec/astral-multi-tree//chelicerate-19spec-astral-multi.rooted.tre
# Gene tree file:                       /n/holylfs05/LABS/informatics/Users/gthomas/spiders/tree/19spec/astral-multi-tree//loci-rearrange-80.rooted.treefile
# Output directory:                     /n/holylfs05/LABS/informatics/Users/gthomas/spiders/grampa//19spec/astral-multi-bs80-h1-sp/
# Score file:                           /n/holylfs05/LABS/informatics/Users/gthomas/spiders/grampa//19spec/astral-multi-bs80-h1-sp/astral-multi-bs80-sp-scores.txt
# Filtered gene trees:                  /n/holylfs05/LABS/informatics/Users/gthomas/spiders/grampa//19spec/astral-multi-bs80-h1-sp/astral-multi-bs80-sp-trees-filtered.txt
# Check nums file:                      /n/holylfs05/LABS/informatics/Users/gthomas/spiders/grampa//19spec/astral-multi-bs80-h1-sp/astral-multi-bs80-sp-checknums.txt
# Detailed mapping file:                /n/holylfs05/LABS/informatics/Users/gthomas/spiders/grampa//19spec/astral-multi-bs80-h1-sp/astral-multi-bs80-sp-detailed.txt
# Duplication count file:               /n/holylfs05/LABS/informatics/Users/gthomas/spiders/grampa//19spec/astral-multi-bs80-h1-sp/astral-multi-bs80-sp-dup-counts.txt
# -----------------------------------------------------------------------------------------------------------------------------
# OPTIONS INFO:
# Option                                Current setting               Current action
# -h1                                   CSCUL,LRECL,SMIMO,LHESP,PTEPI,ABRUE,NCLAV,TANTIGRAMPA will search these H1 nodes. If none are specified, all nodes will be searched as H1 nodes.
# -h2                                   All                           GRAMPA will search these H2 nodes. If none are specified, all nodes will be searched as H2 nodes.
# -c                                    15                            Gene trees with more than this number of groups/clades with polyploid species for a given h1/h2 combination will be skipped.
# -f                                    astral-multi-bs80-sp          All output files generated will have this string preprended to them.
# -p                                    30                            GRAMPA will use this number of processes for LCA mapping.
# -v                                    3                             Controls the amount of info printed to the screen as GRAMPA is running.
# --multree                             False                         The tree input with -s will be read as singly-labeled tree.
# --checknums                           False                         GRAMPA will count groups to filter gene trees and then perform reconciliations.
# --no-st, --st-only                    default                       GRAMPA will perform reconciliations to all MUL-trees specified by -h1 and -h2 and the input species tree.
# --maps                                False                         GRAMPA will only output duplication and loss counts in the detailed output file.
# ------------------------------------------------------------------------------------------------------------------------------------------------------
# Date        Time      Current step                                      Status                                  Elapsed time (s)    Step time (s)   
# ------------------------------------------------------------------------------------------------------------------------------------------------------
# 05.28.2024  22:05:41  Reading species tree                              Success: species tree read              0.26203             0.02458         
# 05.28.2024  22:05:41  Parsing hybrid clades                             Success: got H nodes                    0.26311             0.0005          
# 05.28.2024  22:05:41  Counting MUL-trees to be generated                Success: 23 total MUL-trees             0.26367             7e-05           
# 05.28.2024  22:05:41  Building MUL-trees                                Success: 23 MUL-trees built             0.28543             0.02131         
# 05.28.2024  22:05:42  Reading gene trees                                Success: 6368 gene trees read           0.79669             0.51064         
# 05.28.2024  22:05:58  Collapsing gene tree groupings                    Success                                 16.9469             16.14933        
# 05.28.2024  22:05:59  Filtering gene trees over group cap               Success: 1 gts over cap                 17.92867            0.98022         
# WARNING: Gene tree on line 2191 is over the group cap in 3 MTs and will be filtered.
# 05.28.2024  22:05:59  INFO: Filtered gene trees: 1
# 05.28.2024  22:05:59  INFO: Final gene tree count for reconciliations: 6367
# 05.28.2024  22:05:59  Writing filtered gene trees to file               Success: 6367 gene trees written        17.93955            0.00699         
# ----------------------------------------
# 05.28.2024  22:09:35  Reconciliation                                    Success                                 234.53157           216.59098       
# 05.28.2024  22:16:08  Getting maps for lowest scoring MTs               Success                                 626.63966           392.10514       
# 05.28.2024  22:16:08  Writing detailed output file                      Success                                 626.65757           0.01494         
# 05.28.2024  22:16:08  Writing main output file                          Success                                 626.81543           0.15726         
# ===============================================================================================================================================================================
#
# Done!
# The date and time at the end is: 05.28.2024  22:16:08
# Total execution time:            626.913 seconds.
# Output directory for this run:   /n/holylfs05/LABS/informatics/Users/gthomas/spiders/grampa//19spec/astral-multi-bs80-h1-sp/
# Log file for this run:           /n/holylfs05/LABS/informatics/Users/gthomas/spiders/grampa//19spec/astral-multi-bs80-h1-sp/astral-multi-bs80-sp.log

# GRAMPA finished with 2 WARNINGS -- check log file for more info
# ----------------------------------------
# The tree with the minimum parsimony score is the singly-labled tree (ST):	((DMELA:0.6748860566978003,BMORI:0.1903869079745421)1:0.567154,(((ISCAP:0.0,HLONG:0.5909481437740124)1:1.7692005213966706,(VDEST:0.09484580730121676,MOCCI:0.12537533555608854)1:3.028374679259245)1:0.22986087516080772,(((LPOLY:0.0,(CROTU:0.0,TGIGA:0.0)1:0.6359539774679893)1:2.4219616999339117,(CSCUL:0.4071449626481913,(LRECL:0.4936230506267309,(SMIMO:0.0,((ABRUE:0.0,(NCLAV:0.07420873087116334,TANTI:0.0)1:1.7004236316450376)1:1.229767048226499,(PTEPI:0.0,LHESP:0.013467428064464663)1:0.8994799748948471)1:0.11495248555322901)1:0.9496283369669042)1:0.9282039572376419)1:0.25594235411215555)0:0.1255605404145735,(SSCAB:0.25752005755458274,TURTI:0.915501):0.9748364469099552)1:0.793481545633756)1:0.567154);
# Score = 72423
# ----------------------------------------
# ===============================================================================================================================================================================
#
