# Warning! With -c set to 15 or higher, some gene trees may take a very long time to reconcile!

#
# =========================================================================
# Welcome to GRAMPA -- Gene tree reconciliations with MUL-trees.
# Version 1.4.0 released on March 2023
# GRAMPA was developed by Gregg Thomas, S. Hussain Ather, Matthew Hahn
# Citation:      https://doi.org/10.1093/sysbio/syx044
# Website:       https://gwct.github.io/grampa/
# Report issues: https://github.com/gwct/grampa
#
# The date and time at the start is:  03.14.2025  15:30:16
# Using Python executable located at: /n/home07/gthomas/miniconda3/envs/snparcher-env/bin/python3.11
# Using Python version:               3.11.4
#
# The program was called as:          grampa.py -s /n/holylfs05/LABS/informatics/Users/gthomas/spiders/tree/19spec/astral-multi-tree//chelicerate-19spec-astral-multi.rooted.tre -g /n/holylfs05/LABS/informatics/Users/gthomas/spiders/tree/19spec/astral-multi-tree//loci-rearrange-60.rooted.treefile -o /n/holylfs05/LABS/informatics/Users/gthomas/spiders/grampa//19spec/astral-multi-bs60-full/ -c 15 -f astral-multi-bs60-full -p 30
#
# -----------------------------------------------------------------------------------------------------------------------------
# INPUT/OUTPUT INFO:
# Species tree file:                    /n/holylfs05/LABS/informatics/Users/gthomas/spiders/tree/19spec/astral-multi-tree//chelicerate-19spec-astral-multi.rooted.tre
# Gene tree file:                       /n/holylfs05/LABS/informatics/Users/gthomas/spiders/tree/19spec/astral-multi-tree//loci-rearrange-60.rooted.treefile
# Output directory:                     /n/holylfs05/LABS/informatics/Users/gthomas/spiders/grampa//19spec/astral-multi-bs60-full/
# Score file:                           /n/holylfs05/LABS/informatics/Users/gthomas/spiders/grampa//19spec/astral-multi-bs60-full/astral-multi-bs60-full-scores.txt
# Filtered gene trees:                  /n/holylfs05/LABS/informatics/Users/gthomas/spiders/grampa//19spec/astral-multi-bs60-full/astral-multi-bs60-full-trees-filtered.txt
# Check nums file:                      /n/holylfs05/LABS/informatics/Users/gthomas/spiders/grampa//19spec/astral-multi-bs60-full/astral-multi-bs60-full-checknums.txt
# Detailed mapping file:                /n/holylfs05/LABS/informatics/Users/gthomas/spiders/grampa//19spec/astral-multi-bs60-full/astral-multi-bs60-full-detailed.txt
# Duplication count file:               /n/holylfs05/LABS/informatics/Users/gthomas/spiders/grampa//19spec/astral-multi-bs60-full/astral-multi-bs60-full-dup-counts.txt
# -----------------------------------------------------------------------------------------------------------------------------
# OPTIONS INFO:
# Option                                Current setting               Current action
# -h1                                   All                           GRAMPA will search these H1 nodes. If none are specified, all nodes will be searched as H1 nodes.
# -h2                                   All                           GRAMPA will search these H2 nodes. If none are specified, all nodes will be searched as H2 nodes.
# -c                                    15                            Gene trees with more than this number of groups/clades with polyploid species for a given h1/h2 combination will be skipped.
# -f                                    astral-multi-bs60-full        All output files generated will have this string preprended to them.
# -p                                    30                            GRAMPA will use this number of processes for LCA mapping.
# -v                                    3                             Controls the amount of info printed to the screen as GRAMPA is running.
# --multree                             False                         The tree input with -s will be read as singly-labeled tree.
# --checknums                           False                         GRAMPA will count groups to filter gene trees and then perform reconciliations.
# --no-st, --st-only                    default                       GRAMPA will perform reconciliations to all MUL-trees specified by -h1 and -h2 and the input species tree.
# --maps                                False                         GRAMPA will only output duplication and loss counts in the detailed output file.
# -------------------------------------------------------------------------------------------------------------------------------------------------------------------------------
# Date        Time      Current step                                      Status                                  Elapsed time (s)    Step time (s)   Current mem (MB)  Virtual mem (MB)
# -------------------------------------------------------------------------------------------------------------------------------------------------------------------------------
# 03.14.2025  15:30:16  Reading species tree                              Success: species tree read              0.21818             0.02175         19.15234          234.82422 
# 03.14.2025  15:30:16  Parsing hybrid clades                             Success: got H nodes                    0.21957             0.00056         19.1875           234.82422 
# 03.14.2025  15:30:16  Counting MUL-trees to be generated                Success: 1185 total MUL-trees           0.22069             0.00036         19.1875           234.82422 
# 03.14.2025  15:30:17  Building MUL-trees                                Success: 1185 MUL-trees built           0.71248             0.4911          31.95703          247.82422 
# 03.14.2025  15:30:17  Reading gene trees                                Success: 6368 gene trees read           1.20926             0.49581         93.64844          305.29297 
# 03.14.2025  15:34:24  Collapsing gene tree groupings                    Success                                 248.17287           246.96233       94.28125          309.35547 
# 03.14.2025  15:35:00  Filtering gene trees over group cap               Success: 12 gts over cap                283.57411           35.3977         127.25            338.58984 
# WARNING: Gene tree on line 595 is over the group cap in 34 MTs and will be filtered.
# WARNING: Gene tree on line 1171 is over the group cap in 33 MTs and will be filtered.
# WARNING: Gene tree on line 1532 is over the group cap in 37 MTs and will be filtered.
# WARNING: Gene tree on line 1826 is over the group cap in 5 MTs and will be filtered.
# WARNING: Gene tree on line 2094 is over the group cap in 17 MTs and will be filtered.
# WARNING: Gene tree on line 2190 is over the group cap in 114 MTs and will be filtered.
# WARNING: Gene tree on line 2556 is over the group cap in 37 MTs and will be filtered.
# WARNING: Gene tree on line 2191 is over the group cap in 238 MTs and will be filtered.
# WARNING: Gene tree on line 3559 is over the group cap in 37 MTs and will be filtered.
# WARNING: Gene tree on line 4228 is over the group cap in 37 MTs and will be filtered.
# WARNING: Gene tree on line 5137 is over the group cap in 107 MTs and will be filtered.
# WARNING: Gene tree on line 5788 is over the group cap in 91 MTs and will be filtered.
# 03.14.2025  15:35:00  INFO: Filtered gene trees: 12
# 03.14.2025  15:35:00  INFO: Final gene tree count for reconciliations: 6356
# 03.14.2025  15:35:00  Writing filtered gene trees to file               Success: 6356 gene trees written        283.59251           0.00748         127.26172         338.58984 
# ----------------------------------------
# 03.14.2025  15:51:26  Reconciliation                                    Success                                 1269.5009           985.90694       127.26953         338.58984 
# 03.14.2025  15:52:56  Getting maps for lowest scoring MTs               Success                                 1360.03752          90.52901        347.03125         556.87109 
# 03.14.2025  15:52:56  Writing detailed output file                      Success                                 1360.05517          0.01411         347.15234         560.91797 
# 03.14.2025  15:52:56  Writing main output file                          Success                                 1360.20626          0.15029         347.33594         564.91797 
# ===============================================================================================================================================================================
#
# Done!
# The date and time at the end is: 03.14.2025  15:52:57
# Total execution time:            1360.308 seconds.
# Output directory for this run:   /n/holylfs05/LABS/informatics/Users/gthomas/spiders/grampa//19spec/astral-multi-bs60-full/
# Log file for this run:           /n/holylfs05/LABS/informatics/Users/gthomas/spiders/grampa//19spec/astral-multi-bs60-full/astral-multi-bs60-full.log

# GRAMPA finished with 13 WARNINGS -- check log file for more info
# ----------------------------------------
# The MUL-tree with the minimum parsimony score is MT-1063:	((DMELA,BMORI)<1>,(((ISCAP,HLONG)<2>,(VDEST,MOCCI)<3>)<4>,(((LPOLY,(CROTU,TGIGA)<5>)<6>,(CSCUL,(LRECL,(SMIMO+,((ABRUE+,(NCLAV+,TANTI+)<7>)<8>,(PTEPI+,LHESP+)<9>)<10>)<11>)<12>)<13>)<14>,((SSCAB,TURTI)<15>,(SMIMO*,((ABRUE*,(NCLAV*,TANTI*)<16>)<17>,(PTEPI*,LHESP*)<18>)<19>)<20>)<21>)<22>)<23>)<24>
# Score = 89707
# ----------------------------------------
# ===============================================================================================================================================================================
#
