# Warning! With -c set to 15 or higher, some gene trees may take a very long time to reconcile!

#
# =========================================================================
# Welcome to GRAMPA -- Gene tree reconciliations with MUL-trees.
# Version 1.4.0 released on March 2023
# GRAMPA was developed by Gregg Thomas, S. Hussain Ather, Matthew Hahn
# Citation:      https://doi.org/10.1093/sysbio/syx044
# Website:       https://gwct.github.io/grampa/
# Report issues: https://github.com/gwct/grampa
#
# The date and time at the start is:  03.13.2025  20:48:33
# Using Python executable located at: /n/home07/gthomas/miniconda3/envs/snparcher-env/bin/python3.11
# Using Python version:               3.11.4
#
# The program was called as:          grampa.py -s /n/holylfs05/LABS/informatics/Users/gthomas/spiders/tree/19spec/astral-multi-tree//chelicerate-19spec-astral-multi.rooted.tre -g /n/holylfs05/LABS/informatics/Users/gthomas/spiders/tree/19spec/astral-multi-tree//loci-rearrange-70.rooted.treefile -o /n/holylfs05/LABS/informatics/Users/gthomas/spiders/grampa//19spec/astral-multi-bs70-h1-sp/ -h1 CSCUL,LRECL,SMIMO,LHESP,PTEPI,ABRUE,NCLAV,TANTI -c 15 -f astral-multi-bs70-sp -p 30
#
# -----------------------------------------------------------------------------------------------------------------------------
# INPUT/OUTPUT INFO:
# Species tree file:                    /n/holylfs05/LABS/informatics/Users/gthomas/spiders/tree/19spec/astral-multi-tree//chelicerate-19spec-astral-multi.rooted.tre
# Gene tree file:                       /n/holylfs05/LABS/informatics/Users/gthomas/spiders/tree/19spec/astral-multi-tree//loci-rearrange-70.rooted.treefile
# Output directory:                     /n/holylfs05/LABS/informatics/Users/gthomas/spiders/grampa//19spec/astral-multi-bs70-h1-sp/
# Score file:                           /n/holylfs05/LABS/informatics/Users/gthomas/spiders/grampa//19spec/astral-multi-bs70-h1-sp/astral-multi-bs70-sp-scores.txt
# Filtered gene trees:                  /n/holylfs05/LABS/informatics/Users/gthomas/spiders/grampa//19spec/astral-multi-bs70-h1-sp/astral-multi-bs70-sp-trees-filtered.txt
# Check nums file:                      /n/holylfs05/LABS/informatics/Users/gthomas/spiders/grampa//19spec/astral-multi-bs70-h1-sp/astral-multi-bs70-sp-checknums.txt
# Detailed mapping file:                /n/holylfs05/LABS/informatics/Users/gthomas/spiders/grampa//19spec/astral-multi-bs70-h1-sp/astral-multi-bs70-sp-detailed.txt
# Duplication count file:               /n/holylfs05/LABS/informatics/Users/gthomas/spiders/grampa//19spec/astral-multi-bs70-h1-sp/astral-multi-bs70-sp-dup-counts.txt
# -----------------------------------------------------------------------------------------------------------------------------
# OPTIONS INFO:
# Option                                Current setting               Current action
# -h1                                   CSCUL,LRECL,SMIMO,LHESP,PTEPI,ABRUE,NCLAV,TANTIGRAMPA will search these H1 nodes. If none are specified, all nodes will be searched as H1 nodes.
# -h2                                   All                           GRAMPA will search these H2 nodes. If none are specified, all nodes will be searched as H2 nodes.
# -c                                    15                            Gene trees with more than this number of groups/clades with polyploid species for a given h1/h2 combination will be skipped.
# -f                                    astral-multi-bs70-sp          All output files generated will have this string preprended to them.
# -p                                    30                            GRAMPA will use this number of processes for LCA mapping.
# -v                                    3                             Controls the amount of info printed to the screen as GRAMPA is running.
# --multree                             False                         The tree input with -s will be read as singly-labeled tree.
# --checknums                           False                         GRAMPA will count groups to filter gene trees and then perform reconciliations.
# --no-st, --st-only                    default                       GRAMPA will perform reconciliations to all MUL-trees specified by -h1 and -h2 and the input species tree.
# --maps                                False                         GRAMPA will only output duplication and loss counts in the detailed output file.
# -------------------------------------------------------------------------------------------------------------------------------------------------------------------------------
# Date        Time      Current step                                      Status                                  Elapsed time (s)    Step time (s)   Current mem (MB)  Virtual mem (MB)
# -------------------------------------------------------------------------------------------------------------------------------------------------------------------------------
# 03.13.2025  20:48:34  Reading species tree                              Success: species tree read              0.33475             0.00357         17.01562          235.82422 
# 03.13.2025  20:48:34  Parsing hybrid clades                             Success: got H nodes                    0.33591             0.00039         17.05469          235.82422 
# 03.13.2025  20:48:34  Counting MUL-trees to be generated                Success: 23 total MUL-trees             0.33659             7e-05           17.05469          235.82422 
# 03.13.2025  20:48:34  Building MUL-trees                                Success: 23 MUL-trees built             0.35364             0.01643         17.24219          235.82422 
# 03.13.2025  20:48:34  Reading gene trees                                Success: 6368 gene trees read           0.70447             0.35015         78.59766          293.17188 
# 03.13.2025  20:48:46  Collapsing gene tree groupings                    Success                                 12.71681            12.01123        79.26172          297.21875 
# 03.13.2025  20:48:47  Filtering gene trees over group cap               Success: 1 gts over cap                 13.60625            0.88735         103.22266         315.17969 
# WARNING: Gene tree on line 2191 is over the group cap in 3 MTs and will be filtered.
# 03.13.2025  20:48:47  INFO: Filtered gene trees: 1
# 03.13.2025  20:48:47  INFO: Final gene tree count for reconciliations: 6367
# 03.13.2025  20:48:47  Writing filtered gene trees to file               Success: 6367 gene trees written        13.61729            0.00702         100.24219         312.17969 
# ----------------------------------------
# 03.13.2025  20:57:44  Reconciliation                                    Success                                 550.92736           537.30871       105.36719         312.17969 
# 03.13.2025  21:10:37  Getting maps for lowest scoring MTs               Success                                 1323.39513          772.45915       327.76953         535.38281 
# 03.13.2025  21:10:37  Writing detailed output file                      Success                                 1323.41143          0.01133         327.76953         539.44922 
# 03.13.2025  21:10:37  Writing main output file                          Success                                 1323.52127          0.10903         327.88672         543.44922 
# ===============================================================================================================================================================================
#
# Done!
# The date and time at the end is: 03.13.2025  21:10:37
# Total execution time:            1323.612 seconds.
# Output directory for this run:   /n/holylfs05/LABS/informatics/Users/gthomas/spiders/grampa//19spec/astral-multi-bs70-h1-sp/
# Log file for this run:           /n/holylfs05/LABS/informatics/Users/gthomas/spiders/grampa//19spec/astral-multi-bs70-h1-sp/astral-multi-bs70-sp.log

# GRAMPA finished with 2 WARNINGS -- check log file for more info
# ----------------------------------------
# The MUL-tree with the minimum parsimony score is MT-20:	((DMELA,BMORI)<1>,(((ISCAP,HLONG)<2>,(VDEST,MOCCI)<3>)<4>,(((LPOLY,(CROTU,TGIGA)<5>)<6>,(CSCUL+,(LRECL+,(SMIMO+,((ABRUE+,(NCLAV+,TANTI+)<7>)<8>,(PTEPI+,LHESP+)<9>)<10>)<11>)<12>)<13>)<14>,((SSCAB,TURTI)<15>,(CSCUL*,(LRECL*,(SMIMO*,((ABRUE*,(NCLAV*,TANTI*)<16>)<17>,(PTEPI*,LHESP*)<18>)<19>)<20>)<21>)<22>)<23>)<24>)<25>)<26>
# Score = 82150
# ----------------------------------------
# ===============================================================================================================================================================================
#
