# Warning! With -c set to 15 or higher, some gene trees may take a very long time to reconcile!

#
# =========================================================================
# Welcome to GRAMPA -- Gene tree reconciliations with MUL-trees.
# Version 1.4.0 released on March 2023
# GRAMPA was developed by Gregg Thomas, S. Hussain Ather, Matthew Hahn
# Citation:      https://doi.org/10.1093/sysbio/syx044
# Website:       https://gwct.github.io/grampa/
# Report issues: https://github.com/gwct/grampa
#
# The date and time at the start is:  03.13.2025  19:36:44
# Using Python executable located at: /n/home07/gthomas/miniconda3/envs/snparcher-env/bin/python3.11
# Using Python version:               3.11.4
#
# The program was called as:          grampa.py -s /n/holylfs05/LABS/informatics/Users/gthomas/spiders/tree/19spec/astral-multi-tree//chelicerate-19spec-astral-multi.rooted.tre -g /n/holylfs05/LABS/informatics/Users/gthomas/spiders/tree/19spec/astral-multi-tree//loci-rearrange-70.rooted.treefile -o /n/holylfs05/LABS/informatics/Users/gthomas/spiders/grampa//19spec/astral-multi-bs70-full/ -c 15 -f astral-multi-bs70-full -p 30
#
# -----------------------------------------------------------------------------------------------------------------------------
# INPUT/OUTPUT INFO:
# Species tree file:                    /n/holylfs05/LABS/informatics/Users/gthomas/spiders/tree/19spec/astral-multi-tree//chelicerate-19spec-astral-multi.rooted.tre
# Gene tree file:                       /n/holylfs05/LABS/informatics/Users/gthomas/spiders/tree/19spec/astral-multi-tree//loci-rearrange-70.rooted.treefile
# Output directory:                     /n/holylfs05/LABS/informatics/Users/gthomas/spiders/grampa//19spec/astral-multi-bs70-full/
# Score file:                           /n/holylfs05/LABS/informatics/Users/gthomas/spiders/grampa//19spec/astral-multi-bs70-full/astral-multi-bs70-full-scores.txt
# Filtered gene trees:                  /n/holylfs05/LABS/informatics/Users/gthomas/spiders/grampa//19spec/astral-multi-bs70-full/astral-multi-bs70-full-trees-filtered.txt
# Check nums file:                      /n/holylfs05/LABS/informatics/Users/gthomas/spiders/grampa//19spec/astral-multi-bs70-full/astral-multi-bs70-full-checknums.txt
# Detailed mapping file:                /n/holylfs05/LABS/informatics/Users/gthomas/spiders/grampa//19spec/astral-multi-bs70-full/astral-multi-bs70-full-detailed.txt
# Duplication count file:               /n/holylfs05/LABS/informatics/Users/gthomas/spiders/grampa//19spec/astral-multi-bs70-full/astral-multi-bs70-full-dup-counts.txt
# -----------------------------------------------------------------------------------------------------------------------------
# OPTIONS INFO:
# Option                                Current setting               Current action
# -h1                                   All                           GRAMPA will search these H1 nodes. If none are specified, all nodes will be searched as H1 nodes.
# -h2                                   All                           GRAMPA will search these H2 nodes. If none are specified, all nodes will be searched as H2 nodes.
# -c                                    15                            Gene trees with more than this number of groups/clades with polyploid species for a given h1/h2 combination will be skipped.
# -f                                    astral-multi-bs70-full        All output files generated will have this string preprended to them.
# -p                                    30                            GRAMPA will use this number of processes for LCA mapping.
# -v                                    3                             Controls the amount of info printed to the screen as GRAMPA is running.
# --multree                             False                         The tree input with -s will be read as singly-labeled tree.
# --checknums                           False                         GRAMPA will count groups to filter gene trees and then perform reconciliations.
# --no-st, --st-only                    default                       GRAMPA will perform reconciliations to all MUL-trees specified by -h1 and -h2 and the input species tree.
# --maps                                False                         GRAMPA will only output duplication and loss counts in the detailed output file.
# -------------------------------------------------------------------------------------------------------------------------------------------------------------------------------
# Date        Time      Current step                                      Status                                  Elapsed time (s)    Step time (s)   Current mem (MB)  Virtual mem (MB)
# -------------------------------------------------------------------------------------------------------------------------------------------------------------------------------
# 03.13.2025  19:36:44  Reading species tree                              Success: species tree read              0.20959             0.01619         17.23828          234.82422 
# 03.13.2025  19:36:44  Parsing hybrid clades                             Success: got H nodes                    0.21092             0.00056         17.23828          234.82422 
# 03.13.2025  19:36:44  Counting MUL-trees to be generated                Success: 1185 total MUL-trees           0.21191             0.00037         17.23828          234.82422 
# 03.13.2025  19:36:45  Building MUL-trees                                Success: 1185 MUL-trees built           0.7062              0.49362         29.94531          247.82422 
# 03.13.2025  19:36:45  Reading gene trees                                Success: 6368 gene trees read           1.19245             0.48545         93.34375          305.23438 
# 03.13.2025  19:40:53  Collapsing gene tree groupings                    Success                                 248.64139           247.44772       94.06641          309.28125 
# 03.13.2025  19:41:26  Filtering gene trees over group cap               Success: 10 gts over cap                281.3979            32.75213        128.05078         337.51562 
# WARNING: Gene tree on line 595 is over the group cap in 23 MTs and will be filtered.
# WARNING: Gene tree on line 1171 is over the group cap in 33 MTs and will be filtered.
# WARNING: Gene tree on line 1532 is over the group cap in 37 MTs and will be filtered.
# WARNING: Gene tree on line 2190 is over the group cap in 109 MTs and will be filtered.
# WARNING: Gene tree on line 2191 is over the group cap in 238 MTs and will be filtered.
# WARNING: Gene tree on line 2556 is over the group cap in 37 MTs and will be filtered.
# WARNING: Gene tree on line 3559 is over the group cap in 37 MTs and will be filtered.
# WARNING: Gene tree on line 4228 is over the group cap in 37 MTs and will be filtered.
# WARNING: Gene tree on line 5137 is over the group cap in 107 MTs and will be filtered.
# WARNING: Gene tree on line 5788 is over the group cap in 78 MTs and will be filtered.
# 03.13.2025  19:41:26  INFO: Filtered gene trees: 10
# 03.13.2025  19:41:26  INFO: Final gene tree count for reconciliations: 6358
# 03.13.2025  19:41:26  Writing filtered gene trees to file               Success: 6358 gene trees written        281.41361           0.00652         125.08203         334.51562 
# ----------------------------------------
# 03.13.2025  19:55:09  Reconciliation                                    Success                                 1105.30013          823.88522       125.60156         334.51562 
# 03.13.2025  19:56:39  Getting maps for lowest scoring MTs               Success                                 1195.00561          89.70144        345.53125         554.55469 
# 03.13.2025  19:56:39  Writing detailed output file                      Success                                 1195.02038          0.01153         345.53125         558.60547 
# 03.13.2025  19:56:39  Writing main output file                          Success                                 1195.13202          0.11084         345.81641         562.60547 
# ===============================================================================================================================================================================
#
# Done!
# The date and time at the end is: 03.13.2025  19:56:39
# Total execution time:            1195.226 seconds.
# Output directory for this run:   /n/holylfs05/LABS/informatics/Users/gthomas/spiders/grampa//19spec/astral-multi-bs70-full/
# Log file for this run:           /n/holylfs05/LABS/informatics/Users/gthomas/spiders/grampa//19spec/astral-multi-bs70-full/astral-multi-bs70-full.log

# GRAMPA finished with 11 WARNINGS -- check log file for more info
# ----------------------------------------
# The MUL-tree with the minimum parsimony score is MT-566:	((DMELA,BMORI)<1>,(((ISCAP,HLONG)<2>,(VDEST,MOCCI)<3>)<4>,(((LPOLY,(CROTU,TGIGA)<5>)<6>,(CSCUL,((LRECL,PTEPI*)<7>,(SMIMO,((ABRUE,(NCLAV,TANTI)<8>)<9>,(PTEPI+,LHESP)<10>)<11>)<12>)<13>)<14>)<15>,(SSCAB,TURTI)<16>)<17>)<18>)<19>
# Score = 79809
# ----------------------------------------
# ===============================================================================================================================================================================
#
