# Warning! With -c set to 15 or higher, some gene trees may take a very long time to reconcile!

#
# =========================================================================
# Welcome to GRAMPA -- Gene tree reconciliations with MUL-trees.
# Version 1.4.0 released on March 2023
# GRAMPA was developed by Gregg Thomas, S. Hussain Ather, Matthew Hahn
# Citation:      https://doi.org/10.1093/sysbio/syx044
# Website:       https://gwct.github.io/grampa/
# Report issues: https://github.com/gwct/grampa
#
# The date and time at the start is:  05.29.2024  20:40:12
# Using Python executable located at: /n/home07/gthomas/miniconda3/bin/python3.9
# Using Python version:               3.9.15
#
# The program was called as:          grampa.py -s /n/holylfs05/LABS/informatics/Users/gthomas/spiders/tree/19spec/astral-multi-tree//chelicerate-19spec-astral-multi.rooted.tre -g /n/holylfs05/LABS/informatics/Users/gthomas/spiders/tree/19spec/astral-multi-tree//loci-rearrange-0.rooted.treefile -o /n/holylfs05/LABS/informatics/Users/gthomas/spiders/grampa//19spec/astral-multi-bs0-h1-hcsp/ -h1 CROTU,TGIGA,LPOLY CSCUL,LRECL,SMIMO,LHESP,PTEPI,ABRUE,NCLAV,TANTI -c 15 -f astral-multi-bs0-hcsp -p 30
#
# -----------------------------------------------------------------------------------------------------------------------------
# INPUT/OUTPUT INFO:
# Species tree file:                    /n/holylfs05/LABS/informatics/Users/gthomas/spiders/tree/19spec/astral-multi-tree//chelicerate-19spec-astral-multi.rooted.tre
# Gene tree file:                       /n/holylfs05/LABS/informatics/Users/gthomas/spiders/tree/19spec/astral-multi-tree//loci-rearrange-0.rooted.treefile
# Output directory:                     /n/holylfs05/LABS/informatics/Users/gthomas/spiders/grampa//19spec/astral-multi-bs0-h1-hcsp/
# Score file:                           /n/holylfs05/LABS/informatics/Users/gthomas/spiders/grampa//19spec/astral-multi-bs0-h1-hcsp/astral-multi-bs0-hcsp-scores.txt
# Filtered gene trees:                  /n/holylfs05/LABS/informatics/Users/gthomas/spiders/grampa//19spec/astral-multi-bs0-h1-hcsp/astral-multi-bs0-hcsp-trees-filtered.txt
# Check nums file:                      /n/holylfs05/LABS/informatics/Users/gthomas/spiders/grampa//19spec/astral-multi-bs0-h1-hcsp/astral-multi-bs0-hcsp-checknums.txt
# Detailed mapping file:                /n/holylfs05/LABS/informatics/Users/gthomas/spiders/grampa//19spec/astral-multi-bs0-h1-hcsp/astral-multi-bs0-hcsp-detailed.txt
# Duplication count file:               /n/holylfs05/LABS/informatics/Users/gthomas/spiders/grampa//19spec/astral-multi-bs0-h1-hcsp/astral-multi-bs0-hcsp-dup-counts.txt
# -----------------------------------------------------------------------------------------------------------------------------
# OPTIONS INFO:
# Option                                Current setting               Current action
# -h1                                   CROTU,TGIGA,LPOLY CSCUL,LRECL,SMIMO,LHESP,PTEPI,ABRUE,NCLAV,TANTIGRAMPA will search these H1 nodes. If none are specified, all nodes will be searched as H1 nodes.
# -h2                                   All                           GRAMPA will search these H2 nodes. If none are specified, all nodes will be searched as H2 nodes.
# -c                                    15                            Gene trees with more than this number of groups/clades with polyploid species for a given h1/h2 combination will be skipped.
# -f                                    astral-multi-bs0-hcsp         All output files generated will have this string preprended to them.
# -p                                    30                            GRAMPA will use this number of processes for LCA mapping.
# -v                                    3                             Controls the amount of info printed to the screen as GRAMPA is running.
# --multree                             False                         The tree input with -s will be read as singly-labeled tree.
# --checknums                           False                         GRAMPA will count groups to filter gene trees and then perform reconciliations.
# --no-st, --st-only                    default                       GRAMPA will perform reconciliations to all MUL-trees specified by -h1 and -h2 and the input species tree.
# --maps                                False                         GRAMPA will only output duplication and loss counts in the detailed output file.
# ------------------------------------------------------------------------------------------------------------------------------------------------------
# Date        Time      Current step                                      Status                                  Elapsed time (s)    Step time (s)   
# ------------------------------------------------------------------------------------------------------------------------------------------------------
# 05.29.2024  20:40:12  Reading species tree                              Success: species tree read              0.33106             0.01415         
# 05.29.2024  20:40:12  Parsing hybrid clades                             Success: got H nodes                    0.33288             0.00067         
# 05.29.2024  20:40:12  Counting MUL-trees to be generated                Success: 56 total MUL-trees             0.334               0.0001          
# 05.29.2024  20:40:12  Building MUL-trees                                Success: 56 MUL-trees built             0.37486             0.03988         
# 05.29.2024  20:40:13  Reading gene trees                                Success: 6368 gene trees read           0.92705             0.55084         
# 05.29.2024  20:40:41  Collapsing gene tree groupings                    Success                                 29.39919            28.46997        
# 05.29.2024  20:40:43  Filtering gene trees over group cap               Success: 6 gts over cap                 31.42644            2.02434         
# WARNING: Gene tree on line 595 is over the group cap in 4 MTs and will be filtered.
# WARNING: Gene tree on line 1171 is over the group cap in 33 MTs and will be filtered.
# WARNING: Gene tree on line 1532 is over the group cap in 33 MTs and will be filtered.
# WARNING: Gene tree on line 2389 is over the group cap in 5 MTs and will be filtered.
# WARNING: Gene tree on line 2556 is over the group cap in 23 MTs and will be filtered.
# WARNING: Gene tree on line 2191 is over the group cap in 36 MTs and will be filtered.
# 05.29.2024  20:40:43  INFO: Filtered gene trees: 6
# 05.29.2024  20:40:43  INFO: Final gene tree count for reconciliations: 6362
# 05.29.2024  20:40:43  Writing filtered gene trees to file               Success: 6362 gene trees written        31.44473            0.00829         
# ----------------------------------------
# 05.29.2024  21:10:15  Reconciliation                                    Success                                 1803.48991          1772.0429       
# 05.29.2024  22:23:13  Getting maps for lowest scoring MTs               Success                                 6181.17935          4377.68167      
# 05.29.2024  22:23:13  Writing detailed output file                      Success                                 6181.24694          0.03275         
# 05.29.2024  22:23:13  Writing main output file                          Success                                 6181.41604          0.16802         
# ===============================================================================================================================================================================
#
# Done!
# The date and time at the end is: 05.29.2024  22:23:14
# Total execution time:            6181.543 seconds.
# Output directory for this run:   /n/holylfs05/LABS/informatics/Users/gthomas/spiders/grampa//19spec/astral-multi-bs0-h1-hcsp/
# Log file for this run:           /n/holylfs05/LABS/informatics/Users/gthomas/spiders/grampa//19spec/astral-multi-bs0-h1-hcsp/astral-multi-bs0-hcsp.log

# GRAMPA finished with 7 WARNINGS -- check log file for more info
# ----------------------------------------
# The MUL-tree with the minimum parsimony score is MT-53:	((DMELA,BMORI)<1>,(((ISCAP,HLONG)<2>,(VDEST,MOCCI)<3>)<4>,(((LPOLY,(CROTU,TGIGA)<5>)<6>,(CSCUL+,(LRECL+,(SMIMO+,((ABRUE+,(NCLAV+,TANTI+)<7>)<8>,(PTEPI+,LHESP+)<9>)<10>)<11>)<12>)<13>)<14>,((SSCAB,TURTI)<15>,(CSCUL*,(LRECL*,(SMIMO*,((ABRUE*,(NCLAV*,TANTI*)<16>)<17>,(PTEPI*,LHESP*)<18>)<19>)<20>)<21>)<22>)<23>)<24>)<25>)<26>
# Score = 129478
# ----------------------------------------
# ===============================================================================================================================================================================
#
