# Warning! With -c set to 15 or higher, some gene trees may take a very long time to reconcile!

#
# =========================================================================
# Welcome to GRAMPA -- Gene tree reconciliations with MUL-trees.
# Version 1.4.0 released on March 2023
# GRAMPA was developed by Gregg Thomas, S. Hussain Ather, Matthew Hahn
# Citation:      https://doi.org/10.1093/sysbio/syx044
# Website:       https://gwct.github.io/grampa/
# Report issues: https://github.com/gwct/grampa
#
# The date and time at the start is:  03.15.2023  05:43:58
# Using Python executable located at: /n/home07/gthomas/miniconda3/envs/mapping-sims/bin/python3.9
# Using Python version:               3.9.15
#
# The program was called as:          grampa.py -s /n/holylfs05/LABS/informatics/Users/gthomas/spiders/tree/19spec/astral-multi-tree//chelicerate-19spec-astral-multi.rooted.tre -g /n/holylfs05/LABS/informatics/Users/gthomas/spiders/tree/19spec/astral-multi-tree//loci-rearrange-90.rooted.treefile -o /n/holylfs05/LABS/informatics/Users/gthomas/spiders/grampa//19spec/astral-multi-bs90-h1-hc/ -h1 CROTU,TGIGA,LPOLY -c 15 -f astral-multi-bs90-hc -p 30
#
# -----------------------------------------------------------------------------------------------------------------------------
# INPUT/OUTPUT INFO:
# Species tree file:                    /n/holylfs05/LABS/informatics/Users/gthomas/spiders/tree/19spec/astral-multi-tree//chelicerate-19spec-astral-multi.rooted.tre
# Gene tree file:                       /n/holylfs05/LABS/informatics/Users/gthomas/spiders/tree/19spec/astral-multi-tree//loci-rearrange-90.rooted.treefile
# Output directory:                     /n/holylfs05/LABS/informatics/Users/gthomas/spiders/grampa//19spec/astral-multi-bs90-h1-hc/
# Score file:                           /n/holylfs05/LABS/informatics/Users/gthomas/spiders/grampa//19spec/astral-multi-bs90-h1-hc/astral-multi-bs90-hc-scores.txt
# Filtered gene trees:                  /n/holylfs05/LABS/informatics/Users/gthomas/spiders/grampa//19spec/astral-multi-bs90-h1-hc/astral-multi-bs90-hc-trees-filtered.txt
# Check nums file:                      /n/holylfs05/LABS/informatics/Users/gthomas/spiders/grampa//19spec/astral-multi-bs90-h1-hc/astral-multi-bs90-hc-checknums.txt
# Detailed mapping file:                /n/holylfs05/LABS/informatics/Users/gthomas/spiders/grampa//19spec/astral-multi-bs90-h1-hc/astral-multi-bs90-hc-detailed.txt
# Duplication count file:               /n/holylfs05/LABS/informatics/Users/gthomas/spiders/grampa//19spec/astral-multi-bs90-h1-hc/astral-multi-bs90-hc-dup-counts.txt
# -----------------------------------------------------------------------------------------------------------------------------
# OPTIONS INFO:
# Option                                Current setting               Current action
# -h1                                   CROTU,TGIGA,LPOLY             GRAMPA will search these H1 nodes. If none are specified, all nodes will be searched as H1 nodes.
# -h2                                   All                           GRAMPA will search these H2 nodes. If none are specified, all nodes will be searched as H2 nodes.
# -c                                    15                            Gene trees with more than this number of groups/clades with polyploid species for a given h1/h2 combination will be skipped.
# -f                                    astral-multi-bs90-hc          All output files generated will have this string preprended to them.
# -p                                    30                            GRAMPA will use this number of processes for LCA mapping.
# -v                                    3                             Controls the amount of info printed to the screen as GRAMPA is running.
# --multree                             False                         The tree input with -s will be read as singly-labeled tree.
# --checknums                           False                         GRAMPA will count groups to filter gene trees and then perform reconciliations.
# --no-st, --st-only                    default                       GRAMPA will perform reconciliations to all MUL-trees specified by -h1 and -h2 and the input species tree.
# --maps                                False                         GRAMPA will only output duplication and loss counts in the detailed output file.
# -------------------------------------------------------------------------------------------------------------------------------------------------------------------------------
# Date        Time      Current step                                      Status                                  Elapsed time (s)    Step time (s)   Current mem (MB)  Virtual mem (MB)
# -------------------------------------------------------------------------------------------------------------------------------------------------------------------------------
# 03.15.2023  05:43:58  Reading species tree                              Success: species tree read              0.50694             0.00726         12.23438          332.30469 
# 03.15.2023  05:43:58  Parsing hybrid clades                             Success: got H nodes                    0.50874             0.00064         12.3125           332.30469 
# 03.15.2023  05:43:58  Counting MUL-trees to be generated                Success: 33 total MUL-trees             0.50962             6e-05           12.3125           332.30469 
# 03.15.2023  05:43:58  Building MUL-trees                                Success: 33 MUL-trees built             0.54132             0.03087         12.55859          332.80469 
# 03.15.2023  05:43:59  Reading gene trees                                Success: 6368 gene trees read           1.50992             0.96764         76.40625          389.43359 
# 03.15.2023  05:44:25  Collapsing gene tree groupings                    Success                                 27.93595            26.42416        77.29297          393.46484 
# 03.15.2023  05:44:28  Filtering gene trees over group cap               Success: 2 gts over cap                 30.21556            2.27259         94.45312          406.71484 
# WARNING: Gene tree on line 1532 is over the group cap in 33 MTs and will be filtered.
# WARNING: Gene tree on line 2191 is over the group cap in 33 MTs and will be filtered.
# 03.15.2023  05:44:28  INFO: Filtered gene trees: 2
# 03.15.2023  05:44:28  INFO: Final gene tree count for reconciliations: 6366
# 03.15.2023  05:44:28  Writing filtered gene trees to file               Success: 6366 gene trees written        30.23629            0.01283         88.45312          400.71484 
# ----------------------------------------
# 03.15.2023  06:17:10  Reconciliation                                    Success                                 1992.91061          1962.67215      90.50391          400.46484 
# 03.15.2023  07:43:29  Getting maps for lowest scoring MTs               Success                                 7171.94333          5179.02776      413.125           720.80469 
# 03.15.2023  07:43:29  Writing detailed output file                      Success                                 7172.03745          0.03796         413.17969         724.88281 
# 03.15.2023  07:43:30  Writing main output file                          Success                                 7172.26211          0.22341         413.1875          728.88281 
# ===============================================================================================================================================================================
#
# Done!
# The date and time at the end is: 03.15.2023  07:43:30
# Total execution time:            7172.437 seconds.
# Output directory for this run:   /n/holylfs05/LABS/informatics/Users/gthomas/spiders/grampa//19spec/astral-multi-bs90-h1-hc/
# Log file for this run:           /n/holylfs05/LABS/informatics/Users/gthomas/spiders/grampa//19spec/astral-multi-bs90-h1-hc/astral-multi-bs90-hc.log

# GRAMPA finished with 3 WARNINGS -- check log file for more info
# ----------------------------------------
# The tree with the minimum parsimony score is the singly-labled tree (ST):	((DMELA:0.6748860566978003,BMORI:0.1903869079745421)1:0.567154,(((ISCAP:0.0,HLONG:0.5909481437740124)1:1.7692005213966706,(VDEST:0.09484580730121676,MOCCI:0.12537533555608854)1:3.028374679259245)1:0.22986087516080772,(((LPOLY:0.0,(CROTU:0.0,TGIGA:0.0)1:0.6359539774679893)1:2.4219616999339117,(CSCUL:0.4071449626481913,(LRECL:0.4936230506267309,(SMIMO:0.0,((ABRUE:0.0,(NCLAV:0.07420873087116334,TANTI:0.0)1:1.7004236316450376)1:1.229767048226499,(PTEPI:0.0,LHESP:0.013467428064464663)1:0.8994799748948471)1:0.11495248555322901)1:0.9496283369669042)1:0.9282039572376419)1:0.25594235411215555)0:0.1255605404145735,(SSCAB:0.25752005755458274,TURTI:0.915501):0.9748364469099552)1:0.793481545633756)1:0.567154);
# Score = 62804
# ----------------------------------------
# ===============================================================================================================================================================================
#
