# Warning! With -c set to 15 or higher, some gene trees may take a very long time to reconcile!

#
# =========================================================================
# Welcome to GRAMPA -- Gene tree reconciliations with MUL-trees.
# Version 1.4.0 released on March 2023
# GRAMPA was developed by Gregg Thomas, S. Hussain Ather, Matthew Hahn
# Citation:      https://doi.org/10.1093/sysbio/syx044
# Website:       https://gwct.github.io/grampa/
# Report issues: https://github.com/gwct/grampa
#
# The date and time at the start is:  05.28.2024  20:23:10
# Using Python executable located at: /n/home07/gthomas/miniconda3/bin/python3.9
# Using Python version:               3.9.15
#
# The program was called as:          grampa.py -s /n/holylfs05/LABS/informatics/Users/gthomas/spiders/tree/19spec/astral-multi-tree//chelicerate-19spec-astral-multi.rooted.tre -g /n/holylfs05/LABS/informatics/Users/gthomas/spiders/tree/19spec/astral-multi-tree//loci-rearrange-80.rooted.treefile -o /n/holylfs05/LABS/informatics/Users/gthomas/spiders/grampa//19spec/astral-multi-bs80-full/ -c 15 -f astral-multi-bs80-full -p 30
#
# -----------------------------------------------------------------------------------------------------------------------------
# INPUT/OUTPUT INFO:
# Species tree file:                    /n/holylfs05/LABS/informatics/Users/gthomas/spiders/tree/19spec/astral-multi-tree//chelicerate-19spec-astral-multi.rooted.tre
# Gene tree file:                       /n/holylfs05/LABS/informatics/Users/gthomas/spiders/tree/19spec/astral-multi-tree//loci-rearrange-80.rooted.treefile
# Output directory:                     /n/holylfs05/LABS/informatics/Users/gthomas/spiders/grampa//19spec/astral-multi-bs80-full/
# Score file:                           /n/holylfs05/LABS/informatics/Users/gthomas/spiders/grampa//19spec/astral-multi-bs80-full/astral-multi-bs80-full-scores.txt
# Filtered gene trees:                  /n/holylfs05/LABS/informatics/Users/gthomas/spiders/grampa//19spec/astral-multi-bs80-full/astral-multi-bs80-full-trees-filtered.txt
# Check nums file:                      /n/holylfs05/LABS/informatics/Users/gthomas/spiders/grampa//19spec/astral-multi-bs80-full/astral-multi-bs80-full-checknums.txt
# Detailed mapping file:                /n/holylfs05/LABS/informatics/Users/gthomas/spiders/grampa//19spec/astral-multi-bs80-full/astral-multi-bs80-full-detailed.txt
# Duplication count file:               /n/holylfs05/LABS/informatics/Users/gthomas/spiders/grampa//19spec/astral-multi-bs80-full/astral-multi-bs80-full-dup-counts.txt
# -----------------------------------------------------------------------------------------------------------------------------
# OPTIONS INFO:
# Option                                Current setting               Current action
# -h1                                   All                           GRAMPA will search these H1 nodes. If none are specified, all nodes will be searched as H1 nodes.
# -h2                                   All                           GRAMPA will search these H2 nodes. If none are specified, all nodes will be searched as H2 nodes.
# -c                                    15                            Gene trees with more than this number of groups/clades with polyploid species for a given h1/h2 combination will be skipped.
# -f                                    astral-multi-bs80-full        All output files generated will have this string preprended to them.
# -p                                    30                            GRAMPA will use this number of processes for LCA mapping.
# -v                                    3                             Controls the amount of info printed to the screen as GRAMPA is running.
# --multree                             False                         The tree input with -s will be read as singly-labeled tree.
# --checknums                           False                         GRAMPA will count groups to filter gene trees and then perform reconciliations.
# --no-st, --st-only                    default                       GRAMPA will perform reconciliations to all MUL-trees specified by -h1 and -h2 and the input species tree.
# --maps                                False                         GRAMPA will only output duplication and loss counts in the detailed output file.
# ------------------------------------------------------------------------------------------------------------------------------------------------------
# Date        Time      Current step                                      Status                                  Elapsed time (s)    Step time (s)   
# ------------------------------------------------------------------------------------------------------------------------------------------------------
# 05.28.2024  20:23:10  Reading species tree                              Success: species tree read              0.16292             0.01372         
# 05.28.2024  20:23:10  Parsing hybrid clades                             Success: got H nodes                    0.16423             0.00079         
# 05.28.2024  20:23:10  Counting MUL-trees to be generated                Success: 1185 total MUL-trees           0.16519             0.00049         
# 05.28.2024  20:23:11  Building MUL-trees                                Success: 1185 MUL-trees built           0.80582             0.6402          
# 05.28.2024  20:23:11  Reading gene trees                                Success: 6368 gene trees read           1.36186             0.55549         
# 05.28.2024  20:29:03  Collapsing gene tree groupings                    Success                                 352.81333           351.45059       
# 05.28.2024  20:29:38  Filtering gene trees over group cap               Success: 10 gts over cap                388.14953           35.33278        
# WARNING: Gene tree on line 595 is over the group cap in 3 MTs and will be filtered.
# WARNING: Gene tree on line 1171 is over the group cap in 33 MTs and will be filtered.
# WARNING: Gene tree on line 1532 is over the group cap in 37 MTs and will be filtered.
# WARNING: Gene tree on line 2190 is over the group cap in 109 MTs and will be filtered.
# WARNING: Gene tree on line 2556 is over the group cap in 37 MTs and will be filtered.
# WARNING: Gene tree on line 2191 is over the group cap in 238 MTs and will be filtered.
# WARNING: Gene tree on line 3559 is over the group cap in 37 MTs and will be filtered.
# WARNING: Gene tree on line 4228 is over the group cap in 37 MTs and will be filtered.
# WARNING: Gene tree on line 5137 is over the group cap in 72 MTs and will be filtered.
# WARNING: Gene tree on line 5788 is over the group cap in 78 MTs and will be filtered.
# 05.28.2024  20:29:38  INFO: Filtered gene trees: 10
# 05.28.2024  20:29:38  INFO: Final gene tree count for reconciliations: 6358
# 05.28.2024  20:29:38  Writing filtered gene trees to file               Success: 6358 gene trees written        388.16447           0.00647         
# ----------------------------------------
# 05.28.2024  20:48:15  Reconciliation                                    Success                                 1505.62151          1117.45604      
# 05.28.2024  20:50:12  Getting maps for lowest scoring MTs               Success                                 1622.75648          117.13201       
# 05.28.2024  20:50:12  Writing detailed output file                      Success                                 1622.77402          0.01462         
# 05.28.2024  20:50:13  Writing main output file                          Success                                 1622.9089           0.13434         
# ===============================================================================================================================================================================
#
# Done!
# The date and time at the end is: 05.28.2024  20:50:13
# Total execution time:            1623.006 seconds.
# Output directory for this run:   /n/holylfs05/LABS/informatics/Users/gthomas/spiders/grampa//19spec/astral-multi-bs80-full/
# Log file for this run:           /n/holylfs05/LABS/informatics/Users/gthomas/spiders/grampa//19spec/astral-multi-bs80-full/astral-multi-bs80-full.log

# GRAMPA finished with 11 WARNINGS -- check log file for more info
# ----------------------------------------
# The MUL-tree with the minimum parsimony score is MT-566:	((DMELA,BMORI)<1>,(((ISCAP,HLONG)<2>,(VDEST,MOCCI)<3>)<4>,(((LPOLY,(CROTU,TGIGA)<5>)<6>,(CSCUL,((LRECL,PTEPI*)<7>,(SMIMO,((ABRUE,(NCLAV,TANTI)<8>)<9>,(PTEPI+,LHESP)<10>)<11>)<12>)<13>)<14>)<15>,(SSCAB,TURTI)<16>)<17>)<18>)<19>
# Score = 70422
# ----------------------------------------
# ===============================================================================================================================================================================
#
