# Warning! With -c set to 15 or higher, some gene trees may take a very long time to reconcile!

#
# =========================================================================
# Welcome to GRAMPA -- Gene tree reconciliations with MUL-trees.
# Version 1.4.0 released on March 2023
# GRAMPA was developed by Gregg Thomas, S. Hussain Ather, Matthew Hahn
# Citation:      https://doi.org/10.1093/sysbio/syx044
# Website:       https://gwct.github.io/grampa/
# Report issues: https://github.com/gwct/grampa
#
# The date and time at the start is:  03.14.2025  16:52:05
# Using Python executable located at: /n/home07/gthomas/miniconda3/envs/snparcher-env/bin/python3.11
# Using Python version:               3.11.4
#
# The program was called as:          grampa.py -s /n/holylfs05/LABS/informatics/Users/gthomas/spiders/tree/19spec/astral-multi-tree//chelicerate-19spec-astral-multi.rooted.tre -g /n/holylfs05/LABS/informatics/Users/gthomas/spiders/tree/19spec/astral-multi-tree//loci-rearrange-60.rooted.treefile -o /n/holylfs05/LABS/informatics/Users/gthomas/spiders/grampa//19spec/astral-multi-bs60-h1-hcsp/ -h1 CROTU,TGIGA,LPOLY CSCUL,LRECL,SMIMO,LHESP,PTEPI,ABRUE,NCLAV,TANTI -c 15 -f astral-multi-bs60-hcsp -p 30
#
# -----------------------------------------------------------------------------------------------------------------------------
# INPUT/OUTPUT INFO:
# Species tree file:                    /n/holylfs05/LABS/informatics/Users/gthomas/spiders/tree/19spec/astral-multi-tree//chelicerate-19spec-astral-multi.rooted.tre
# Gene tree file:                       /n/holylfs05/LABS/informatics/Users/gthomas/spiders/tree/19spec/astral-multi-tree//loci-rearrange-60.rooted.treefile
# Output directory:                     /n/holylfs05/LABS/informatics/Users/gthomas/spiders/grampa//19spec/astral-multi-bs60-h1-hcsp/
# Score file:                           /n/holylfs05/LABS/informatics/Users/gthomas/spiders/grampa//19spec/astral-multi-bs60-h1-hcsp/astral-multi-bs60-hcsp-scores.txt
# Filtered gene trees:                  /n/holylfs05/LABS/informatics/Users/gthomas/spiders/grampa//19spec/astral-multi-bs60-h1-hcsp/astral-multi-bs60-hcsp-trees-filtered.txt
# Check nums file:                      /n/holylfs05/LABS/informatics/Users/gthomas/spiders/grampa//19spec/astral-multi-bs60-h1-hcsp/astral-multi-bs60-hcsp-checknums.txt
# Detailed mapping file:                /n/holylfs05/LABS/informatics/Users/gthomas/spiders/grampa//19spec/astral-multi-bs60-h1-hcsp/astral-multi-bs60-hcsp-detailed.txt
# Duplication count file:               /n/holylfs05/LABS/informatics/Users/gthomas/spiders/grampa//19spec/astral-multi-bs60-h1-hcsp/astral-multi-bs60-hcsp-dup-counts.txt
# -----------------------------------------------------------------------------------------------------------------------------
# OPTIONS INFO:
# Option                                Current setting               Current action
# -h1                                   CROTU,TGIGA,LPOLY CSCUL,LRECL,SMIMO,LHESP,PTEPI,ABRUE,NCLAV,TANTIGRAMPA will search these H1 nodes. If none are specified, all nodes will be searched as H1 nodes.
# -h2                                   All                           GRAMPA will search these H2 nodes. If none are specified, all nodes will be searched as H2 nodes.
# -c                                    15                            Gene trees with more than this number of groups/clades with polyploid species for a given h1/h2 combination will be skipped.
# -f                                    astral-multi-bs60-hcsp        All output files generated will have this string preprended to them.
# -p                                    30                            GRAMPA will use this number of processes for LCA mapping.
# -v                                    3                             Controls the amount of info printed to the screen as GRAMPA is running.
# --multree                             False                         The tree input with -s will be read as singly-labeled tree.
# --checknums                           False                         GRAMPA will count groups to filter gene trees and then perform reconciliations.
# --no-st, --st-only                    default                       GRAMPA will perform reconciliations to all MUL-trees specified by -h1 and -h2 and the input species tree.
# --maps                                False                         GRAMPA will only output duplication and loss counts in the detailed output file.
# -------------------------------------------------------------------------------------------------------------------------------------------------------------------------------
# Date        Time      Current step                                      Status                                  Elapsed time (s)    Step time (s)   Current mem (MB)  Virtual mem (MB)
# -------------------------------------------------------------------------------------------------------------------------------------------------------------------------------
# 03.14.2025  16:52:05  Reading species tree                              Success: species tree read              0.33712             0.00365         17.0              235.82422 
# 03.14.2025  16:52:05  Parsing hybrid clades                             Success: got H nodes                    0.33829             0.0004          17.04297          235.82422 
# 03.14.2025  16:52:05  Counting MUL-trees to be generated                Success: 56 total MUL-trees             0.33917             7e-05           17.04297          235.82422 
# 03.14.2025  16:52:05  Building MUL-trees                                Success: 56 MUL-trees built             0.37194             0.03204         17.57422          235.82422 
# 03.14.2025  16:52:05  Reading gene trees                                Success: 6368 gene trees read           0.72221             0.34935         78.87109          292.28125 
# 03.14.2025  16:52:25  Collapsing gene tree groupings                    Success                                 19.87621            19.15282        80.05469          296.33984 
# 03.14.2025  16:52:27  Filtering gene trees over group cap               Success: 4 gts over cap                 21.88952            2.01203         106.15625         315.30078 
# WARNING: Gene tree on line 595 is over the group cap in 4 MTs and will be filtered.
# WARNING: Gene tree on line 1171 is over the group cap in 33 MTs and will be filtered.
# WARNING: Gene tree on line 1532 is over the group cap in 33 MTs and will be filtered.
# WARNING: Gene tree on line 2191 is over the group cap in 36 MTs and will be filtered.
# 03.14.2025  16:52:27  INFO: Filtered gene trees: 4
# 03.14.2025  16:52:27  INFO: Final gene tree count for reconciliations: 6364
# 03.14.2025  16:52:27  Writing filtered gene trees to file               Success: 6364 gene trees written        21.90347            0.00749         105.38672         314.30078 
# ----------------------------------------
# 03.14.2025  16:59:23  Reconciliation                                    Success                                 438.2994            416.39457       106.23438         314.30078 
# 03.14.2025  17:10:58  Getting maps for lowest scoring MTs               Success                                 1132.98284          694.676         331.38281         540.36719 
# 03.14.2025  17:10:58  Writing detailed output file                      Success                                 1133.00384          0.01739         331.53516         544.42578 
# 03.14.2025  17:10:58  Writing main output file                          Success                                 1133.14859          0.14395         331.54297         548.42578 
# ===============================================================================================================================================================================
#
# Done!
# The date and time at the end is: 03.14.2025  17:10:58
# Total execution time:            1133.243 seconds.
# Output directory for this run:   /n/holylfs05/LABS/informatics/Users/gthomas/spiders/grampa//19spec/astral-multi-bs60-h1-hcsp/
# Log file for this run:           /n/holylfs05/LABS/informatics/Users/gthomas/spiders/grampa//19spec/astral-multi-bs60-h1-hcsp/astral-multi-bs60-hcsp.log

# GRAMPA finished with 5 WARNINGS -- check log file for more info
# ----------------------------------------
# The MUL-tree with the minimum parsimony score is MT-53:	((DMELA,BMORI)<1>,(((ISCAP,HLONG)<2>,(VDEST,MOCCI)<3>)<4>,(((LPOLY,(CROTU,TGIGA)<5>)<6>,(CSCUL+,(LRECL+,(SMIMO+,((ABRUE+,(NCLAV+,TANTI+)<7>)<8>,(PTEPI+,LHESP+)<9>)<10>)<11>)<12>)<13>)<14>,((SSCAB,TURTI)<15>,(CSCUL*,(LRECL*,(SMIMO*,((ABRUE*,(NCLAV*,TANTI*)<16>)<17>,(PTEPI*,LHESP*)<18>)<19>)<20>)<21>)<22>)<23>)<24>)<25>)<26>
# Score = 92059
# ----------------------------------------
# ===============================================================================================================================================================================
#
