# Warning! With -c set to 15 or higher, some gene trees may take a very long time to reconcile!

#
# =========================================================================
# Welcome to GRAMPA -- Gene tree reconciliations with MUL-trees.
# Version 1.4.0 released on March 2023
# GRAMPA was developed by Gregg Thomas, S. Hussain Ather, Matthew Hahn
# Citation:      https://doi.org/10.1093/sysbio/syx044
# Website:       https://gwct.github.io/grampa/
# Report issues: https://github.com/gwct/grampa
#
# The date and time at the start is:  05.28.2024  16:26:33
# Using Python executable located at: /n/home07/gthomas/miniconda3/bin/python3.9
# Using Python version:               3.9.15
#
# The program was called as:          grampa.py -s /n/holylfs05/LABS/informatics/Users/gthomas/spiders/tree/19spec/astral-pro-tree//chelicerate-19spec-astral-pro.rooted.tre -g /n/holylfs05/LABS/informatics/Users/gthomas/spiders/tree/19spec/astral-pro-tree//loci-rearrange-80.rooted.treefile -o /n/holylfs05/LABS/informatics/Users/gthomas/spiders/grampa//19spec/astral-pro-bs80-full/ -c 15 -f astral-pro-bs80-full -p 30
#
# -----------------------------------------------------------------------------------------------------------------------------
# INPUT/OUTPUT INFO:
# Species tree file:                    /n/holylfs05/LABS/informatics/Users/gthomas/spiders/tree/19spec/astral-pro-tree//chelicerate-19spec-astral-pro.rooted.tre
# Gene tree file:                       /n/holylfs05/LABS/informatics/Users/gthomas/spiders/tree/19spec/astral-pro-tree//loci-rearrange-80.rooted.treefile
# Output directory:                     /n/holylfs05/LABS/informatics/Users/gthomas/spiders/grampa//19spec/astral-pro-bs80-full/
# Score file:                           /n/holylfs05/LABS/informatics/Users/gthomas/spiders/grampa//19spec/astral-pro-bs80-full/astral-pro-bs80-full-scores.txt
# Filtered gene trees:                  /n/holylfs05/LABS/informatics/Users/gthomas/spiders/grampa//19spec/astral-pro-bs80-full/astral-pro-bs80-full-trees-filtered.txt
# Check nums file:                      /n/holylfs05/LABS/informatics/Users/gthomas/spiders/grampa//19spec/astral-pro-bs80-full/astral-pro-bs80-full-checknums.txt
# Detailed mapping file:                /n/holylfs05/LABS/informatics/Users/gthomas/spiders/grampa//19spec/astral-pro-bs80-full/astral-pro-bs80-full-detailed.txt
# Duplication count file:               /n/holylfs05/LABS/informatics/Users/gthomas/spiders/grampa//19spec/astral-pro-bs80-full/astral-pro-bs80-full-dup-counts.txt
# -----------------------------------------------------------------------------------------------------------------------------
# OPTIONS INFO:
# Option                                Current setting               Current action
# -h1                                   All                           GRAMPA will search these H1 nodes. If none are specified, all nodes will be searched as H1 nodes.
# -h2                                   All                           GRAMPA will search these H2 nodes. If none are specified, all nodes will be searched as H2 nodes.
# -c                                    15                            Gene trees with more than this number of groups/clades with polyploid species for a given h1/h2 combination will be skipped.
# -f                                    astral-pro-bs80-full          All output files generated will have this string preprended to them.
# -p                                    30                            GRAMPA will use this number of processes for LCA mapping.
# -v                                    3                             Controls the amount of info printed to the screen as GRAMPA is running.
# --multree                             False                         The tree input with -s will be read as singly-labeled tree.
# --checknums                           False                         GRAMPA will count groups to filter gene trees and then perform reconciliations.
# --no-st, --st-only                    default                       GRAMPA will perform reconciliations to all MUL-trees specified by -h1 and -h2 and the input species tree.
# --maps                                False                         GRAMPA will only output duplication and loss counts in the detailed output file.
# ------------------------------------------------------------------------------------------------------------------------------------------------------
# Date        Time      Current step                                      Status                                  Elapsed time (s)    Step time (s)   
# ------------------------------------------------------------------------------------------------------------------------------------------------------
# 05.28.2024  16:26:33  Reading species tree                              Success: species tree read              0.6063              0.02739         
# 05.28.2024  16:26:33  Parsing hybrid clades                             Success: got H nodes                    0.60764             0.00079         
# 05.28.2024  16:26:33  Counting MUL-trees to be generated                Success: 1187 total MUL-trees           0.60864             0.00048         
# 05.28.2024  16:26:34  Building MUL-trees                                Success: 1187 MUL-trees built           1.25558             0.64648         
# 05.28.2024  16:26:35  Reading gene trees                                Success: 6368 gene trees read           1.81537             0.5592          
# 05.28.2024  16:32:24  Collapsing gene tree groupings                    Success                                 351.05455           349.23837       
# 05.28.2024  16:33:00  Filtering gene trees over group cap               Success: 9 gts over cap                 387.73103           36.67356        
# WARNING: Gene tree on line 1171 is over the group cap in 33 MTs and will be filtered.
# WARNING: Gene tree on line 1532 is over the group cap in 37 MTs and will be filtered.
# WARNING: Gene tree on line 2190 is over the group cap in 109 MTs and will be filtered.
# WARNING: Gene tree on line 2556 is over the group cap in 37 MTs and will be filtered.
# WARNING: Gene tree on line 2191 is over the group cap in 239 MTs and will be filtered.
# WARNING: Gene tree on line 3559 is over the group cap in 37 MTs and will be filtered.
# WARNING: Gene tree on line 4228 is over the group cap in 37 MTs and will be filtered.
# WARNING: Gene tree on line 5137 is over the group cap in 72 MTs and will be filtered.
# WARNING: Gene tree on line 5788 is over the group cap in 110 MTs and will be filtered.
# 05.28.2024  16:33:00  INFO: Filtered gene trees: 9
# 05.28.2024  16:33:00  INFO: Final gene tree count for reconciliations: 6359
# 05.28.2024  16:33:00  Writing filtered gene trees to file               Success: 6359 gene trees written        387.74863           0.00723         
# ----------------------------------------
# 05.28.2024  17:03:55  Reconciliation                                    Success                                 2242.32758          1854.57785      
# 05.28.2024  17:07:09  Getting maps for lowest scoring MTs               Success                                 2436.51066          194.17993       
# 05.28.2024  17:07:09  Writing detailed output file                      Success                                 2436.52826          0.0147          
# 05.28.2024  17:07:09  Writing main output file                          Success                                 2436.65453          0.12571         
# ===============================================================================================================================================================================
#
# Done!
# The date and time at the end is: 05.28.2024  17:07:09
# Total execution time:            2436.752 seconds.
# Output directory for this run:   /n/holylfs05/LABS/informatics/Users/gthomas/spiders/grampa//19spec/astral-pro-bs80-full/
# Log file for this run:           /n/holylfs05/LABS/informatics/Users/gthomas/spiders/grampa//19spec/astral-pro-bs80-full/astral-pro-bs80-full.log

# GRAMPA finished with 10 WARNINGS -- check log file for more info
# ----------------------------------------
# The MUL-tree with the minimum parsimony score is MT-531:	((DMELA,BMORI)<1>,(((MOCCI,VDEST)<2>,(ISCAP,HLONG)<3>)<4>,(((TGIGA,CROTU)<5>,LPOLY)<6>,((TURTI,SSCAB)<7>,(CSCUL,((LRECL,PTEPI*)<8>,(SMIMO,((PTEPI+,LHESP)<9>,(ABRUE,(NCLAV,TANTI)<10>)<11>)<12>)<13>)<14>)<15>)<16>)<17>)<18>)<19>
# Score = 71016
# ----------------------------------------
# ===============================================================================================================================================================================
#
