# Warning! With -c set to 15 or higher, some gene trees may take a very long time to reconcile!

#
# =========================================================================
# Welcome to GRAMPA -- Gene tree reconciliations with MUL-trees.
# Version 1.4.0 released on March 2023
# GRAMPA was developed by Gregg Thomas, S. Hussain Ather, Matthew Hahn
# Citation:      https://doi.org/10.1093/sysbio/syx044
# Website:       https://gwct.github.io/grampa/
# Report issues: https://github.com/gwct/grampa
#
# The date and time at the start is:  03.15.2025  05:29:53
# Using Python executable located at: /n/home07/gthomas/miniconda3/envs/snparcher-env/bin/python3.11
# Using Python version:               3.11.4
#
# The program was called as:          grampa.py -s /n/holylfs05/LABS/informatics/Users/gthomas/spiders/tree/19spec/ballesteros//ballesteros.tre -g /n/holylfs05/LABS/informatics/Users/gthomas/spiders/tree/19spec/ballesteros//loci-rearrange-50.rooted.treefile -o /n/holylfs05/LABS/informatics/Users/gthomas/spiders/grampa//19spec/ballesteros-bs50-full/ -c 15 -f ballesteros-bs50-full -p 30
#
# -----------------------------------------------------------------------------------------------------------------------------
# INPUT/OUTPUT INFO:
# Species tree file:                    /n/holylfs05/LABS/informatics/Users/gthomas/spiders/tree/19spec/ballesteros//ballesteros.tre
# Gene tree file:                       /n/holylfs05/LABS/informatics/Users/gthomas/spiders/tree/19spec/ballesteros//loci-rearrange-50.rooted.treefile
# Output directory:                     /n/holylfs05/LABS/informatics/Users/gthomas/spiders/grampa//19spec/ballesteros-bs50-full/
# Score file:                           /n/holylfs05/LABS/informatics/Users/gthomas/spiders/grampa//19spec/ballesteros-bs50-full/ballesteros-bs50-full-scores.txt
# Filtered gene trees:                  /n/holylfs05/LABS/informatics/Users/gthomas/spiders/grampa//19spec/ballesteros-bs50-full/ballesteros-bs50-full-trees-filtered.txt
# Check nums file:                      /n/holylfs05/LABS/informatics/Users/gthomas/spiders/grampa//19spec/ballesteros-bs50-full/ballesteros-bs50-full-checknums.txt
# Detailed mapping file:                /n/holylfs05/LABS/informatics/Users/gthomas/spiders/grampa//19spec/ballesteros-bs50-full/ballesteros-bs50-full-detailed.txt
# Duplication count file:               /n/holylfs05/LABS/informatics/Users/gthomas/spiders/grampa//19spec/ballesteros-bs50-full/ballesteros-bs50-full-dup-counts.txt
# -----------------------------------------------------------------------------------------------------------------------------
# OPTIONS INFO:
# Option                                Current setting               Current action
# -h1                                   All                           GRAMPA will search these H1 nodes. If none are specified, all nodes will be searched as H1 nodes.
# -h2                                   All                           GRAMPA will search these H2 nodes. If none are specified, all nodes will be searched as H2 nodes.
# -c                                    15                            Gene trees with more than this number of groups/clades with polyploid species for a given h1/h2 combination will be skipped.
# -f                                    ballesteros-bs50-full         All output files generated will have this string preprended to them.
# -p                                    30                            GRAMPA will use this number of processes for LCA mapping.
# -v                                    3                             Controls the amount of info printed to the screen as GRAMPA is running.
# --multree                             False                         The tree input with -s will be read as singly-labeled tree.
# --checknums                           False                         GRAMPA will count groups to filter gene trees and then perform reconciliations.
# --no-st, --st-only                    default                       GRAMPA will perform reconciliations to all MUL-trees specified by -h1 and -h2 and the input species tree.
# --maps                                False                         GRAMPA will only output duplication and loss counts in the detailed output file.
# -------------------------------------------------------------------------------------------------------------------------------------------------------------------------------
# Date        Time      Current step                                      Status                                  Elapsed time (s)    Step time (s)   Current mem (MB)  Virtual mem (MB)
# -------------------------------------------------------------------------------------------------------------------------------------------------------------------------------
# 03.15.2025  05:29:53  Reading species tree                              Success: species tree read              0.38591             0.01196         17.05859          235.78906 
# 03.15.2025  05:29:53  Parsing hybrid clades                             Success: got H nodes                    0.38755             0.00058         17.05859          235.78906 
# 03.15.2025  05:29:53  Counting MUL-trees to be generated                Success: 1181 total MUL-trees           0.38863             0.00037         17.05859          235.78906 
# 03.15.2025  05:29:54  Building MUL-trees                                Success: 1181 MUL-trees built           0.81247             0.42316         31.13672          246.78906 
# 03.15.2025  05:29:54  Reading gene trees                                Success: 6368 gene trees read           1.33398             0.52035         92.30078          304.36328 
# 03.15.2025  05:34:10  Collapsing gene tree groupings                    Success                                 256.86429           255.52905       92.86328          308.43359 
# 03.15.2025  05:34:48  Filtering gene trees over group cap               Success: 16 gts over cap                295.03399           38.1662         126.22266         335.66797 
# WARNING: Gene tree on line 315 is over the group cap in 40 MTs and will be filtered.
# WARNING: Gene tree on line 595 is over the group cap in 21 MTs and will be filtered.
# WARNING: Gene tree on line 846 is over the group cap in 1 MTs and will be filtered.
# WARNING: Gene tree on line 1171 is over the group cap in 33 MTs and will be filtered.
# WARNING: Gene tree on line 1532 is over the group cap in 37 MTs and will be filtered.
# WARNING: Gene tree on line 1722 is over the group cap in 9 MTs and will be filtered.
# WARNING: Gene tree on line 1826 is over the group cap in 31 MTs and will be filtered.
# WARNING: Gene tree on line 2094 is over the group cap in 26 MTs and will be filtered.
# WARNING: Gene tree on line 2190 is over the group cap in 189 MTs and will be filtered.
# WARNING: Gene tree on line 2556 is over the group cap in 37 MTs and will be filtered.
# WARNING: Gene tree on line 2191 is over the group cap in 259 MTs and will be filtered.
# WARNING: Gene tree on line 3559 is over the group cap in 37 MTs and will be filtered.
# WARNING: Gene tree on line 4228 is over the group cap in 72 MTs and will be filtered.
# WARNING: Gene tree on line 5137 is over the group cap in 110 MTs and will be filtered.
# WARNING: Gene tree on line 5488 is over the group cap in 3 MTs and will be filtered.
# WARNING: Gene tree on line 5788 is over the group cap in 87 MTs and will be filtered.
# 03.15.2025  05:34:48  INFO: Filtered gene trees: 16
# 03.15.2025  05:34:48  INFO: Final gene tree count for reconciliations: 6352
# 03.15.2025  05:34:48  Writing filtered gene trees to file               Success: 6352 gene trees written        295.05603           0.00812         123.22266         332.66797 
# ----------------------------------------
# 03.15.2025  05:52:03  Reconciliation                                    Success                                 1330.42887          1035.37127      124.91406         332.66797 
# 03.15.2025  05:59:02  Getting maps for lowest scoring MTs               Success                                 1748.95492          418.5204        359.44141         567.73828 
# 03.15.2025  05:59:02  Writing detailed output file                      Success                                 1748.97424          0.01185         359.55469         571.76953 
# 03.15.2025  05:59:02  Writing main output file                          Success                                 1749.13513          0.1601          359.74219         575.76953 
# ===============================================================================================================================================================================
#
# Done!
# The date and time at the end is: 03.15.2025  05:59:02
# Total execution time:            1749.24 seconds.
# Output directory for this run:   /n/holylfs05/LABS/informatics/Users/gthomas/spiders/grampa//19spec/ballesteros-bs50-full/
# Log file for this run:           /n/holylfs05/LABS/informatics/Users/gthomas/spiders/grampa//19spec/ballesteros-bs50-full/ballesteros-bs50-full.log

# GRAMPA finished with 17 WARNINGS -- check log file for more info
# ----------------------------------------
# The MUL-tree with the minimum parsimony score is MT-1112:	((((((((((NCLAV,TANTI)<1>,ABRUE)<2>,(PTEPI,LHESP)<3>)<4>,SMIMO)<5>,(LRECL,(TURTI*,SSCAB*)<6>)<7>)<8>,CSCUL)<9>,(LPOLY,(CROTU,TGIGA)<10>)<11>)<12>,((MOCCI,VDEST)<13>,(ISCAP,HLONG)<14>)<15>)<16>,(TURTI+,SSCAB+)<17>)<18>,(DMELA,BMORI)<19>)<20>
# Score = 105551
# ----------------------------------------
# ===============================================================================================================================================================================
#
