# Warning! With -c set to 15 or higher, some gene trees may take a very long time to reconcile!

#
# =========================================================================
# Welcome to GRAMPA -- Gene tree reconciliations with MUL-trees.
# Version 1.4.0 released on March 2023
# GRAMPA was developed by Gregg Thomas, S. Hussain Ather, Matthew Hahn
# Citation:      https://doi.org/10.1093/sysbio/syx044
# Website:       https://gwct.github.io/grampa/
# Report issues: https://github.com/gwct/grampa
#
# The date and time at the start is:  03.15.2025  06:51:27
# Using Python executable located at: /n/home07/gthomas/miniconda3/envs/snparcher-env/bin/python3.11
# Using Python version:               3.11.4
#
# The program was called as:          grampa.py -s /n/holylfs05/LABS/informatics/Users/gthomas/spiders/tree/19spec/ballesteros//ballesteros.tre -g /n/holylfs05/LABS/informatics/Users/gthomas/spiders/tree/19spec/ballesteros//loci-rearrange-50.rooted.treefile -o /n/holylfs05/LABS/informatics/Users/gthomas/spiders/grampa//19spec/ballesteros-bs50-h1-sp/ -h1 CSCUL,LRECL,SMIMO,LHESP,PTEPI,ABRUE,NCLAV,TANTI -c 15 -f ballesteros-bs50-sp -p 30
#
# -----------------------------------------------------------------------------------------------------------------------------
# INPUT/OUTPUT INFO:
# Species tree file:                    /n/holylfs05/LABS/informatics/Users/gthomas/spiders/tree/19spec/ballesteros//ballesteros.tre
# Gene tree file:                       /n/holylfs05/LABS/informatics/Users/gthomas/spiders/tree/19spec/ballesteros//loci-rearrange-50.rooted.treefile
# Output directory:                     /n/holylfs05/LABS/informatics/Users/gthomas/spiders/grampa//19spec/ballesteros-bs50-h1-sp/
# Score file:                           /n/holylfs05/LABS/informatics/Users/gthomas/spiders/grampa//19spec/ballesteros-bs50-h1-sp/ballesteros-bs50-sp-scores.txt
# Filtered gene trees:                  /n/holylfs05/LABS/informatics/Users/gthomas/spiders/grampa//19spec/ballesteros-bs50-h1-sp/ballesteros-bs50-sp-trees-filtered.txt
# Check nums file:                      /n/holylfs05/LABS/informatics/Users/gthomas/spiders/grampa//19spec/ballesteros-bs50-h1-sp/ballesteros-bs50-sp-checknums.txt
# Detailed mapping file:                /n/holylfs05/LABS/informatics/Users/gthomas/spiders/grampa//19spec/ballesteros-bs50-h1-sp/ballesteros-bs50-sp-detailed.txt
# Duplication count file:               /n/holylfs05/LABS/informatics/Users/gthomas/spiders/grampa//19spec/ballesteros-bs50-h1-sp/ballesteros-bs50-sp-dup-counts.txt
# -----------------------------------------------------------------------------------------------------------------------------
# OPTIONS INFO:
# Option                                Current setting               Current action
# -h1                                   CSCUL,LRECL,SMIMO,LHESP,PTEPI,ABRUE,NCLAV,TANTIGRAMPA will search these H1 nodes. If none are specified, all nodes will be searched as H1 nodes.
# -h2                                   All                           GRAMPA will search these H2 nodes. If none are specified, all nodes will be searched as H2 nodes.
# -c                                    15                            Gene trees with more than this number of groups/clades with polyploid species for a given h1/h2 combination will be skipped.
# -f                                    ballesteros-bs50-sp           All output files generated will have this string preprended to them.
# -p                                    30                            GRAMPA will use this number of processes for LCA mapping.
# -v                                    3                             Controls the amount of info printed to the screen as GRAMPA is running.
# --multree                             False                         The tree input with -s will be read as singly-labeled tree.
# --checknums                           False                         GRAMPA will count groups to filter gene trees and then perform reconciliations.
# --no-st, --st-only                    default                       GRAMPA will perform reconciliations to all MUL-trees specified by -h1 and -h2 and the input species tree.
# --maps                                False                         GRAMPA will only output duplication and loss counts in the detailed output file.
# -------------------------------------------------------------------------------------------------------------------------------------------------------------------------------
# Date        Time      Current step                                      Status                                  Elapsed time (s)    Step time (s)   Current mem (MB)  Virtual mem (MB)
# -------------------------------------------------------------------------------------------------------------------------------------------------------------------------------
# 03.15.2025  06:51:27  Reading species tree                              Success: species tree read              0.37547             0.00338         19.28516          235.82422 
# 03.15.2025  06:51:27  Parsing hybrid clades                             Success: got H nodes                    0.37667             0.0004          19.33594          235.82422 
# 03.15.2025  06:51:27  Counting MUL-trees to be generated                Success: 23 total MUL-trees             0.37741             7e-05           19.33594          235.82422 
# 03.15.2025  06:51:27  Building MUL-trees                                Success: 23 MUL-trees built             0.39238             0.01428         19.53125          235.82422 
# 03.15.2025  06:51:27  Reading gene trees                                Success: 6368 gene trees read           0.80978             0.4164          80.94141          292.30859 
# 03.15.2025  06:51:40  Collapsing gene tree groupings                    Success                                 13.205              12.39386        81.5              296.375   
# 03.15.2025  06:51:40  Filtering gene trees over group cap               Success: 2 gts over cap                 14.04341            0.83699         101.74219         314.33594 
# WARNING: Gene tree on line 595 is over the group cap in 4 MTs and will be filtered.
# WARNING: Gene tree on line 2191 is over the group cap in 3 MTs and will be filtered.
# 03.15.2025  06:51:40  INFO: Filtered gene trees: 2
# 03.15.2025  06:51:40  INFO: Final gene tree count for reconciliations: 6366
# 03.15.2025  06:51:40  Writing filtered gene trees to file               Success: 6366 gene trees written        14.05765            0.00848         95.96875          308.33594 
# ----------------------------------------
# 03.15.2025  07:01:57  Reconciliation                                    Success                                 631.02821           616.96876       99.42969          308.33594 
# 03.15.2025  07:26:50  Getting maps for lowest scoring MTs               Success                                 2123.78282          1492.74978      338.83984         545.80469 
# 03.15.2025  07:26:50  Writing detailed output file                      Success                                 2123.80532          0.01404         338.92969         549.83594 
# 03.15.2025  07:26:50  Writing main output file                          Success                                 2123.95389          0.1477          338.93359         553.83594 
# ===============================================================================================================================================================================
#
# Done!
# The date and time at the end is: 03.15.2025  07:26:50
# Total execution time:            2124.056 seconds.
# Output directory for this run:   /n/holylfs05/LABS/informatics/Users/gthomas/spiders/grampa//19spec/ballesteros-bs50-h1-sp/
# Log file for this run:           /n/holylfs05/LABS/informatics/Users/gthomas/spiders/grampa//19spec/ballesteros-bs50-h1-sp/ballesteros-bs50-sp.log

# GRAMPA finished with 3 WARNINGS -- check log file for more info
# ----------------------------------------
# The MUL-tree with the minimum parsimony score is MT-20:	((((((((((NCLAV+,TANTI+)<1>,ABRUE+)<2>,(PTEPI+,LHESP+)<3>)<4>,SMIMO+)<5>,LRECL+)<6>,CSCUL+)<7>,(LPOLY,(CROTU,TGIGA)<8>)<9>)<10>,((MOCCI,VDEST)<11>,(ISCAP,HLONG)<12>)<13>)<14>,((TURTI,SSCAB)<15>,((((((NCLAV*,TANTI*)<16>,ABRUE*)<17>,(PTEPI*,LHESP*)<18>)<19>,SMIMO*)<20>,LRECL*)<21>,CSCUL*)<22>)<23>)<24>,(DMELA,BMORI)<25>)<26>
# Score = 109486
# ----------------------------------------
# ===============================================================================================================================================================================
#
