# Warning! With -c set to 15 or higher, some gene trees may take a very long time to reconcile!

#
# =========================================================================
# Welcome to GRAMPA -- Gene tree reconciliations with MUL-trees.
# Version 1.4.0 released on March 2023
# GRAMPA was developed by Gregg Thomas, S. Hussain Ather, Matthew Hahn
# Citation:      https://doi.org/10.1093/sysbio/syx044
# Website:       https://gwct.github.io/grampa/
# Report issues: https://github.com/gwct/grampa
#
# The date and time at the start is:  03.15.2023  09:09:50
# Using Python executable located at: /n/home07/gthomas/miniconda3/envs/mapping-sims/bin/python3.9
# Using Python version:               3.9.15
#
# The program was called as:          grampa.py -s /n/holylfs05/LABS/informatics/Users/gthomas/spiders/tree/19spec/ballesteros//ballesteros.tre -g /n/holylfs05/LABS/informatics/Users/gthomas/spiders/tree/19spec/ballesteros//loci-rearrange-90.rooted.treefile -o /n/holylfs05/LABS/informatics/Users/gthomas/spiders/grampa//19spec/ballesteros-bs90-full/ -c 15 -f ballesteros-bs90-full -p 30
#
# -----------------------------------------------------------------------------------------------------------------------------
# INPUT/OUTPUT INFO:
# Species tree file:                    /n/holylfs05/LABS/informatics/Users/gthomas/spiders/tree/19spec/ballesteros//ballesteros.tre
# Gene tree file:                       /n/holylfs05/LABS/informatics/Users/gthomas/spiders/tree/19spec/ballesteros//loci-rearrange-90.rooted.treefile
# Output directory:                     /n/holylfs05/LABS/informatics/Users/gthomas/spiders/grampa//19spec/ballesteros-bs90-full/
# Score file:                           /n/holylfs05/LABS/informatics/Users/gthomas/spiders/grampa//19spec/ballesteros-bs90-full/ballesteros-bs90-full-scores.txt
# Filtered gene trees:                  /n/holylfs05/LABS/informatics/Users/gthomas/spiders/grampa//19spec/ballesteros-bs90-full/ballesteros-bs90-full-trees-filtered.txt
# Check nums file:                      /n/holylfs05/LABS/informatics/Users/gthomas/spiders/grampa//19spec/ballesteros-bs90-full/ballesteros-bs90-full-checknums.txt
# Detailed mapping file:                /n/holylfs05/LABS/informatics/Users/gthomas/spiders/grampa//19spec/ballesteros-bs90-full/ballesteros-bs90-full-detailed.txt
# Duplication count file:               /n/holylfs05/LABS/informatics/Users/gthomas/spiders/grampa//19spec/ballesteros-bs90-full/ballesteros-bs90-full-dup-counts.txt
# -----------------------------------------------------------------------------------------------------------------------------
# OPTIONS INFO:
# Option                                Current setting               Current action
# -h1                                   All                           GRAMPA will search these H1 nodes. If none are specified, all nodes will be searched as H1 nodes.
# -h2                                   All                           GRAMPA will search these H2 nodes. If none are specified, all nodes will be searched as H2 nodes.
# -c                                    15                            Gene trees with more than this number of groups/clades with polyploid species for a given h1/h2 combination will be skipped.
# -f                                    ballesteros-bs90-full         All output files generated will have this string preprended to them.
# -p                                    30                            GRAMPA will use this number of processes for LCA mapping.
# -v                                    3                             Controls the amount of info printed to the screen as GRAMPA is running.
# --multree                             False                         The tree input with -s will be read as singly-labeled tree.
# --checknums                           False                         GRAMPA will count groups to filter gene trees and then perform reconciliations.
# --no-st, --st-only                    default                       GRAMPA will perform reconciliations to all MUL-trees specified by -h1 and -h2 and the input species tree.
# --maps                                False                         GRAMPA will only output duplication and loss counts in the detailed output file.
# -------------------------------------------------------------------------------------------------------------------------------------------------------------------------------
# Date        Time      Current step                                      Status                                  Elapsed time (s)    Step time (s)   Current mem (MB)  Virtual mem (MB)
# -------------------------------------------------------------------------------------------------------------------------------------------------------------------------------
# 03.15.2023  09:09:51  Reading species tree                              Success: species tree read              0.61765             0.0455          12.25781          332.17969 
# 03.15.2023  09:09:51  Parsing hybrid clades                             Success: got H nodes                    0.61962             0.00111         12.31641          332.31641 
# 03.15.2023  09:09:51  Counting MUL-trees to be generated                Success: 1181 total MUL-trees           0.62122             0.00065         12.31641          332.31641 
# 03.15.2023  09:09:51  Building MUL-trees                                Success: 1181 MUL-trees built           1.40232             0.78035         25.1875           344.31641 
# 03.15.2023  09:09:53  Reading gene trees                                Success: 6368 gene trees read           2.65431             1.25093         90.95312          401.93359 
# 03.15.2023  09:19:43  Collapsing gene tree groupings                    Success                                 593.38147           590.72216       94.08203          405.96484 
# 03.15.2023  09:20:38  Filtering gene trees over group cap               Success: 8 gts over cap                 648.44323           55.05691        123.34375         431.42188 
# WARNING: Gene tree on line 1532 is over the group cap in 37 MTs and will be filtered.
# WARNING: Gene tree on line 2190 is over the group cap in 109 MTs and will be filtered.
# WARNING: Gene tree on line 2191 is over the group cap in 234 MTs and will be filtered.
# WARNING: Gene tree on line 2556 is over the group cap in 37 MTs and will be filtered.
# WARNING: Gene tree on line 3559 is over the group cap in 37 MTs and will be filtered.
# WARNING: Gene tree on line 4228 is over the group cap in 37 MTs and will be filtered.
# WARNING: Gene tree on line 5137 is over the group cap in 37 MTs and will be filtered.
# WARNING: Gene tree on line 5788 is over the group cap in 86 MTs and will be filtered.
# 03.15.2023  09:20:39  INFO: Filtered gene trees: 8
# 03.15.2023  09:20:39  INFO: Final gene tree count for reconciliations: 6360
# 03.15.2023  09:20:39  Writing filtered gene trees to file               Success: 6360 gene trees written        648.4858            0.0272          117.25            425.17188 
# ----------------------------------------
# 03.15.2023  10:08:42  Reconciliation                                    Success                                 3532.3633           2883.87572      117.25781         425.17188 
# 03.15.2023  10:13:06  Getting maps for lowest scoring MTs               Success                                 3795.46269          263.07129       376.37891         684.14062 
# 03.15.2023  10:13:06  Writing detailed output file                      Success                                 3795.60338          0.13647         376.37891         688.17578 
# 03.15.2023  10:13:06  Writing main output file                          Success                                 3795.80765          0.20346         376.55078         692.17578 
# ===============================================================================================================================================================================
#
# Done!
# The date and time at the end is: 03.15.2023  10:13:06
# Total execution time:            3795.949 seconds.
# Output directory for this run:   /n/holylfs05/LABS/informatics/Users/gthomas/spiders/grampa//19spec/ballesteros-bs90-full/
# Log file for this run:           /n/holylfs05/LABS/informatics/Users/gthomas/spiders/grampa//19spec/ballesteros-bs90-full/ballesteros-bs90-full.log

# GRAMPA finished with 9 WARNINGS -- check log file for more info
# ----------------------------------------
# The MUL-tree with the minimum parsimony score is MT-118:	((((((((((NCLAV,TANTI)<1>,ABRUE)<2>,(PTEPI+,LHESP)<3>)<4>,SMIMO)<5>,(LRECL,PTEPI*)<6>)<7>,CSCUL)<8>,(LPOLY,(CROTU,TGIGA)<9>)<10>)<11>,((MOCCI,VDEST)<12>,(ISCAP,HLONG)<13>)<14>)<15>,(TURTI,SSCAB)<16>)<17>,(DMELA,BMORI)<18>)<19>
# Score = 64211
# ----------------------------------------
# ===============================================================================================================================================================================
#
