# Warning! With -c set to 15 or higher, some gene trees may take a very long time to reconcile!

#
# =========================================================================
# Welcome to GRAMPA -- Gene tree reconciliations with MUL-trees.
# Version 1.4.0 released on March 2023
# GRAMPA was developed by Gregg Thomas, S. Hussain Ather, Matthew Hahn
# Citation:      https://doi.org/10.1093/sysbio/syx044
# Website:       https://gwct.github.io/grampa/
# Report issues: https://github.com/gwct/grampa
#
# The date and time at the start is:  05.29.2024  00:51:27
# Using Python executable located at: /n/home07/gthomas/miniconda3/bin/python3.9
# Using Python version:               3.9.15
#
# The program was called as:          grampa.py -s /n/holylfs05/LABS/informatics/Users/gthomas/spiders/tree/19spec/ballesteros//ballesteros.tre -g /n/holylfs05/LABS/informatics/Users/gthomas/spiders/tree/19spec/ballesteros//loci-rearrange-80.rooted.treefile -o /n/holylfs05/LABS/informatics/Users/gthomas/spiders/grampa//19spec/ballesteros-bs80-h1-sp/ -h1 CSCUL,LRECL,SMIMO,LHESP,PTEPI,ABRUE,NCLAV,TANTI -c 15 -f ballesteros-bs80-sp -p 30
#
# -----------------------------------------------------------------------------------------------------------------------------
# INPUT/OUTPUT INFO:
# Species tree file:                    /n/holylfs05/LABS/informatics/Users/gthomas/spiders/tree/19spec/ballesteros//ballesteros.tre
# Gene tree file:                       /n/holylfs05/LABS/informatics/Users/gthomas/spiders/tree/19spec/ballesteros//loci-rearrange-80.rooted.treefile
# Output directory:                     /n/holylfs05/LABS/informatics/Users/gthomas/spiders/grampa//19spec/ballesteros-bs80-h1-sp/
# Score file:                           /n/holylfs05/LABS/informatics/Users/gthomas/spiders/grampa//19spec/ballesteros-bs80-h1-sp/ballesteros-bs80-sp-scores.txt
# Filtered gene trees:                  /n/holylfs05/LABS/informatics/Users/gthomas/spiders/grampa//19spec/ballesteros-bs80-h1-sp/ballesteros-bs80-sp-trees-filtered.txt
# Check nums file:                      /n/holylfs05/LABS/informatics/Users/gthomas/spiders/grampa//19spec/ballesteros-bs80-h1-sp/ballesteros-bs80-sp-checknums.txt
# Detailed mapping file:                /n/holylfs05/LABS/informatics/Users/gthomas/spiders/grampa//19spec/ballesteros-bs80-h1-sp/ballesteros-bs80-sp-detailed.txt
# Duplication count file:               /n/holylfs05/LABS/informatics/Users/gthomas/spiders/grampa//19spec/ballesteros-bs80-h1-sp/ballesteros-bs80-sp-dup-counts.txt
# -----------------------------------------------------------------------------------------------------------------------------
# OPTIONS INFO:
# Option                                Current setting               Current action
# -h1                                   CSCUL,LRECL,SMIMO,LHESP,PTEPI,ABRUE,NCLAV,TANTIGRAMPA will search these H1 nodes. If none are specified, all nodes will be searched as H1 nodes.
# -h2                                   All                           GRAMPA will search these H2 nodes. If none are specified, all nodes will be searched as H2 nodes.
# -c                                    15                            Gene trees with more than this number of groups/clades with polyploid species for a given h1/h2 combination will be skipped.
# -f                                    ballesteros-bs80-sp           All output files generated will have this string preprended to them.
# -p                                    30                            GRAMPA will use this number of processes for LCA mapping.
# -v                                    3                             Controls the amount of info printed to the screen as GRAMPA is running.
# --multree                             False                         The tree input with -s will be read as singly-labeled tree.
# --checknums                           False                         GRAMPA will count groups to filter gene trees and then perform reconciliations.
# --no-st, --st-only                    default                       GRAMPA will perform reconciliations to all MUL-trees specified by -h1 and -h2 and the input species tree.
# --maps                                False                         GRAMPA will only output duplication and loss counts in the detailed output file.
# ------------------------------------------------------------------------------------------------------------------------------------------------------
# Date        Time      Current step                                      Status                                  Elapsed time (s)    Step time (s)   
# ------------------------------------------------------------------------------------------------------------------------------------------------------
# 05.29.2024  00:51:28  Reading species tree                              Success: species tree read              0.25799             0.0215          
# 05.29.2024  00:51:28  Parsing hybrid clades                             Success: got H nodes                    0.25916             0.0005          
# 05.29.2024  00:51:28  Counting MUL-trees to be generated                Success: 23 total MUL-trees             0.25981             6e-05           
# 05.29.2024  00:51:28  Building MUL-trees                                Success: 23 MUL-trees built             0.27881             0.0184          
# 05.29.2024  00:51:28  Reading gene trees                                Success: 6368 gene trees read           0.81244             0.53301         
# 05.29.2024  00:51:44  Collapsing gene tree groupings                    Success                                 16.88496            16.07152        
# 05.29.2024  00:51:45  Filtering gene trees over group cap               Success: 1 gts over cap                 17.74571            0.85938         
# WARNING: Gene tree on line 2191 is over the group cap in 3 MTs and will be filtered.
# 05.29.2024  00:51:45  INFO: Filtered gene trees: 1
# 05.29.2024  00:51:45  INFO: Final gene tree count for reconciliations: 6367
# 05.29.2024  00:51:45  Writing filtered gene trees to file               Success: 6367 gene trees written        17.75684            0.00744         
# ----------------------------------------
# 05.29.2024  00:55:22  Reconciliation                                    Success                                 234.38451           216.62664       
# 05.29.2024  01:02:07  Getting maps for lowest scoring MTs               Success                                 639.6593            405.27156       
# 05.29.2024  01:02:07  Writing detailed output file                      Success                                 639.67876           0.01336         
# 05.29.2024  01:02:07  Writing main output file                          Success                                 639.82346           0.14406         
# ===============================================================================================================================================================================
#
# Done!
# The date and time at the end is: 05.29.2024  01:02:07
# Total execution time:            639.916 seconds.
# Output directory for this run:   /n/holylfs05/LABS/informatics/Users/gthomas/spiders/grampa//19spec/ballesteros-bs80-h1-sp/
# Log file for this run:           /n/holylfs05/LABS/informatics/Users/gthomas/spiders/grampa//19spec/ballesteros-bs80-h1-sp/ballesteros-bs80-sp.log

# GRAMPA finished with 2 WARNINGS -- check log file for more info
# ----------------------------------------
# The MUL-tree with the minimum parsimony score is MT-20:	((((((((((NCLAV+,TANTI+)<1>,ABRUE+)<2>,(PTEPI+,LHESP+)<3>)<4>,SMIMO+)<5>,LRECL+)<6>,CSCUL+)<7>,(LPOLY,(CROTU,TGIGA)<8>)<9>)<10>,((MOCCI,VDEST)<11>,(ISCAP,HLONG)<12>)<13>)<14>,((TURTI,SSCAB)<15>,((((((NCLAV*,TANTI*)<16>,ABRUE*)<17>,(PTEPI*,LHESP*)<18>)<19>,SMIMO*)<20>,LRECL*)<21>,CSCUL*)<22>)<23>)<24>,(DMELA,BMORI)<25>)<26>
# Score = 75851
# ----------------------------------------
# ===============================================================================================================================================================================
#
