# Warning! With -c set to 15 or higher, some gene trees may take a very long time to reconcile!

#
# =========================================================================
# Welcome to GRAMPA -- Gene tree reconciliations with MUL-trees.
# Version 1.4.0 released on March 2023
# GRAMPA was developed by Gregg Thomas, S. Hussain Ather, Matthew Hahn
# Citation:      https://doi.org/10.1093/sysbio/syx044
# Website:       https://gwct.github.io/grampa/
# Report issues: https://github.com/gwct/grampa
#
# The date and time at the start is:  03.15.2025  05:59:03
# Using Python executable located at: /n/home07/gthomas/miniconda3/envs/snparcher-env/bin/python3.11
# Using Python version:               3.11.4
#
# The program was called as:          grampa.py -s /n/holylfs05/LABS/informatics/Users/gthomas/spiders/tree/19spec/ballesteros//ballesteros.tre -g /n/holylfs05/LABS/informatics/Users/gthomas/spiders/tree/19spec/ballesteros//loci-rearrange-50.rooted.treefile -o /n/holylfs05/LABS/informatics/Users/gthomas/spiders/grampa//19spec/ballesteros-bs50-h1-hc/ -h1 CROTU,TGIGA,LPOLY -c 15 -f ballesteros-bs50-hc -p 30
#
# -----------------------------------------------------------------------------------------------------------------------------
# INPUT/OUTPUT INFO:
# Species tree file:                    /n/holylfs05/LABS/informatics/Users/gthomas/spiders/tree/19spec/ballesteros//ballesteros.tre
# Gene tree file:                       /n/holylfs05/LABS/informatics/Users/gthomas/spiders/tree/19spec/ballesteros//loci-rearrange-50.rooted.treefile
# Output directory:                     /n/holylfs05/LABS/informatics/Users/gthomas/spiders/grampa//19spec/ballesteros-bs50-h1-hc/
# Score file:                           /n/holylfs05/LABS/informatics/Users/gthomas/spiders/grampa//19spec/ballesteros-bs50-h1-hc/ballesteros-bs50-hc-scores.txt
# Filtered gene trees:                  /n/holylfs05/LABS/informatics/Users/gthomas/spiders/grampa//19spec/ballesteros-bs50-h1-hc/ballesteros-bs50-hc-trees-filtered.txt
# Check nums file:                      /n/holylfs05/LABS/informatics/Users/gthomas/spiders/grampa//19spec/ballesteros-bs50-h1-hc/ballesteros-bs50-hc-checknums.txt
# Detailed mapping file:                /n/holylfs05/LABS/informatics/Users/gthomas/spiders/grampa//19spec/ballesteros-bs50-h1-hc/ballesteros-bs50-hc-detailed.txt
# Duplication count file:               /n/holylfs05/LABS/informatics/Users/gthomas/spiders/grampa//19spec/ballesteros-bs50-h1-hc/ballesteros-bs50-hc-dup-counts.txt
# -----------------------------------------------------------------------------------------------------------------------------
# OPTIONS INFO:
# Option                                Current setting               Current action
# -h1                                   CROTU,TGIGA,LPOLY             GRAMPA will search these H1 nodes. If none are specified, all nodes will be searched as H1 nodes.
# -h2                                   All                           GRAMPA will search these H2 nodes. If none are specified, all nodes will be searched as H2 nodes.
# -c                                    15                            Gene trees with more than this number of groups/clades with polyploid species for a given h1/h2 combination will be skipped.
# -f                                    ballesteros-bs50-hc           All output files generated will have this string preprended to them.
# -p                                    30                            GRAMPA will use this number of processes for LCA mapping.
# -v                                    3                             Controls the amount of info printed to the screen as GRAMPA is running.
# --multree                             False                         The tree input with -s will be read as singly-labeled tree.
# --checknums                           False                         GRAMPA will count groups to filter gene trees and then perform reconciliations.
# --no-st, --st-only                    default                       GRAMPA will perform reconciliations to all MUL-trees specified by -h1 and -h2 and the input species tree.
# --maps                                False                         GRAMPA will only output duplication and loss counts in the detailed output file.
# -------------------------------------------------------------------------------------------------------------------------------------------------------------------------------
# Date        Time      Current step                                      Status                                  Elapsed time (s)    Step time (s)   Current mem (MB)  Virtual mem (MB)
# -------------------------------------------------------------------------------------------------------------------------------------------------------------------------------
# 03.15.2025  05:59:03  Reading species tree                              Success: species tree read              0.3284              0.0036          17.07812          235.82422 
# 03.15.2025  05:59:03  Parsing hybrid clades                             Success: got H nodes                    0.32958             0.00038         17.11719          235.82422 
# 03.15.2025  05:59:03  Counting MUL-trees to be generated                Success: 33 total MUL-trees             0.33034             5e-05           17.11719          235.82422 
# 03.15.2025  05:59:03  Building MUL-trees                                Success: 33 MUL-trees built             0.3455              0.01446         17.27734          235.82422 
# 03.15.2025  05:59:04  Reading gene trees                                Success: 6368 gene trees read           0.72074             0.37426         78.88281          292.32031 
# 03.15.2025  05:59:17  Collapsing gene tree groupings                    Success                                 14.54998            13.82791        79.30469          296.39062 
# 03.15.2025  05:59:18  Filtering gene trees over group cap               Success: 3 gts over cap                 15.67037            1.11902         97.07422          310.39062 
# WARNING: Gene tree on line 1171 is over the group cap in 33 MTs and will be filtered.
# WARNING: Gene tree on line 1532 is over the group cap in 33 MTs and will be filtered.
# WARNING: Gene tree on line 2191 is over the group cap in 33 MTs and will be filtered.
# 03.15.2025  05:59:18  INFO: Filtered gene trees: 3
# 03.15.2025  05:59:18  INFO: Final gene tree count for reconciliations: 6365
# 03.15.2025  05:59:18  Writing filtered gene trees to file               Success: 6365 gene trees written        15.68374            0.00764         94.07422          307.39062 
# ----------------------------------------
# 03.15.2025  06:13:13  Reconciliation                                    Success                                 850.07746           834.39218       95.94531          307.39062 
# 03.15.2025  06:51:25  Getting maps for lowest scoring MTs               Success                                 3142.67029          2292.58843      318.39062         525.64453 
# 03.15.2025  06:51:25  Writing detailed output file                      Success                                 3142.68494          0.00966         318.44531         529.67969 
# 03.15.2025  06:51:26  Writing main output file                          Success                                 3142.80939          0.12353         318.46875         533.67969 
# ===============================================================================================================================================================================
#
# Done!
# The date and time at the end is: 03.15.2025  06:51:26
# Total execution time:            3142.898 seconds.
# Output directory for this run:   /n/holylfs05/LABS/informatics/Users/gthomas/spiders/grampa//19spec/ballesteros-bs50-h1-hc/
# Log file for this run:           /n/holylfs05/LABS/informatics/Users/gthomas/spiders/grampa//19spec/ballesteros-bs50-h1-hc/ballesteros-bs50-hc.log

# GRAMPA finished with 4 WARNINGS -- check log file for more info
# ----------------------------------------
# The tree with the minimum parsimony score is the singly-labled tree (ST):	((((((((((NCLAV,TANTI),ABRUE),(PTEPI,LHESP)),SMIMO),LRECL),CSCUL),(LPOLY,(CROTU,TGIGA))),((MOCCI,VDEST),(ISCAP,HLONG))),(TURTI,SSCAB)),(DMELA,BMORI));
# Score = 115870
# ----------------------------------------
# ===============================================================================================================================================================================
#
