# Warning! With -c set to 15 or higher, some gene trees may take a very long time to reconcile!

#
# =========================================================================
# Welcome to GRAMPA -- Gene tree reconciliations with MUL-trees.
# Version 1.4.0 released on March 2023
# GRAMPA was developed by Gregg Thomas, S. Hussain Ather, Matthew Hahn
# Citation:      https://doi.org/10.1093/sysbio/syx044
# Website:       https://gwct.github.io/grampa/
# Report issues: https://github.com/gwct/grampa
#
# The date and time at the start is:  03.15.2025  07:26:51
# Using Python executable located at: /n/home07/gthomas/miniconda3/envs/snparcher-env/bin/python3.11
# Using Python version:               3.11.4
#
# The program was called as:          grampa.py -s /n/holylfs05/LABS/informatics/Users/gthomas/spiders/tree/19spec/ballesteros//ballesteros.tre -g /n/holylfs05/LABS/informatics/Users/gthomas/spiders/tree/19spec/ballesteros//loci-rearrange-50.rooted.treefile -o /n/holylfs05/LABS/informatics/Users/gthomas/spiders/grampa//19spec/ballesteros-bs50-h1-hcsp/ -h1 CROTU,TGIGA,LPOLY CSCUL,LRECL,SMIMO,LHESP,PTEPI,ABRUE,NCLAV,TANTI CROTU,TGIGA,LPOLY,CSCUL,LRECL,SMIMO,LHESP,PTEPI,ABRUE,NCLAV,TANTI -c 15 -f ballesteros-bs50-hcsp -p 30
#
# -----------------------------------------------------------------------------------------------------------------------------
# INPUT/OUTPUT INFO:
# Species tree file:                    /n/holylfs05/LABS/informatics/Users/gthomas/spiders/tree/19spec/ballesteros//ballesteros.tre
# Gene tree file:                       /n/holylfs05/LABS/informatics/Users/gthomas/spiders/tree/19spec/ballesteros//loci-rearrange-50.rooted.treefile
# Output directory:                     /n/holylfs05/LABS/informatics/Users/gthomas/spiders/grampa//19spec/ballesteros-bs50-h1-hcsp/
# Score file:                           /n/holylfs05/LABS/informatics/Users/gthomas/spiders/grampa//19spec/ballesteros-bs50-h1-hcsp/ballesteros-bs50-hcsp-scores.txt
# Filtered gene trees:                  /n/holylfs05/LABS/informatics/Users/gthomas/spiders/grampa//19spec/ballesteros-bs50-h1-hcsp/ballesteros-bs50-hcsp-trees-filtered.txt
# Check nums file:                      /n/holylfs05/LABS/informatics/Users/gthomas/spiders/grampa//19spec/ballesteros-bs50-h1-hcsp/ballesteros-bs50-hcsp-checknums.txt
# Detailed mapping file:                /n/holylfs05/LABS/informatics/Users/gthomas/spiders/grampa//19spec/ballesteros-bs50-h1-hcsp/ballesteros-bs50-hcsp-detailed.txt
# Duplication count file:               /n/holylfs05/LABS/informatics/Users/gthomas/spiders/grampa//19spec/ballesteros-bs50-h1-hcsp/ballesteros-bs50-hcsp-dup-counts.txt
# -----------------------------------------------------------------------------------------------------------------------------
# OPTIONS INFO:
# Option                                Current setting               Current action
# -h1                                   CROTU,TGIGA,LPOLY CSCUL,LRECL,SMIMO,LHESP,PTEPI,ABRUE,NCLAV,TANTI CROTU,TGIGA,LPOLY,CSCUL,LRECL,SMIMO,LHESP,PTEPI,ABRUE,NCLAV,TANTIGRAMPA will search these H1 nodes. If none are specified, all nodes will be searched as H1 nodes.
# -h2                                   All                           GRAMPA will search these H2 nodes. If none are specified, all nodes will be searched as H2 nodes.
# -c                                    15                            Gene trees with more than this number of groups/clades with polyploid species for a given h1/h2 combination will be skipped.
# -f                                    ballesteros-bs50-hcsp         All output files generated will have this string preprended to them.
# -p                                    30                            GRAMPA will use this number of processes for LCA mapping.
# -v                                    3                             Controls the amount of info printed to the screen as GRAMPA is running.
# --multree                             False                         The tree input with -s will be read as singly-labeled tree.
# --checknums                           False                         GRAMPA will count groups to filter gene trees and then perform reconciliations.
# --no-st, --st-only                    default                       GRAMPA will perform reconciliations to all MUL-trees specified by -h1 and -h2 and the input species tree.
# --maps                                False                         GRAMPA will only output duplication and loss counts in the detailed output file.
# -------------------------------------------------------------------------------------------------------------------------------------------------------------------------------
# Date        Time      Current step                                      Status                                  Elapsed time (s)    Step time (s)   Current mem (MB)  Virtual mem (MB)
# -------------------------------------------------------------------------------------------------------------------------------------------------------------------------------
# 03.15.2025  07:26:51  Reading species tree                              Success: species tree read              0.36067             0.0032          17.28516          235.82422 
# 03.15.2025  07:26:51  Parsing hybrid clades                             Success: got H nodes                    0.36195             0.00047         17.28516          235.82422 
# 03.15.2025  07:26:51  Counting MUL-trees to be generated                Success: 73 total MUL-trees             0.36282             0.00011         17.28516          235.82422 
# 03.15.2025  07:26:51  Building MUL-trees                                Success: 73 MUL-trees built             0.40384             0.04035         18.13281          235.82422 
# 03.15.2025  07:26:52  Reading gene trees                                Success: 6368 gene trees read           0.77584             0.37082         79.39453          293.38281 
# 03.15.2025  07:27:21  Collapsing gene tree groupings                    Success                                 30.35458            29.57753        80.10938          297.44922 
# 03.15.2025  07:27:24  Filtering gene trees over group cap               Success: 6 gts over cap                 33.40473            3.04866         108.6875          321.21875 
# WARNING: Gene tree on line 595 is over the group cap in 21 MTs and will be filtered.
# WARNING: Gene tree on line 1171 is over the group cap in 33 MTs and will be filtered.
# WARNING: Gene tree on line 1532 is over the group cap in 33 MTs and will be filtered.
# WARNING: Gene tree on line 1826 is over the group cap in 17 MTs and will be filtered.
# WARNING: Gene tree on line 2094 is over the group cap in 17 MTs and will be filtered.
# WARNING: Gene tree on line 2191 is over the group cap in 53 MTs and will be filtered.
# 03.15.2025  07:27:24  INFO: Filtered gene trees: 6
# 03.15.2025  07:27:24  INFO: Final gene tree count for reconciliations: 6362
# 03.15.2025  07:27:24  Writing filtered gene trees to file               Success: 6362 gene trees written        33.41963            0.00726         107.6875          320.21875 
# ----------------------------------------
# 03.15.2025  07:40:55  Reconciliation                                    Success                                 844.19011           810.76896       106.70312         319.21875 
# 03.15.2025  08:06:43  Getting maps for lowest scoring MTs               Success                                 2391.92233          1547.72764      397.14844         604.39844 
# 03.15.2025  08:06:43  Writing detailed output file                      Success                                 2391.93897          0.01244         397.34766         608.41406 
# 03.15.2025  08:06:43  Writing main output file                          Success                                 2392.05177          0.11202         397.40234         612.41406 
# ===============================================================================================================================================================================
#
# Done!
# The date and time at the end is: 03.15.2025  08:06:43
# Total execution time:            2392.162 seconds.
# Output directory for this run:   /n/holylfs05/LABS/informatics/Users/gthomas/spiders/grampa//19spec/ballesteros-bs50-h1-hcsp/
# Log file for this run:           /n/holylfs05/LABS/informatics/Users/gthomas/spiders/grampa//19spec/ballesteros-bs50-h1-hcsp/ballesteros-bs50-hcsp.log

# GRAMPA finished with 7 WARNINGS -- check log file for more info
# ----------------------------------------
# The MUL-tree with the minimum parsimony score is MT-70:	((((((((((NCLAV+,TANTI+)<1>,ABRUE+)<2>,(PTEPI+,LHESP+)<3>)<4>,SMIMO+)<5>,LRECL+)<6>,CSCUL+)<7>,(LPOLY+,(CROTU+,TGIGA+)<8>)<9>)<10>,((MOCCI,VDEST)<11>,(ISCAP,HLONG)<12>)<13>)<14>,((TURTI,SSCAB)<15>,(((((((NCLAV*,TANTI*)<16>,ABRUE*)<17>,(PTEPI*,LHESP*)<18>)<19>,SMIMO*)<20>,LRECL*)<21>,CSCUL*)<22>,(LPOLY*,(CROTU*,TGIGA*)<23>)<24>)<25>)<26>)<27>,(DMELA,BMORI)<28>)<29>
# Score = 106949
# ----------------------------------------
# ===============================================================================================================================================================================
#
