# Warning! With -c set to 15 or higher, some gene trees may take a very long time to reconcile!

#
# =========================================================================
# Welcome to GRAMPA -- Gene tree reconciliations with MUL-trees.
# Version 1.4.0 released on March 2023
# GRAMPA was developed by Gregg Thomas, S. Hussain Ather, Matthew Hahn
# Citation:      https://doi.org/10.1093/sysbio/syx044
# Website:       https://gwct.github.io/grampa/
# Report issues: https://github.com/gwct/grampa
#
# The date and time at the start is:  03.14.2025  17:42:51
# Using Python executable located at: /n/home07/gthomas/miniconda3/envs/snparcher-env/bin/python3.11
# Using Python version:               3.11.4
#
# The program was called as:          grampa.py -s /n/holylfs05/LABS/informatics/Users/gthomas/spiders/tree/19spec/ballesteros//ballesteros.tre -g /n/holylfs05/LABS/informatics/Users/gthomas/spiders/tree/19spec/ballesteros//loci-rearrange-60.rooted.treefile -o /n/holylfs05/LABS/informatics/Users/gthomas/spiders/grampa//19spec/ballesteros-bs60-h1-hc/ -h1 CROTU,TGIGA,LPOLY -c 15 -f ballesteros-bs60-hc -p 30
#
# -----------------------------------------------------------------------------------------------------------------------------
# INPUT/OUTPUT INFO:
# Species tree file:                    /n/holylfs05/LABS/informatics/Users/gthomas/spiders/tree/19spec/ballesteros//ballesteros.tre
# Gene tree file:                       /n/holylfs05/LABS/informatics/Users/gthomas/spiders/tree/19spec/ballesteros//loci-rearrange-60.rooted.treefile
# Output directory:                     /n/holylfs05/LABS/informatics/Users/gthomas/spiders/grampa//19spec/ballesteros-bs60-h1-hc/
# Score file:                           /n/holylfs05/LABS/informatics/Users/gthomas/spiders/grampa//19spec/ballesteros-bs60-h1-hc/ballesteros-bs60-hc-scores.txt
# Filtered gene trees:                  /n/holylfs05/LABS/informatics/Users/gthomas/spiders/grampa//19spec/ballesteros-bs60-h1-hc/ballesteros-bs60-hc-trees-filtered.txt
# Check nums file:                      /n/holylfs05/LABS/informatics/Users/gthomas/spiders/grampa//19spec/ballesteros-bs60-h1-hc/ballesteros-bs60-hc-checknums.txt
# Detailed mapping file:                /n/holylfs05/LABS/informatics/Users/gthomas/spiders/grampa//19spec/ballesteros-bs60-h1-hc/ballesteros-bs60-hc-detailed.txt
# Duplication count file:               /n/holylfs05/LABS/informatics/Users/gthomas/spiders/grampa//19spec/ballesteros-bs60-h1-hc/ballesteros-bs60-hc-dup-counts.txt
# -----------------------------------------------------------------------------------------------------------------------------
# OPTIONS INFO:
# Option                                Current setting               Current action
# -h1                                   CROTU,TGIGA,LPOLY             GRAMPA will search these H1 nodes. If none are specified, all nodes will be searched as H1 nodes.
# -h2                                   All                           GRAMPA will search these H2 nodes. If none are specified, all nodes will be searched as H2 nodes.
# -c                                    15                            Gene trees with more than this number of groups/clades with polyploid species for a given h1/h2 combination will be skipped.
# -f                                    ballesteros-bs60-hc           All output files generated will have this string preprended to them.
# -p                                    30                            GRAMPA will use this number of processes for LCA mapping.
# -v                                    3                             Controls the amount of info printed to the screen as GRAMPA is running.
# --multree                             False                         The tree input with -s will be read as singly-labeled tree.
# --checknums                           False                         GRAMPA will count groups to filter gene trees and then perform reconciliations.
# --no-st, --st-only                    default                       GRAMPA will perform reconciliations to all MUL-trees specified by -h1 and -h2 and the input species tree.
# --maps                                False                         GRAMPA will only output duplication and loss counts in the detailed output file.
# -------------------------------------------------------------------------------------------------------------------------------------------------------------------------------
# Date        Time      Current step                                      Status                                  Elapsed time (s)    Step time (s)   Current mem (MB)  Virtual mem (MB)
# -------------------------------------------------------------------------------------------------------------------------------------------------------------------------------
# 03.14.2025  17:42:51  Reading species tree                              Success: species tree read              0.33712             0.00316         18.94141          235.82422 
# 03.14.2025  17:42:51  Parsing hybrid clades                             Success: got H nodes                    0.33822             0.00036         18.97656          235.82422 
# 03.14.2025  17:42:51  Counting MUL-trees to be generated                Success: 33 total MUL-trees             0.33899             5e-05           18.97656          235.82422 
# 03.14.2025  17:42:51  Building MUL-trees                                Success: 33 MUL-trees built             0.35388             0.01425         19.16016          235.82422 
# 03.14.2025  17:42:51  Reading gene trees                                Success: 6368 gene trees read           0.73342             0.37884         80.32031          292.24609 
# 03.14.2025  17:43:05  Collapsing gene tree groupings                    Success                                 14.4506             13.71589        80.95703          296.30859 
# 03.14.2025  17:43:06  Filtering gene trees over group cap               Success: 3 gts over cap                 15.64952            1.19736         96.80078          310.30859 
# WARNING: Gene tree on line 1171 is over the group cap in 33 MTs and will be filtered.
# WARNING: Gene tree on line 1532 is over the group cap in 33 MTs and will be filtered.
# WARNING: Gene tree on line 2191 is over the group cap in 33 MTs and will be filtered.
# 03.14.2025  17:43:06  INFO: Filtered gene trees: 3
# 03.14.2025  17:43:06  INFO: Final gene tree count for reconciliations: 6365
# 03.14.2025  17:43:06  Writing filtered gene trees to file               Success: 6365 gene trees written        15.66196            0.00721         95.80078          309.30859 
# ----------------------------------------
# 03.14.2025  17:56:42  Reconciliation                                    Success                                 831.72641           816.06312       99.91406          309.30859 
# 03.14.2025  18:33:59  Getting maps for lowest scoring MTs               Success                                 3068.79264          2237.06154      313.25391         520.85938 
# 03.14.2025  18:34:00  Writing detailed output file                      Success                                 3068.89196          0.00922         313.25781         524.84766 
# 03.14.2025  18:34:00  Writing main output file                          Success                                 3069.01404          0.12123         313.33203         528.84766 
# ===============================================================================================================================================================================
#
# Done!
# The date and time at the end is: 03.14.2025  18:34:00
# Total execution time:            3069.098 seconds.
# Output directory for this run:   /n/holylfs05/LABS/informatics/Users/gthomas/spiders/grampa//19spec/ballesteros-bs60-h1-hc/
# Log file for this run:           /n/holylfs05/LABS/informatics/Users/gthomas/spiders/grampa//19spec/ballesteros-bs60-h1-hc/ballesteros-bs60-hc.log

# GRAMPA finished with 4 WARNINGS -- check log file for more info
# ----------------------------------------
# The tree with the minimum parsimony score is the singly-labled tree (ST):	((((((((((NCLAV,TANTI),ABRUE),(PTEPI,LHESP)),SMIMO),LRECL),CSCUL),(LPOLY,(CROTU,TGIGA))),((MOCCI,VDEST),(ISCAP,HLONG))),(TURTI,SSCAB)),(DMELA,BMORI));
# Score = 101425
# ----------------------------------------
# ===============================================================================================================================================================================
#
