# Warning! With -c set to 15 or higher, some gene trees may take a very long time to reconcile!

#
# =========================================================================
# Welcome to GRAMPA -- Gene tree reconciliations with MUL-trees.
# Version 1.4.0 released on March 2023
# GRAMPA was developed by Gregg Thomas, S. Hussain Ather, Matthew Hahn
# Citation:      https://doi.org/10.1093/sysbio/syx044
# Website:       https://gwct.github.io/grampa/
# Report issues: https://github.com/gwct/grampa
#
# The date and time at the start is:  03.14.2025  18:41:31
# Using Python executable located at: /n/home07/gthomas/miniconda3/envs/snparcher-env/bin/python3.11
# Using Python version:               3.11.4
#
# The program was called as:          grampa.py -s /n/holylfs05/LABS/informatics/Users/gthomas/spiders/tree/19spec/ballesteros//ballesteros.tre -g /n/holylfs05/LABS/informatics/Users/gthomas/spiders/tree/19spec/ballesteros//loci-rearrange-60.rooted.treefile -o /n/holylfs05/LABS/informatics/Users/gthomas/spiders/grampa//19spec/ballesteros-bs60-h1-hcsp/ -h1 CROTU,TGIGA,LPOLY CSCUL,LRECL,SMIMO,LHESP,PTEPI,ABRUE,NCLAV,TANTI CROTU,TGIGA,LPOLY,CSCUL,LRECL,SMIMO,LHESP,PTEPI,ABRUE,NCLAV,TANTI -c 15 -f ballesteros-bs60-hcsp -p 30
#
# -----------------------------------------------------------------------------------------------------------------------------
# INPUT/OUTPUT INFO:
# Species tree file:                    /n/holylfs05/LABS/informatics/Users/gthomas/spiders/tree/19spec/ballesteros//ballesteros.tre
# Gene tree file:                       /n/holylfs05/LABS/informatics/Users/gthomas/spiders/tree/19spec/ballesteros//loci-rearrange-60.rooted.treefile
# Output directory:                     /n/holylfs05/LABS/informatics/Users/gthomas/spiders/grampa//19spec/ballesteros-bs60-h1-hcsp/
# Score file:                           /n/holylfs05/LABS/informatics/Users/gthomas/spiders/grampa//19spec/ballesteros-bs60-h1-hcsp/ballesteros-bs60-hcsp-scores.txt
# Filtered gene trees:                  /n/holylfs05/LABS/informatics/Users/gthomas/spiders/grampa//19spec/ballesteros-bs60-h1-hcsp/ballesteros-bs60-hcsp-trees-filtered.txt
# Check nums file:                      /n/holylfs05/LABS/informatics/Users/gthomas/spiders/grampa//19spec/ballesteros-bs60-h1-hcsp/ballesteros-bs60-hcsp-checknums.txt
# Detailed mapping file:                /n/holylfs05/LABS/informatics/Users/gthomas/spiders/grampa//19spec/ballesteros-bs60-h1-hcsp/ballesteros-bs60-hcsp-detailed.txt
# Duplication count file:               /n/holylfs05/LABS/informatics/Users/gthomas/spiders/grampa//19spec/ballesteros-bs60-h1-hcsp/ballesteros-bs60-hcsp-dup-counts.txt
# -----------------------------------------------------------------------------------------------------------------------------
# OPTIONS INFO:
# Option                                Current setting               Current action
# -h1                                   CROTU,TGIGA,LPOLY CSCUL,LRECL,SMIMO,LHESP,PTEPI,ABRUE,NCLAV,TANTI CROTU,TGIGA,LPOLY,CSCUL,LRECL,SMIMO,LHESP,PTEPI,ABRUE,NCLAV,TANTIGRAMPA will search these H1 nodes. If none are specified, all nodes will be searched as H1 nodes.
# -h2                                   All                           GRAMPA will search these H2 nodes. If none are specified, all nodes will be searched as H2 nodes.
# -c                                    15                            Gene trees with more than this number of groups/clades with polyploid species for a given h1/h2 combination will be skipped.
# -f                                    ballesteros-bs60-hcsp         All output files generated will have this string preprended to them.
# -p                                    30                            GRAMPA will use this number of processes for LCA mapping.
# -v                                    3                             Controls the amount of info printed to the screen as GRAMPA is running.
# --multree                             False                         The tree input with -s will be read as singly-labeled tree.
# --checknums                           False                         GRAMPA will count groups to filter gene trees and then perform reconciliations.
# --no-st, --st-only                    default                       GRAMPA will perform reconciliations to all MUL-trees specified by -h1 and -h2 and the input species tree.
# --maps                                False                         GRAMPA will only output duplication and loss counts in the detailed output file.
# -------------------------------------------------------------------------------------------------------------------------------------------------------------------------------
# Date        Time      Current step                                      Status                                  Elapsed time (s)    Step time (s)   Current mem (MB)  Virtual mem (MB)
# -------------------------------------------------------------------------------------------------------------------------------------------------------------------------------
# 03.14.2025  18:41:32  Reading species tree                              Success: species tree read              0.33688             0.00322         19.20703          235.82422 
# 03.14.2025  18:41:32  Parsing hybrid clades                             Success: got H nodes                    0.33814             0.00048         19.20703          235.82422 
# 03.14.2025  18:41:32  Counting MUL-trees to be generated                Success: 73 total MUL-trees             0.33892             0.00012         19.20703          235.82422 
# 03.14.2025  18:41:32  Building MUL-trees                                Success: 73 MUL-trees built             0.37951             0.03993         20.11719          235.82422 
# 03.14.2025  18:41:32  Reading gene trees                                Success: 6368 gene trees read           0.7569              0.37651         81.21875          293.30469 
# 03.14.2025  18:42:01  Collapsing gene tree groupings                    Success                                 29.60031            28.84211        81.73438          297.36719 
# 03.14.2025  18:42:04  Filtering gene trees over group cap               Success: 5 gts over cap                 32.72672            3.12448         108.53906         320.12109 
# WARNING: Gene tree on line 595 is over the group cap in 21 MTs and will be filtered.
# WARNING: Gene tree on line 1171 is over the group cap in 33 MTs and will be filtered.
# WARNING: Gene tree on line 1532 is over the group cap in 33 MTs and will be filtered.
# WARNING: Gene tree on line 2094 is over the group cap in 17 MTs and will be filtered.
# WARNING: Gene tree on line 2191 is over the group cap in 53 MTs and will be filtered.
# 03.14.2025  18:42:04  INFO: Filtered gene trees: 5
# 03.14.2025  18:42:04  INFO: Final gene tree count for reconciliations: 6363
# 03.14.2025  18:42:04  Writing filtered gene trees to file               Success: 6363 gene trees written        32.74272            0.00816         105.53906         317.12109 
# ----------------------------------------
# 03.14.2025  18:51:07  Reconciliation                                    Success                                 576.17397           543.42963       107.07422         317.12109 
# 03.14.2025  19:06:12  Getting maps for lowest scoring MTs               Success                                 1480.83612          904.6541        368.18359         575.66016 
# 03.14.2025  19:06:12  Writing detailed output file                      Success                                 1480.85604          0.0161          368.31641         579.70312 
# 03.14.2025  19:06:12  Writing main output file                          Success                                 1481.00335          0.14652         368.32812         583.70312 
# ===============================================================================================================================================================================
#
# Done!
# The date and time at the end is: 03.14.2025  19:06:12
# Total execution time:            1481.113 seconds.
# Output directory for this run:   /n/holylfs05/LABS/informatics/Users/gthomas/spiders/grampa//19spec/ballesteros-bs60-h1-hcsp/
# Log file for this run:           /n/holylfs05/LABS/informatics/Users/gthomas/spiders/grampa//19spec/ballesteros-bs60-h1-hcsp/ballesteros-bs60-hcsp.log

# GRAMPA finished with 6 WARNINGS -- check log file for more info
# ----------------------------------------
# The MUL-tree with the minimum parsimony score is MT-70:	((((((((((NCLAV+,TANTI+)<1>,ABRUE+)<2>,(PTEPI+,LHESP+)<3>)<4>,SMIMO+)<5>,LRECL+)<6>,CSCUL+)<7>,(LPOLY+,(CROTU+,TGIGA+)<8>)<9>)<10>,((MOCCI,VDEST)<11>,(ISCAP,HLONG)<12>)<13>)<14>,((TURTI,SSCAB)<15>,(((((((NCLAV*,TANTI*)<16>,ABRUE*)<17>,(PTEPI*,LHESP*)<18>)<19>,SMIMO*)<20>,LRECL*)<21>,CSCUL*)<22>,(LPOLY*,(CROTU*,TGIGA*)<23>)<24>)<25>)<26>)<27>,(DMELA,BMORI)<28>)<29>
# Score = 94990
# ----------------------------------------
# ===============================================================================================================================================================================
#
