# Warning! With -c set to 15 or higher, some gene trees may take a very long time to reconcile!

#
# =========================================================================
# Welcome to GRAMPA -- Gene tree reconciliations with MUL-trees.
# Version 1.4.0 released on March 2023
# GRAMPA was developed by Gregg Thomas, S. Hussain Ather, Matthew Hahn
# Citation:      https://doi.org/10.1093/sysbio/syx044
# Website:       https://gwct.github.io/grampa/
# Report issues: https://github.com/gwct/grampa
#
# The date and time at the start is:  03.13.2025  22:20:10
# Using Python executable located at: /n/home07/gthomas/miniconda3/envs/snparcher-env/bin/python3.11
# Using Python version:               3.11.4
#
# The program was called as:          grampa.py -s /n/holylfs05/LABS/informatics/Users/gthomas/spiders/tree/19spec/ballesteros//ballesteros.tre -g /n/holylfs05/LABS/informatics/Users/gthomas/spiders/tree/19spec/ballesteros//loci-rearrange-70.rooted.treefile -o /n/holylfs05/LABS/informatics/Users/gthomas/spiders/grampa//19spec/ballesteros-bs70-h1-hc/ -h1 CROTU,TGIGA,LPOLY -c 15 -f ballesteros-bs70-hc -p 30
#
# -----------------------------------------------------------------------------------------------------------------------------
# INPUT/OUTPUT INFO:
# Species tree file:                    /n/holylfs05/LABS/informatics/Users/gthomas/spiders/tree/19spec/ballesteros//ballesteros.tre
# Gene tree file:                       /n/holylfs05/LABS/informatics/Users/gthomas/spiders/tree/19spec/ballesteros//loci-rearrange-70.rooted.treefile
# Output directory:                     /n/holylfs05/LABS/informatics/Users/gthomas/spiders/grampa//19spec/ballesteros-bs70-h1-hc/
# Score file:                           /n/holylfs05/LABS/informatics/Users/gthomas/spiders/grampa//19spec/ballesteros-bs70-h1-hc/ballesteros-bs70-hc-scores.txt
# Filtered gene trees:                  /n/holylfs05/LABS/informatics/Users/gthomas/spiders/grampa//19spec/ballesteros-bs70-h1-hc/ballesteros-bs70-hc-trees-filtered.txt
# Check nums file:                      /n/holylfs05/LABS/informatics/Users/gthomas/spiders/grampa//19spec/ballesteros-bs70-h1-hc/ballesteros-bs70-hc-checknums.txt
# Detailed mapping file:                /n/holylfs05/LABS/informatics/Users/gthomas/spiders/grampa//19spec/ballesteros-bs70-h1-hc/ballesteros-bs70-hc-detailed.txt
# Duplication count file:               /n/holylfs05/LABS/informatics/Users/gthomas/spiders/grampa//19spec/ballesteros-bs70-h1-hc/ballesteros-bs70-hc-dup-counts.txt
# -----------------------------------------------------------------------------------------------------------------------------
# OPTIONS INFO:
# Option                                Current setting               Current action
# -h1                                   CROTU,TGIGA,LPOLY             GRAMPA will search these H1 nodes. If none are specified, all nodes will be searched as H1 nodes.
# -h2                                   All                           GRAMPA will search these H2 nodes. If none are specified, all nodes will be searched as H2 nodes.
# -c                                    15                            Gene trees with more than this number of groups/clades with polyploid species for a given h1/h2 combination will be skipped.
# -f                                    ballesteros-bs70-hc           All output files generated will have this string preprended to them.
# -p                                    30                            GRAMPA will use this number of processes for LCA mapping.
# -v                                    3                             Controls the amount of info printed to the screen as GRAMPA is running.
# --multree                             False                         The tree input with -s will be read as singly-labeled tree.
# --checknums                           False                         GRAMPA will count groups to filter gene trees and then perform reconciliations.
# --no-st, --st-only                    default                       GRAMPA will perform reconciliations to all MUL-trees specified by -h1 and -h2 and the input species tree.
# --maps                                False                         GRAMPA will only output duplication and loss counts in the detailed output file.
# -------------------------------------------------------------------------------------------------------------------------------------------------------------------------------
# Date        Time      Current step                                      Status                                  Elapsed time (s)    Step time (s)   Current mem (MB)  Virtual mem (MB)
# -------------------------------------------------------------------------------------------------------------------------------------------------------------------------------
# 03.13.2025  22:20:10  Reading species tree                              Success: species tree read              0.37864             0.00346         17.23828          234.82422 
# 03.13.2025  22:20:10  Parsing hybrid clades                             Success: got H nodes                    0.37976             0.00037         17.23828          235.82422 
# 03.13.2025  22:20:10  Counting MUL-trees to be generated                Success: 33 total MUL-trees             0.38044             5e-05           17.23828          235.82422 
# 03.13.2025  22:20:10  Building MUL-trees                                Success: 33 MUL-trees built             0.3955              0.0143          17.52344          235.82422 
# 03.13.2025  22:20:11  Reading gene trees                                Success: 6368 gene trees read           0.79406             0.39786         78.83594          292.18359 
# 03.13.2025  22:20:24  Collapsing gene tree groupings                    Success                                 14.39142            13.59618        79.34766          296.23047 
# 03.13.2025  22:20:25  Filtering gene trees over group cap               Success: 3 gts over cap                 15.44832            1.0547          98.61719          311.23047 
# WARNING: Gene tree on line 1171 is over the group cap in 33 MTs and will be filtered.
# WARNING: Gene tree on line 1532 is over the group cap in 33 MTs and will be filtered.
# WARNING: Gene tree on line 2191 is over the group cap in 33 MTs and will be filtered.
# 03.13.2025  22:20:25  INFO: Filtered gene trees: 3
# 03.13.2025  22:20:25  INFO: Final gene tree count for reconciliations: 6365
# 03.13.2025  22:20:25  Writing filtered gene trees to file               Success: 6365 gene trees written        15.46069            0.00719         95.86328          308.23047 
# ----------------------------------------
# 03.13.2025  22:33:44  Reconciliation                                    Success                                 814.65374           799.19176       100.48828         308.23047 
# 03.13.2025  23:10:49  Getting maps for lowest scoring MTs               Success                                 3039.29973          2224.64222      375.33594         582.52344 
# 03.13.2025  23:10:49  Writing detailed output file                      Success                                 3039.31361          0.00902         375.33984         586.57812 
# 03.13.2025  23:10:49  Writing main output file                          Success                                 3039.44094          0.12661         375.41016         590.57812 
# ===============================================================================================================================================================================
#
# Done!
# The date and time at the end is: 03.13.2025  23:10:49
# Total execution time:            3039.549 seconds.
# Output directory for this run:   /n/holylfs05/LABS/informatics/Users/gthomas/spiders/grampa//19spec/ballesteros-bs70-h1-hc/
# Log file for this run:           /n/holylfs05/LABS/informatics/Users/gthomas/spiders/grampa//19spec/ballesteros-bs70-h1-hc/ballesteros-bs70-hc.log

# GRAMPA finished with 4 WARNINGS -- check log file for more info
# ----------------------------------------
# The tree with the minimum parsimony score is the singly-labled tree (ST):	((((((((((NCLAV,TANTI),ABRUE),(PTEPI,LHESP)),SMIMO),LRECL),CSCUL),(LPOLY,(CROTU,TGIGA))),((MOCCI,VDEST),(ISCAP,HLONG))),(TURTI,SSCAB)),(DMELA,BMORI));
# Score = 88041
# ----------------------------------------
# ===============================================================================================================================================================================
#
