# Warning! With -c set to 15 or higher, some gene trees may take a very long time to reconcile!

#
# =========================================================================
# Welcome to GRAMPA -- Gene tree reconciliations with MUL-trees.
# Version 1.4.0 released on March 2023
# GRAMPA was developed by Gregg Thomas, S. Hussain Ather, Matthew Hahn
# Citation:      https://doi.org/10.1093/sysbio/syx044
# Website:       https://gwct.github.io/grampa/
# Report issues: https://github.com/gwct/grampa
#
# The date and time at the start is:  03.13.2025  23:51:24
# Using Python executable located at: /n/home07/gthomas/miniconda3/envs/snparcher-env/bin/python3.11
# Using Python version:               3.11.4
#
# The program was called as:          grampa.py -s /n/holylfs05/LABS/informatics/Users/gthomas/spiders/tree/19spec/traditional//traditional.tre -g /n/holylfs05/LABS/informatics/Users/gthomas/spiders/tree/19spec/traditional//loci-rearrange-70.rooted.treefile -o /n/holylfs05/LABS/informatics/Users/gthomas/spiders/grampa//19spec/traditional-bs70-full/ -c 15 -f traditional-bs70-full -p 30
#
# -----------------------------------------------------------------------------------------------------------------------------
# INPUT/OUTPUT INFO:
# Species tree file:                    /n/holylfs05/LABS/informatics/Users/gthomas/spiders/tree/19spec/traditional//traditional.tre
# Gene tree file:                       /n/holylfs05/LABS/informatics/Users/gthomas/spiders/tree/19spec/traditional//loci-rearrange-70.rooted.treefile
# Output directory:                     /n/holylfs05/LABS/informatics/Users/gthomas/spiders/grampa//19spec/traditional-bs70-full/
# Score file:                           /n/holylfs05/LABS/informatics/Users/gthomas/spiders/grampa//19spec/traditional-bs70-full/traditional-bs70-full-scores.txt
# Filtered gene trees:                  /n/holylfs05/LABS/informatics/Users/gthomas/spiders/grampa//19spec/traditional-bs70-full/traditional-bs70-full-trees-filtered.txt
# Check nums file:                      /n/holylfs05/LABS/informatics/Users/gthomas/spiders/grampa//19spec/traditional-bs70-full/traditional-bs70-full-checknums.txt
# Detailed mapping file:                /n/holylfs05/LABS/informatics/Users/gthomas/spiders/grampa//19spec/traditional-bs70-full/traditional-bs70-full-detailed.txt
# Duplication count file:               /n/holylfs05/LABS/informatics/Users/gthomas/spiders/grampa//19spec/traditional-bs70-full/traditional-bs70-full-dup-counts.txt
# -----------------------------------------------------------------------------------------------------------------------------
# OPTIONS INFO:
# Option                                Current setting               Current action
# -h1                                   All                           GRAMPA will search these H1 nodes. If none are specified, all nodes will be searched as H1 nodes.
# -h2                                   All                           GRAMPA will search these H2 nodes. If none are specified, all nodes will be searched as H2 nodes.
# -c                                    15                            Gene trees with more than this number of groups/clades with polyploid species for a given h1/h2 combination will be skipped.
# -f                                    traditional-bs70-full         All output files generated will have this string preprended to them.
# -p                                    30                            GRAMPA will use this number of processes for LCA mapping.
# -v                                    3                             Controls the amount of info printed to the screen as GRAMPA is running.
# --multree                             False                         The tree input with -s will be read as singly-labeled tree.
# --checknums                           False                         GRAMPA will count groups to filter gene trees and then perform reconciliations.
# --no-st, --st-only                    default                       GRAMPA will perform reconciliations to all MUL-trees specified by -h1 and -h2 and the input species tree.
# --maps                                False                         GRAMPA will only output duplication and loss counts in the detailed output file.
# -------------------------------------------------------------------------------------------------------------------------------------------------------------------------------
# Date        Time      Current step                                      Status                                  Elapsed time (s)    Step time (s)   Current mem (MB)  Virtual mem (MB)
# -------------------------------------------------------------------------------------------------------------------------------------------------------------------------------
# 03.13.2025  23:51:24  Reading species tree                              Success: species tree read              0.35485             0.02236         19.00391          235.78906 
# 03.13.2025  23:51:24  Parsing hybrid clades                             Success: got H nodes                    0.35616             0.00059         19.03125          235.78906 
# 03.13.2025  23:51:24  Counting MUL-trees to be generated                Success: 1181 total MUL-trees           0.35718             0.00037         19.03125          235.78906 
# 03.13.2025  23:51:25  Building MUL-trees                                Success: 1181 MUL-trees built           0.77707             0.41925         30.62891          246.78906 
# 03.13.2025  23:51:25  Reading gene trees                                Success: 6368 gene trees read           1.28096             0.50314         91.76953          304.21484 
# 03.13.2025  23:55:36  Collapsing gene tree groupings                    Success                                 252.66491           251.38282       97.11328          308.26953 
# 03.13.2025  23:56:10  Filtering gene trees over group cap               Success: 12 gts over cap                285.85138           33.18167        126.37109         335.50391 
# WARNING: Gene tree on line 315 is over the group cap in 26 MTs and will be filtered.
# WARNING: Gene tree on line 595 is over the group cap in 7 MTs and will be filtered.
# WARNING: Gene tree on line 1171 is over the group cap in 33 MTs and will be filtered.
# WARNING: Gene tree on line 1532 is over the group cap in 37 MTs and will be filtered.
# WARNING: Gene tree on line 1826 is over the group cap in 15 MTs and will be filtered.
# WARNING: Gene tree on line 2190 is over the group cap in 109 MTs and will be filtered.
# WARNING: Gene tree on line 2556 is over the group cap in 37 MTs and will be filtered.
# WARNING: Gene tree on line 2191 is over the group cap in 230 MTs and will be filtered.
# WARNING: Gene tree on line 3559 is over the group cap in 37 MTs and will be filtered.
# WARNING: Gene tree on line 4228 is over the group cap in 37 MTs and will be filtered.
# WARNING: Gene tree on line 5137 is over the group cap in 107 MTs and will be filtered.
# WARNING: Gene tree on line 5788 is over the group cap in 104 MTs and will be filtered.
# 03.13.2025  23:56:10  INFO: Filtered gene trees: 12
# 03.13.2025  23:56:10  INFO: Final gene tree count for reconciliations: 6356
# 03.13.2025  23:56:10  Writing filtered gene trees to file               Success: 6356 gene trees written        285.86771           0.0064          122.53125         331.50391 
# ----------------------------------------
# 03.14.2025  00:14:39  Reconciliation                                    Success                                 1395.02358          1109.15463      122.53516         331.50391 
# 03.14.2025  00:33:57  Getting maps for lowest scoring MTs               Success                                 2553.02387          1157.99597      385.12891         593.3125  
# 03.14.2025  00:33:57  Writing detailed output file                      Success                                 2553.03895          0.01079         385.24219         597.375   
# 03.14.2025  00:33:57  Writing main output file                          Success                                 2553.17404          0.13432         385.33203         601.375   
# ===============================================================================================================================================================================
#
# Done!
# The date and time at the end is: 03.14.2025  00:33:57
# Total execution time:            2553.299 seconds.
# Output directory for this run:   /n/holylfs05/LABS/informatics/Users/gthomas/spiders/grampa//19spec/traditional-bs70-full/
# Log file for this run:           /n/holylfs05/LABS/informatics/Users/gthomas/spiders/grampa//19spec/traditional-bs70-full/traditional-bs70-full.log

# GRAMPA finished with 13 WARNINGS -- check log file for more info
# ----------------------------------------
# The MUL-tree with the minimum parsimony score is MT-1024:	(((((((((((NCLAV+,TANTI+)<1>,ABRUE+)<2>,(PTEPI+,LHESP+)<3>)<4>,SMIMO+)<5>,LRECL+)<6>,CSCUL+)<7>,((MOCCI+,VDEST+)<8>,(ISCAP+,HLONG+)<9>)<10>)<11>,(TURTI,SSCAB)<12>)<13>,(LPOLY,(CROTU,TGIGA)<14>)<15>)<16>,(((((((NCLAV*,TANTI*)<17>,ABRUE*)<18>,(PTEPI*,LHESP*)<19>)<20>,SMIMO*)<21>,LRECL*)<22>,CSCUL*)<23>,((MOCCI*,VDEST*)<24>,(ISCAP*,HLONG*)<25>)<26>)<27>)<28>,(DMELA,BMORI)<29>)<30>
# Score = 87737
# ----------------------------------------
# ===============================================================================================================================================================================
#
