# Warning! With -c set to 15 or higher, some gene trees may take a very long time to reconcile!

#
# =========================================================================
# Welcome to GRAMPA -- Gene tree reconciliations with MUL-trees.
# Version 1.4.0 released on March 2023
# GRAMPA was developed by Gregg Thomas, S. Hussain Ather, Matthew Hahn
# Citation:      https://doi.org/10.1093/sysbio/syx044
# Website:       https://gwct.github.io/grampa/
# Report issues: https://github.com/gwct/grampa
#
# The date and time at the start is:  03.15.2025  08:52:04
# Using Python executable located at: /n/home07/gthomas/miniconda3/envs/snparcher-env/bin/python3.11
# Using Python version:               3.11.4
#
# The program was called as:          grampa.py -s /n/holylfs05/LABS/informatics/Users/gthomas/spiders/tree/19spec/traditional//traditional.tre -g /n/holylfs05/LABS/informatics/Users/gthomas/spiders/tree/19spec/traditional//loci-rearrange-50.rooted.treefile -o /n/holylfs05/LABS/informatics/Users/gthomas/spiders/grampa//19spec/traditional-bs50-h1-hc/ -h1 CROTU,TGIGA,LPOLY -c 15 -f traditional-bs50-hc -p 30
#
# -----------------------------------------------------------------------------------------------------------------------------
# INPUT/OUTPUT INFO:
# Species tree file:                    /n/holylfs05/LABS/informatics/Users/gthomas/spiders/tree/19spec/traditional//traditional.tre
# Gene tree file:                       /n/holylfs05/LABS/informatics/Users/gthomas/spiders/tree/19spec/traditional//loci-rearrange-50.rooted.treefile
# Output directory:                     /n/holylfs05/LABS/informatics/Users/gthomas/spiders/grampa//19spec/traditional-bs50-h1-hc/
# Score file:                           /n/holylfs05/LABS/informatics/Users/gthomas/spiders/grampa//19spec/traditional-bs50-h1-hc/traditional-bs50-hc-scores.txt
# Filtered gene trees:                  /n/holylfs05/LABS/informatics/Users/gthomas/spiders/grampa//19spec/traditional-bs50-h1-hc/traditional-bs50-hc-trees-filtered.txt
# Check nums file:                      /n/holylfs05/LABS/informatics/Users/gthomas/spiders/grampa//19spec/traditional-bs50-h1-hc/traditional-bs50-hc-checknums.txt
# Detailed mapping file:                /n/holylfs05/LABS/informatics/Users/gthomas/spiders/grampa//19spec/traditional-bs50-h1-hc/traditional-bs50-hc-detailed.txt
# Duplication count file:               /n/holylfs05/LABS/informatics/Users/gthomas/spiders/grampa//19spec/traditional-bs50-h1-hc/traditional-bs50-hc-dup-counts.txt
# -----------------------------------------------------------------------------------------------------------------------------
# OPTIONS INFO:
# Option                                Current setting               Current action
# -h1                                   CROTU,TGIGA,LPOLY             GRAMPA will search these H1 nodes. If none are specified, all nodes will be searched as H1 nodes.
# -h2                                   All                           GRAMPA will search these H2 nodes. If none are specified, all nodes will be searched as H2 nodes.
# -c                                    15                            Gene trees with more than this number of groups/clades with polyploid species for a given h1/h2 combination will be skipped.
# -f                                    traditional-bs50-hc           All output files generated will have this string preprended to them.
# -p                                    30                            GRAMPA will use this number of processes for LCA mapping.
# -v                                    3                             Controls the amount of info printed to the screen as GRAMPA is running.
# --multree                             False                         The tree input with -s will be read as singly-labeled tree.
# --checknums                           False                         GRAMPA will count groups to filter gene trees and then perform reconciliations.
# --no-st, --st-only                    default                       GRAMPA will perform reconciliations to all MUL-trees specified by -h1 and -h2 and the input species tree.
# --maps                                False                         GRAMPA will only output duplication and loss counts in the detailed output file.
# -------------------------------------------------------------------------------------------------------------------------------------------------------------------------------
# Date        Time      Current step                                      Status                                  Elapsed time (s)    Step time (s)   Current mem (MB)  Virtual mem (MB)
# -------------------------------------------------------------------------------------------------------------------------------------------------------------------------------
# 03.15.2025  08:52:05  Reading species tree                              Success: species tree read              0.32529             0.00364         16.99609          235.82422 
# 03.15.2025  08:52:05  Parsing hybrid clades                             Success: got H nodes                    0.32657             0.00038         17.03125          235.82422 
# 03.15.2025  08:52:05  Counting MUL-trees to be generated                Success: 33 total MUL-trees             0.32736             6e-05           17.03125          235.82422 
# 03.15.2025  08:52:05  Building MUL-trees                                Success: 33 MUL-trees built             0.34258             0.01448         17.17969          235.82422 
# 03.15.2025  08:52:05  Reading gene trees                                Success: 6368 gene trees read           0.76343             0.41988         78.48828          292.32031 
# 03.15.2025  08:52:19  Collapsing gene tree groupings                    Success                                 14.90468            14.13981        79.21094          296.39062 
# 03.15.2025  08:52:21  Filtering gene trees over group cap               Success: 3 gts over cap                 16.30325            1.39615         99.18359          310.39062 
# WARNING: Gene tree on line 1171 is over the group cap in 33 MTs and will be filtered.
# WARNING: Gene tree on line 1532 is over the group cap in 33 MTs and will be filtered.
# WARNING: Gene tree on line 2191 is over the group cap in 33 MTs and will be filtered.
# 03.15.2025  08:52:21  INFO: Filtered gene trees: 3
# 03.15.2025  08:52:21  INFO: Final gene tree count for reconciliations: 6365
# 03.15.2025  08:52:21  Writing filtered gene trees to file               Success: 6365 gene trees written        16.31864            0.00961         96.30859          307.39062 
# ----------------------------------------
# 03.15.2025  09:06:24  Reconciliation                                    Success                                 859.41104           843.09076       97.85547          307.39062 
# 03.15.2025  09:52:49  Getting maps for lowest scoring MTs               Success                                 3644.89668          2785.48169      314.71875         521.41016 
# 03.15.2025  09:52:49  Writing detailed output file                      Success                                 3644.91264          0.01026         314.72266         525.50391 
# 03.15.2025  09:52:49  Writing main output file                          Success                                 3645.03124          0.11781         314.83594         529.50391 
# ===============================================================================================================================================================================
#
# Done!
# The date and time at the end is: 03.15.2025  09:52:49
# Total execution time:            3645.115 seconds.
# Output directory for this run:   /n/holylfs05/LABS/informatics/Users/gthomas/spiders/grampa//19spec/traditional-bs50-h1-hc/
# Log file for this run:           /n/holylfs05/LABS/informatics/Users/gthomas/spiders/grampa//19spec/traditional-bs50-h1-hc/traditional-bs50-hc.log

# GRAMPA finished with 4 WARNINGS -- check log file for more info
# ----------------------------------------
# The MUL-tree with the minimum parsimony score is MT-7:	((((((((((NCLAV,TANTI)<1>,ABRUE)<2>,(PTEPI,LHESP)<3>)<4>,SMIMO)<5>,(LRECL,(LPOLY*,(CROTU*,TGIGA*)<6>)<7>)<8>)<9>,CSCUL)<10>,((MOCCI,VDEST)<11>,(ISCAP,HLONG)<12>)<13>)<14>,(TURTI,SSCAB)<15>)<16>,(LPOLY+,(CROTU+,TGIGA+)<17>)<18>)<19>,(DMELA,BMORI)<20>)<21>
# Score = 118230
# ----------------------------------------
# ===============================================================================================================================================================================
#
