# Warning! With -c set to 15 or higher, some gene trees may take a very long time to reconcile!

#
# =========================================================================
# Welcome to GRAMPA -- Gene tree reconciliations with MUL-trees.
# Version 1.4.0 released on March 2023
# GRAMPA was developed by Gregg Thomas, S. Hussain Ather, Matthew Hahn
# Citation:      https://doi.org/10.1093/sysbio/syx044
# Website:       https://gwct.github.io/grampa/
# Report issues: https://github.com/gwct/grampa
#
# The date and time at the start is:  03.15.2025  08:06:44
# Using Python executable located at: /n/home07/gthomas/miniconda3/envs/snparcher-env/bin/python3.11
# Using Python version:               3.11.4
#
# The program was called as:          grampa.py -s /n/holylfs05/LABS/informatics/Users/gthomas/spiders/tree/19spec/traditional//traditional.tre -g /n/holylfs05/LABS/informatics/Users/gthomas/spiders/tree/19spec/traditional//loci-rearrange-50.rooted.treefile -o /n/holylfs05/LABS/informatics/Users/gthomas/spiders/grampa//19spec/traditional-bs50-full/ -c 15 -f traditional-bs50-full -p 30
#
# -----------------------------------------------------------------------------------------------------------------------------
# INPUT/OUTPUT INFO:
# Species tree file:                    /n/holylfs05/LABS/informatics/Users/gthomas/spiders/tree/19spec/traditional//traditional.tre
# Gene tree file:                       /n/holylfs05/LABS/informatics/Users/gthomas/spiders/tree/19spec/traditional//loci-rearrange-50.rooted.treefile
# Output directory:                     /n/holylfs05/LABS/informatics/Users/gthomas/spiders/grampa//19spec/traditional-bs50-full/
# Score file:                           /n/holylfs05/LABS/informatics/Users/gthomas/spiders/grampa//19spec/traditional-bs50-full/traditional-bs50-full-scores.txt
# Filtered gene trees:                  /n/holylfs05/LABS/informatics/Users/gthomas/spiders/grampa//19spec/traditional-bs50-full/traditional-bs50-full-trees-filtered.txt
# Check nums file:                      /n/holylfs05/LABS/informatics/Users/gthomas/spiders/grampa//19spec/traditional-bs50-full/traditional-bs50-full-checknums.txt
# Detailed mapping file:                /n/holylfs05/LABS/informatics/Users/gthomas/spiders/grampa//19spec/traditional-bs50-full/traditional-bs50-full-detailed.txt
# Duplication count file:               /n/holylfs05/LABS/informatics/Users/gthomas/spiders/grampa//19spec/traditional-bs50-full/traditional-bs50-full-dup-counts.txt
# -----------------------------------------------------------------------------------------------------------------------------
# OPTIONS INFO:
# Option                                Current setting               Current action
# -h1                                   All                           GRAMPA will search these H1 nodes. If none are specified, all nodes will be searched as H1 nodes.
# -h2                                   All                           GRAMPA will search these H2 nodes. If none are specified, all nodes will be searched as H2 nodes.
# -c                                    15                            Gene trees with more than this number of groups/clades with polyploid species for a given h1/h2 combination will be skipped.
# -f                                    traditional-bs50-full         All output files generated will have this string preprended to them.
# -p                                    30                            GRAMPA will use this number of processes for LCA mapping.
# -v                                    3                             Controls the amount of info printed to the screen as GRAMPA is running.
# --multree                             False                         The tree input with -s will be read as singly-labeled tree.
# --checknums                           False                         GRAMPA will count groups to filter gene trees and then perform reconciliations.
# --no-st, --st-only                    default                       GRAMPA will perform reconciliations to all MUL-trees specified by -h1 and -h2 and the input species tree.
# --maps                                False                         GRAMPA will only output duplication and loss counts in the detailed output file.
# -------------------------------------------------------------------------------------------------------------------------------------------------------------------------------
# Date        Time      Current step                                      Status                                  Elapsed time (s)    Step time (s)   Current mem (MB)  Virtual mem (MB)
# -------------------------------------------------------------------------------------------------------------------------------------------------------------------------------
# 03.15.2025  08:06:44  Reading species tree                              Success: species tree read              0.38565             0.01899         17.17188          234.78906 
# 03.15.2025  08:06:44  Parsing hybrid clades                             Success: got H nodes                    0.38704             0.00057         17.17188          234.78906 
# 03.15.2025  08:06:44  Counting MUL-trees to be generated                Success: 1181 total MUL-trees           0.38812             0.00037         17.17188          234.78906 
# 03.15.2025  08:06:45  Building MUL-trees                                Success: 1181 MUL-trees built           0.81899             0.43018         31.17969          246.78906 
# 03.15.2025  08:06:45  Reading gene trees                                Success: 6368 gene trees read           1.31767             0.49762         92.375            304.36719 
# 03.15.2025  08:11:03  Collapsing gene tree groupings                    Success                                 258.92233           257.60339       97.76562          308.43359 
# 03.15.2025  08:11:38  Filtering gene trees over group cap               Success: 15 gts over cap                294.45743           35.52979        127.26953         335.66797 
# WARNING: Gene tree on line 315 is over the group cap in 57 MTs and will be filtered.
# WARNING: Gene tree on line 846 is over the group cap in 1 MTs and will be filtered.
# WARNING: Gene tree on line 595 is over the group cap in 29 MTs and will be filtered.
# WARNING: Gene tree on line 1171 is over the group cap in 33 MTs and will be filtered.
# WARNING: Gene tree on line 1722 is over the group cap in 26 MTs and will be filtered.
# WARNING: Gene tree on line 1532 is over the group cap in 37 MTs and will be filtered.
# WARNING: Gene tree on line 1826 is over the group cap in 31 MTs and will be filtered.
# WARNING: Gene tree on line 2190 is over the group cap in 206 MTs and will be filtered.
# WARNING: Gene tree on line 2556 is over the group cap in 37 MTs and will be filtered.
# WARNING: Gene tree on line 2191 is over the group cap in 255 MTs and will be filtered.
# WARNING: Gene tree on line 3559 is over the group cap in 37 MTs and will be filtered.
# WARNING: Gene tree on line 4228 is over the group cap in 72 MTs and will be filtered.
# WARNING: Gene tree on line 5137 is over the group cap in 107 MTs and will be filtered.
# WARNING: Gene tree on line 5488 is over the group cap in 25 MTs and will be filtered.
# WARNING: Gene tree on line 5788 is over the group cap in 104 MTs and will be filtered.
# 03.15.2025  08:11:38  INFO: Filtered gene trees: 15
# 03.15.2025  08:11:38  INFO: Final gene tree count for reconciliations: 6353
# 03.15.2025  08:11:38  Writing filtered gene trees to file               Success: 6353 gene trees written        294.47666           0.00687         124.26953         332.66797 
# ----------------------------------------
# 03.15.2025  08:31:40  Reconciliation                                    Success                                 1496.58593          1202.1079       124.26953         332.66797 
# 03.15.2025  08:52:03  Getting maps for lowest scoring MTs               Success                                 2719.48747          1222.89298      437.98828         646.0     
# 03.15.2025  08:52:03  Writing detailed output file                      Success                                 2719.51072          0.01486         438.13672         650.09766 
# 03.15.2025  08:52:04  Writing main output file                          Success                                 2719.68565          0.17403         438.26562         654.09766 
# ===============================================================================================================================================================================
#
# Done!
# The date and time at the end is: 03.15.2025  08:52:04
# Total execution time:            2719.824 seconds.
# Output directory for this run:   /n/holylfs05/LABS/informatics/Users/gthomas/spiders/grampa//19spec/traditional-bs50-full/
# Log file for this run:           /n/holylfs05/LABS/informatics/Users/gthomas/spiders/grampa//19spec/traditional-bs50-full/traditional-bs50-full.log

# GRAMPA finished with 16 WARNINGS -- check log file for more info
# ----------------------------------------
# The MUL-tree with the minimum parsimony score is MT-1024:	(((((((((((NCLAV+,TANTI+)<1>,ABRUE+)<2>,(PTEPI+,LHESP+)<3>)<4>,SMIMO+)<5>,LRECL+)<6>,CSCUL+)<7>,((MOCCI+,VDEST+)<8>,(ISCAP+,HLONG+)<9>)<10>)<11>,(TURTI,SSCAB)<12>)<13>,(LPOLY,(CROTU,TGIGA)<14>)<15>)<16>,(((((((NCLAV*,TANTI*)<17>,ABRUE*)<18>,(PTEPI*,LHESP*)<19>)<20>,SMIMO*)<21>,LRECL*)<22>,CSCUL*)<23>,((MOCCI*,VDEST*)<24>,(ISCAP*,HLONG*)<25>)<26>)<27>)<28>,(DMELA,BMORI)<29>)<30>
# Score = 110166
# ----------------------------------------
# ===============================================================================================================================================================================
#
