# Warning! With -c set to 15 or higher, some gene trees may take a very long time to reconcile!

#
# =========================================================================
# Welcome to GRAMPA -- Gene tree reconciliations with MUL-trees.
# Version 1.4.0 released on March 2023
# GRAMPA was developed by Gregg Thomas, S. Hussain Ather, Matthew Hahn
# Citation:      https://doi.org/10.1093/sysbio/syx044
# Website:       https://gwct.github.io/grampa/
# Report issues: https://github.com/gwct/grampa
#
# The date and time at the start is:  03.15.2023  13:36:33
# Using Python executable located at: /n/home07/gthomas/miniconda3/envs/mapping-sims/bin/python3.9
# Using Python version:               3.9.15
#
# The program was called as:          grampa.py -s /n/holylfs05/LABS/informatics/Users/gthomas/spiders/tree/19spec/traditional//traditional.tre -g /n/holylfs05/LABS/informatics/Users/gthomas/spiders/tree/19spec/traditional//loci-rearrange-90.rooted.treefile -o /n/holylfs05/LABS/informatics/Users/gthomas/spiders/grampa//19spec/traditional-bs90-full/ -c 15 -f traditional-bs90-full -p 30
#
# -----------------------------------------------------------------------------------------------------------------------------
# INPUT/OUTPUT INFO:
# Species tree file:                    /n/holylfs05/LABS/informatics/Users/gthomas/spiders/tree/19spec/traditional//traditional.tre
# Gene tree file:                       /n/holylfs05/LABS/informatics/Users/gthomas/spiders/tree/19spec/traditional//loci-rearrange-90.rooted.treefile
# Output directory:                     /n/holylfs05/LABS/informatics/Users/gthomas/spiders/grampa//19spec/traditional-bs90-full/
# Score file:                           /n/holylfs05/LABS/informatics/Users/gthomas/spiders/grampa//19spec/traditional-bs90-full/traditional-bs90-full-scores.txt
# Filtered gene trees:                  /n/holylfs05/LABS/informatics/Users/gthomas/spiders/grampa//19spec/traditional-bs90-full/traditional-bs90-full-trees-filtered.txt
# Check nums file:                      /n/holylfs05/LABS/informatics/Users/gthomas/spiders/grampa//19spec/traditional-bs90-full/traditional-bs90-full-checknums.txt
# Detailed mapping file:                /n/holylfs05/LABS/informatics/Users/gthomas/spiders/grampa//19spec/traditional-bs90-full/traditional-bs90-full-detailed.txt
# Duplication count file:               /n/holylfs05/LABS/informatics/Users/gthomas/spiders/grampa//19spec/traditional-bs90-full/traditional-bs90-full-dup-counts.txt
# -----------------------------------------------------------------------------------------------------------------------------
# OPTIONS INFO:
# Option                                Current setting               Current action
# -h1                                   All                           GRAMPA will search these H1 nodes. If none are specified, all nodes will be searched as H1 nodes.
# -h2                                   All                           GRAMPA will search these H2 nodes. If none are specified, all nodes will be searched as H2 nodes.
# -c                                    15                            Gene trees with more than this number of groups/clades with polyploid species for a given h1/h2 combination will be skipped.
# -f                                    traditional-bs90-full         All output files generated will have this string preprended to them.
# -p                                    30                            GRAMPA will use this number of processes for LCA mapping.
# -v                                    3                             Controls the amount of info printed to the screen as GRAMPA is running.
# --multree                             False                         The tree input with -s will be read as singly-labeled tree.
# --checknums                           False                         GRAMPA will count groups to filter gene trees and then perform reconciliations.
# --no-st, --st-only                    default                       GRAMPA will perform reconciliations to all MUL-trees specified by -h1 and -h2 and the input species tree.
# --maps                                False                         GRAMPA will only output duplication and loss counts in the detailed output file.
# -------------------------------------------------------------------------------------------------------------------------------------------------------------------------------
# Date        Time      Current step                                      Status                                  Elapsed time (s)    Step time (s)   Current mem (MB)  Virtual mem (MB)
# -------------------------------------------------------------------------------------------------------------------------------------------------------------------------------
# 03.15.2023  13:36:33  Reading species tree                              Success: species tree read              0.632               0.03016         12.25391          332.17969 
# 03.15.2023  13:36:33  Parsing hybrid clades                             Success: got H nodes                    0.63477             0.00112         12.25391          332.31641 
# 03.15.2023  13:36:33  Counting MUL-trees to be generated                Success: 1181 total MUL-trees           0.63626             0.00067         12.25391          332.31641 
# 03.15.2023  13:36:34  Building MUL-trees                                Success: 1181 MUL-trees built           1.42092             0.784           26.19922          344.31641 
# 03.15.2023  13:36:35  Reading gene trees                                Success: 6368 gene trees read           2.7362              1.31127         89.98828          401.91797 
# 03.15.2023  13:45:40  Collapsing gene tree groupings                    Success                                 547.79545           545.05475       93.15625          405.95312 
# 03.15.2023  13:46:36  Filtering gene trees over group cap               Success: 8 gts over cap                 603.41027           55.60988        121.58984         430.37891 
# WARNING: Gene tree on line 1532 is over the group cap in 37 MTs and will be filtered.
# WARNING: Gene tree on line 2190 is over the group cap in 109 MTs and will be filtered.
# WARNING: Gene tree on line 2191 is over the group cap in 230 MTs and will be filtered.
# WARNING: Gene tree on line 2556 is over the group cap in 37 MTs and will be filtered.
# WARNING: Gene tree on line 3559 is over the group cap in 37 MTs and will be filtered.
# WARNING: Gene tree on line 4228 is over the group cap in 37 MTs and will be filtered.
# WARNING: Gene tree on line 5137 is over the group cap in 37 MTs and will be filtered.
# WARNING: Gene tree on line 5788 is over the group cap in 103 MTs and will be filtered.
# 03.15.2023  13:46:36  INFO: Filtered gene trees: 8
# 03.15.2023  13:46:36  INFO: Final gene tree count for reconciliations: 6360
# 03.15.2023  13:46:36  Writing filtered gene trees to file               Success: 6360 gene trees written        603.43585           0.01039         115.33984         424.12891 
# ----------------------------------------
# 03.15.2023  14:41:01  Reconciliation                                    Success                                 3868.48981          3265.0523       115.34766         424.12891 
# 03.15.2023  14:47:24  Getting maps for lowest scoring MTs               Success                                 4251.99461          383.44912       380.57422         688.26172 
# 03.15.2023  14:47:25  Writing detailed output file                      Success                                 4252.02502          0.02573         382.57422         692.25781 
# 03.15.2023  14:47:25  Writing main output file                          Success                                 4252.42953          0.40348         382.71484         696.25781 
# ===============================================================================================================================================================================
#
# Done!
# The date and time at the end is: 03.15.2023  14:47:25
# Total execution time:            4252.732 seconds.
# Output directory for this run:   /n/holylfs05/LABS/informatics/Users/gthomas/spiders/grampa//19spec/traditional-bs90-full/
# Log file for this run:           /n/holylfs05/LABS/informatics/Users/gthomas/spiders/grampa//19spec/traditional-bs90-full/traditional-bs90-full.log

# GRAMPA finished with 9 WARNINGS -- check log file for more info
# ----------------------------------------
# The MUL-tree with the minimum parsimony score is MT-118:	((((((((((NCLAV,TANTI)<1>,ABRUE)<2>,(PTEPI+,LHESP)<3>)<4>,SMIMO)<5>,(LRECL,PTEPI*)<6>)<7>,CSCUL)<8>,((MOCCI,VDEST)<9>,(ISCAP,HLONG)<10>)<11>)<12>,(TURTI,SSCAB)<13>)<14>,(LPOLY,(CROTU,TGIGA)<15>)<16>)<17>,(DMELA,BMORI)<18>)<19>
# Score = 67881
# ----------------------------------------
# ===============================================================================================================================================================================
#
