# Warning! With -c set to 15 or higher, some gene trees may take a very long time to reconcile!

#
# =========================================================================
# Welcome to GRAMPA -- Gene tree reconciliations with MUL-trees.
# Version 1.4.0 released on March 2023
# GRAMPA was developed by Gregg Thomas, S. Hussain Ather, Matthew Hahn
# Citation:      https://doi.org/10.1093/sysbio/syx044
# Website:       https://gwct.github.io/grampa/
# Report issues: https://github.com/gwct/grampa
#
# The date and time at the start is:  05.29.2024  03:44:23
# Using Python executable located at: /n/home07/gthomas/miniconda3/bin/python3.9
# Using Python version:               3.9.15
#
# The program was called as:          grampa.py -s /n/holylfs05/LABS/informatics/Users/gthomas/spiders/tree/19spec/traditional//traditional.tre -g /n/holylfs05/LABS/informatics/Users/gthomas/spiders/tree/19spec/traditional//loci-rearrange-80.rooted.treefile -o /n/holylfs05/LABS/informatics/Users/gthomas/spiders/grampa//19spec/traditional-bs80-h1-hcsp/ -h1 CROTU,TGIGA,LPOLY CSCUL,LRECL,SMIMO,LHESP,PTEPI,ABRUE,NCLAV,TANTI -c 15 -f traditional-bs80-hcsp -p 30
#
# -----------------------------------------------------------------------------------------------------------------------------
# INPUT/OUTPUT INFO:
# Species tree file:                    /n/holylfs05/LABS/informatics/Users/gthomas/spiders/tree/19spec/traditional//traditional.tre
# Gene tree file:                       /n/holylfs05/LABS/informatics/Users/gthomas/spiders/tree/19spec/traditional//loci-rearrange-80.rooted.treefile
# Output directory:                     /n/holylfs05/LABS/informatics/Users/gthomas/spiders/grampa//19spec/traditional-bs80-h1-hcsp/
# Score file:                           /n/holylfs05/LABS/informatics/Users/gthomas/spiders/grampa//19spec/traditional-bs80-h1-hcsp/traditional-bs80-hcsp-scores.txt
# Filtered gene trees:                  /n/holylfs05/LABS/informatics/Users/gthomas/spiders/grampa//19spec/traditional-bs80-h1-hcsp/traditional-bs80-hcsp-trees-filtered.txt
# Check nums file:                      /n/holylfs05/LABS/informatics/Users/gthomas/spiders/grampa//19spec/traditional-bs80-h1-hcsp/traditional-bs80-hcsp-checknums.txt
# Detailed mapping file:                /n/holylfs05/LABS/informatics/Users/gthomas/spiders/grampa//19spec/traditional-bs80-h1-hcsp/traditional-bs80-hcsp-detailed.txt
# Duplication count file:               /n/holylfs05/LABS/informatics/Users/gthomas/spiders/grampa//19spec/traditional-bs80-h1-hcsp/traditional-bs80-hcsp-dup-counts.txt
# -----------------------------------------------------------------------------------------------------------------------------
# OPTIONS INFO:
# Option                                Current setting               Current action
# -h1                                   CROTU,TGIGA,LPOLY CSCUL,LRECL,SMIMO,LHESP,PTEPI,ABRUE,NCLAV,TANTIGRAMPA will search these H1 nodes. If none are specified, all nodes will be searched as H1 nodes.
# -h2                                   All                           GRAMPA will search these H2 nodes. If none are specified, all nodes will be searched as H2 nodes.
# -c                                    15                            Gene trees with more than this number of groups/clades with polyploid species for a given h1/h2 combination will be skipped.
# -f                                    traditional-bs80-hcsp         All output files generated will have this string preprended to them.
# -p                                    30                            GRAMPA will use this number of processes for LCA mapping.
# -v                                    3                             Controls the amount of info printed to the screen as GRAMPA is running.
# --multree                             False                         The tree input with -s will be read as singly-labeled tree.
# --checknums                           False                         GRAMPA will count groups to filter gene trees and then perform reconciliations.
# --no-st, --st-only                    default                       GRAMPA will perform reconciliations to all MUL-trees specified by -h1 and -h2 and the input species tree.
# --maps                                False                         GRAMPA will only output duplication and loss counts in the detailed output file.
# ------------------------------------------------------------------------------------------------------------------------------------------------------
# Date        Time      Current step                                      Status                                  Elapsed time (s)    Step time (s)   
# ------------------------------------------------------------------------------------------------------------------------------------------------------
# 05.29.2024  03:44:23  Reading species tree                              Success: species tree read              0.20727             0.0043          
# 05.29.2024  03:44:23  Parsing hybrid clades                             Success: got H nodes                    0.2083              0.00052         
# 05.29.2024  03:44:23  Counting MUL-trees to be generated                Success: 56 total MUL-trees             0.20885             8e-05           
# 05.29.2024  03:44:23  Building MUL-trees                                Success: 56 MUL-trees built             0.24541             0.03612         
# 05.29.2024  03:44:24  Reading gene trees                                Success: 6368 gene trees read           0.69074             0.44485         
# 05.29.2024  03:44:50  Collapsing gene tree groupings                    Success                                 26.96457            26.27302        
# 05.29.2024  03:44:52  Filtering gene trees over group cap               Success: 3 gts over cap                 28.80449            1.83854         
# WARNING: Gene tree on line 1171 is over the group cap in 33 MTs and will be filtered.
# WARNING: Gene tree on line 1532 is over the group cap in 33 MTs and will be filtered.
# WARNING: Gene tree on line 2191 is over the group cap in 39 MTs and will be filtered.
# 05.29.2024  03:44:52  INFO: Filtered gene trees: 3
# 05.29.2024  03:44:52  INFO: Final gene tree count for reconciliations: 6365
# 05.29.2024  03:44:52  Writing filtered gene trees to file               Success: 6365 gene trees written        28.81653            0.00694         
# ----------------------------------------
# 05.29.2024  04:05:34  Reconciliation                                    Success                                 1271.33887          1242.52124      
# 05.29.2024  04:41:04  Getting maps for lowest scoring MTs               Success                                 3401.55385          2130.21157      
# 05.29.2024  04:41:04  Writing detailed output file                      Success                                 3401.57552          0.01212         
# 05.29.2024  04:41:05  Writing main output file                          Success                                 3401.70748          0.13133         
# ===============================================================================================================================================================================
#
# Done!
# The date and time at the end is: 05.29.2024  04:41:05
# Total execution time:            3401.807 seconds.
# Output directory for this run:   /n/holylfs05/LABS/informatics/Users/gthomas/spiders/grampa//19spec/traditional-bs80-h1-hcsp/
# Log file for this run:           /n/holylfs05/LABS/informatics/Users/gthomas/spiders/grampa//19spec/traditional-bs80-h1-hcsp/traditional-bs80-hcsp.log

# GRAMPA finished with 4 WARNINGS -- check log file for more info
# ----------------------------------------
# The MUL-tree with the minimum parsimony score is MT-53:	((((((((((NCLAV+,TANTI+)<1>,ABRUE+)<2>,(PTEPI+,LHESP+)<3>)<4>,SMIMO+)<5>,LRECL+)<6>,CSCUL+)<7>,((MOCCI,VDEST)<8>,(ISCAP,HLONG)<9>)<10>)<11>,(TURTI,SSCAB)<12>)<13>,((LPOLY,(CROTU,TGIGA)<14>)<15>,((((((NCLAV*,TANTI*)<16>,ABRUE*)<17>,(PTEPI*,LHESP*)<18>)<19>,SMIMO*)<20>,LRECL*)<21>,CSCUL*)<22>)<23>)<24>,(DMELA,BMORI)<25>)<26>
# Score = 80004
# ----------------------------------------
# ===============================================================================================================================================================================
#
