# Warning! With -c set to 15 or higher, some gene trees may take a very long time to reconcile!

#
# =========================================================================
# Welcome to GRAMPA -- Gene tree reconciliations with MUL-trees.
# Version 1.4.0 released on March 2023
# GRAMPA was developed by Gregg Thomas, S. Hussain Ather, Matthew Hahn
# Citation:      https://doi.org/10.1093/sysbio/syx044
# Website:       https://gwct.github.io/grampa/
# Report issues: https://github.com/gwct/grampa
#
# The date and time at the start is:  03.14.2025  01:26:20
# Using Python executable located at: /n/home07/gthomas/miniconda3/envs/snparcher-env/bin/python3.11
# Using Python version:               3.11.4
#
# The program was called as:          grampa.py -s /n/holylfs05/LABS/informatics/Users/gthomas/spiders/tree/19spec/traditional//traditional.tre -g /n/holylfs05/LABS/informatics/Users/gthomas/spiders/tree/19spec/traditional//loci-rearrange-70.rooted.treefile -o /n/holylfs05/LABS/informatics/Users/gthomas/spiders/grampa//19spec/traditional-bs70-h1-sp/ -h1 CSCUL,LRECL,SMIMO,LHESP,PTEPI,ABRUE,NCLAV,TANTI -c 15 -f traditional-bs70-sp -p 30
#
# -----------------------------------------------------------------------------------------------------------------------------
# INPUT/OUTPUT INFO:
# Species tree file:                    /n/holylfs05/LABS/informatics/Users/gthomas/spiders/tree/19spec/traditional//traditional.tre
# Gene tree file:                       /n/holylfs05/LABS/informatics/Users/gthomas/spiders/tree/19spec/traditional//loci-rearrange-70.rooted.treefile
# Output directory:                     /n/holylfs05/LABS/informatics/Users/gthomas/spiders/grampa//19spec/traditional-bs70-h1-sp/
# Score file:                           /n/holylfs05/LABS/informatics/Users/gthomas/spiders/grampa//19spec/traditional-bs70-h1-sp/traditional-bs70-sp-scores.txt
# Filtered gene trees:                  /n/holylfs05/LABS/informatics/Users/gthomas/spiders/grampa//19spec/traditional-bs70-h1-sp/traditional-bs70-sp-trees-filtered.txt
# Check nums file:                      /n/holylfs05/LABS/informatics/Users/gthomas/spiders/grampa//19spec/traditional-bs70-h1-sp/traditional-bs70-sp-checknums.txt
# Detailed mapping file:                /n/holylfs05/LABS/informatics/Users/gthomas/spiders/grampa//19spec/traditional-bs70-h1-sp/traditional-bs70-sp-detailed.txt
# Duplication count file:               /n/holylfs05/LABS/informatics/Users/gthomas/spiders/grampa//19spec/traditional-bs70-h1-sp/traditional-bs70-sp-dup-counts.txt
# -----------------------------------------------------------------------------------------------------------------------------
# OPTIONS INFO:
# Option                                Current setting               Current action
# -h1                                   CSCUL,LRECL,SMIMO,LHESP,PTEPI,ABRUE,NCLAV,TANTIGRAMPA will search these H1 nodes. If none are specified, all nodes will be searched as H1 nodes.
# -h2                                   All                           GRAMPA will search these H2 nodes. If none are specified, all nodes will be searched as H2 nodes.
# -c                                    15                            Gene trees with more than this number of groups/clades with polyploid species for a given h1/h2 combination will be skipped.
# -f                                    traditional-bs70-sp           All output files generated will have this string preprended to them.
# -p                                    30                            GRAMPA will use this number of processes for LCA mapping.
# -v                                    3                             Controls the amount of info printed to the screen as GRAMPA is running.
# --multree                             False                         The tree input with -s will be read as singly-labeled tree.
# --checknums                           False                         GRAMPA will count groups to filter gene trees and then perform reconciliations.
# --no-st, --st-only                    default                       GRAMPA will perform reconciliations to all MUL-trees specified by -h1 and -h2 and the input species tree.
# --maps                                False                         GRAMPA will only output duplication and loss counts in the detailed output file.
# -------------------------------------------------------------------------------------------------------------------------------------------------------------------------------
# Date        Time      Current step                                      Status                                  Elapsed time (s)    Step time (s)   Current mem (MB)  Virtual mem (MB)
# -------------------------------------------------------------------------------------------------------------------------------------------------------------------------------
# 03.14.2025  01:26:20  Reading species tree                              Success: species tree read              0.56645             0.00348         17.14844          234.82422 
# 03.14.2025  01:26:20  Parsing hybrid clades                             Success: got H nodes                    0.56759             0.00039         17.17969          235.82422 
# 03.14.2025  01:26:20  Counting MUL-trees to be generated                Success: 23 total MUL-trees             0.56835             7e-05           17.17969          235.82422 
# 03.14.2025  01:26:20  Building MUL-trees                                Success: 23 MUL-trees built             0.58321             0.01422         17.28906          235.82422 
# 03.14.2025  01:26:20  Reading gene trees                                Success: 6368 gene trees read           0.97511             0.39119         78.69141          292.16016 
# 03.14.2025  01:26:33  Collapsing gene tree groupings                    Success                                 13.4963             12.52           79.22656          296.21484 
# 03.14.2025  01:26:34  Filtering gene trees over group cap               Success: 1 gts over cap                 14.31896            0.82129         101.35156         314.17188 
# WARNING: Gene tree on line 2191 is over the group cap in 6 MTs and will be filtered.
# 03.14.2025  01:26:34  INFO: Filtered gene trees: 1
# 03.14.2025  01:26:34  INFO: Final gene tree count for reconciliations: 6367
# 03.14.2025  01:26:34  Writing filtered gene trees to file               Success: 6367 gene trees written        14.33002            0.00701         96.57422          309.17188 
# ----------------------------------------
# 03.14.2025  01:35:23  Reconciliation                                    Success                                 543.6491            529.31783       96.64453          309.17188 
# 03.14.2025  01:57:01  Getting maps for lowest scoring MTs               Success                                 1841.24138          1297.58807      371.39844         580.41797 
# 03.14.2025  01:57:01  Writing detailed output file                      Success                                 1841.26186          0.014           371.51172         584.48047 
# 03.14.2025  01:57:01  Writing main output file                          Success                                 1841.41876          0.15612         371.51953         588.48047 
# ===============================================================================================================================================================================
#
# Done!
# The date and time at the end is: 03.14.2025  01:57:01
# Total execution time:            1841.533 seconds.
# Output directory for this run:   /n/holylfs05/LABS/informatics/Users/gthomas/spiders/grampa//19spec/traditional-bs70-h1-sp/
# Log file for this run:           /n/holylfs05/LABS/informatics/Users/gthomas/spiders/grampa//19spec/traditional-bs70-h1-sp/traditional-bs70-sp.log

# GRAMPA finished with 2 WARNINGS -- check log file for more info
# ----------------------------------------
# The MUL-tree with the minimum parsimony score is MT-20:	((((((((((NCLAV+,TANTI+)<1>,ABRUE+)<2>,(PTEPI+,LHESP+)<3>)<4>,SMIMO+)<5>,LRECL+)<6>,CSCUL+)<7>,((MOCCI,VDEST)<8>,(ISCAP,HLONG)<9>)<10>)<11>,(TURTI,SSCAB)<12>)<13>,((LPOLY,(CROTU,TGIGA)<14>)<15>,((((((NCLAV*,TANTI*)<16>,ABRUE*)<17>,(PTEPI*,LHESP*)<18>)<19>,SMIMO*)<20>,LRECL*)<21>,CSCUL*)<22>)<23>)<24>,(DMELA,BMORI)<25>)<26>
# Score = 90993
# ----------------------------------------
# ===============================================================================================================================================================================
#
