# Warning! With -c set to 15 or higher, some gene trees may take a very long time to reconcile!

#
# =========================================================================
# Welcome to GRAMPA -- Gene tree reconciliations with MUL-trees.
# Version 1.4.0 released on March 2023
# GRAMPA was developed by Gregg Thomas, S. Hussain Ather, Matthew Hahn
# Citation:      https://doi.org/10.1093/sysbio/syx044
# Website:       https://gwct.github.io/grampa/
# Report issues: https://github.com/gwct/grampa
#
# The date and time at the start is:  03.15.2025  10:40:38
# Using Python executable located at: /n/home07/gthomas/miniconda3/envs/snparcher-env/bin/python3.11
# Using Python version:               3.11.4
#
# The program was called as:          grampa.py -s /n/holylfs05/LABS/informatics/Users/gthomas/spiders/tree/19spec/traditional//traditional.tre -g /n/holylfs05/LABS/informatics/Users/gthomas/spiders/tree/19spec/traditional//loci-rearrange-50.rooted.treefile -o /n/holylfs05/LABS/informatics/Users/gthomas/spiders/grampa//19spec/traditional-bs50-h1-hcsp/ -h1 CROTU,TGIGA,LPOLY CSCUL,LRECL,SMIMO,LHESP,PTEPI,ABRUE,NCLAV,TANTI -c 15 -f traditional-bs50-hcsp -p 30
#
# -----------------------------------------------------------------------------------------------------------------------------
# INPUT/OUTPUT INFO:
# Species tree file:                    /n/holylfs05/LABS/informatics/Users/gthomas/spiders/tree/19spec/traditional//traditional.tre
# Gene tree file:                       /n/holylfs05/LABS/informatics/Users/gthomas/spiders/tree/19spec/traditional//loci-rearrange-50.rooted.treefile
# Output directory:                     /n/holylfs05/LABS/informatics/Users/gthomas/spiders/grampa//19spec/traditional-bs50-h1-hcsp/
# Score file:                           /n/holylfs05/LABS/informatics/Users/gthomas/spiders/grampa//19spec/traditional-bs50-h1-hcsp/traditional-bs50-hcsp-scores.txt
# Filtered gene trees:                  /n/holylfs05/LABS/informatics/Users/gthomas/spiders/grampa//19spec/traditional-bs50-h1-hcsp/traditional-bs50-hcsp-trees-filtered.txt
# Check nums file:                      /n/holylfs05/LABS/informatics/Users/gthomas/spiders/grampa//19spec/traditional-bs50-h1-hcsp/traditional-bs50-hcsp-checknums.txt
# Detailed mapping file:                /n/holylfs05/LABS/informatics/Users/gthomas/spiders/grampa//19spec/traditional-bs50-h1-hcsp/traditional-bs50-hcsp-detailed.txt
# Duplication count file:               /n/holylfs05/LABS/informatics/Users/gthomas/spiders/grampa//19spec/traditional-bs50-h1-hcsp/traditional-bs50-hcsp-dup-counts.txt
# -----------------------------------------------------------------------------------------------------------------------------
# OPTIONS INFO:
# Option                                Current setting               Current action
# -h1                                   CROTU,TGIGA,LPOLY CSCUL,LRECL,SMIMO,LHESP,PTEPI,ABRUE,NCLAV,TANTIGRAMPA will search these H1 nodes. If none are specified, all nodes will be searched as H1 nodes.
# -h2                                   All                           GRAMPA will search these H2 nodes. If none are specified, all nodes will be searched as H2 nodes.
# -c                                    15                            Gene trees with more than this number of groups/clades with polyploid species for a given h1/h2 combination will be skipped.
# -f                                    traditional-bs50-hcsp         All output files generated will have this string preprended to them.
# -p                                    30                            GRAMPA will use this number of processes for LCA mapping.
# -v                                    3                             Controls the amount of info printed to the screen as GRAMPA is running.
# --multree                             False                         The tree input with -s will be read as singly-labeled tree.
# --checknums                           False                         GRAMPA will count groups to filter gene trees and then perform reconciliations.
# --no-st, --st-only                    default                       GRAMPA will perform reconciliations to all MUL-trees specified by -h1 and -h2 and the input species tree.
# --maps                                False                         GRAMPA will only output duplication and loss counts in the detailed output file.
# -------------------------------------------------------------------------------------------------------------------------------------------------------------------------------
# Date        Time      Current step                                      Status                                  Elapsed time (s)    Step time (s)   Current mem (MB)  Virtual mem (MB)
# -------------------------------------------------------------------------------------------------------------------------------------------------------------------------------
# 03.15.2025  10:40:38  Reading species tree                              Success: species tree read              0.32639             0.00324         17.29688          235.82422 
# 03.15.2025  10:40:38  Parsing hybrid clades                             Success: got H nodes                    0.32773             0.00044         17.29688          235.82422 
# 03.15.2025  10:40:38  Counting MUL-trees to be generated                Success: 56 total MUL-trees             0.32855             8e-05           17.29688          235.82422 
# 03.15.2025  10:40:38  Building MUL-trees                                Success: 56 MUL-trees built             0.35847             0.02912         17.86328          235.82422 
# 03.15.2025  10:40:38  Reading gene trees                                Success: 6368 gene trees read           0.76393             0.40434         79.22656          292.35547 
# 03.15.2025  10:40:58  Collapsing gene tree groupings                    Success                                 20.81376            20.04845        79.83594          296.42578 
# 03.15.2025  10:41:01  Filtering gene trees over group cap               Success: 4 gts over cap                 23.15127            2.33513         102.73438         314.37109 
# WARNING: Gene tree on line 595 is over the group cap in 21 MTs and will be filtered.
# WARNING: Gene tree on line 1171 is over the group cap in 33 MTs and will be filtered.
# WARNING: Gene tree on line 1532 is over the group cap in 33 MTs and will be filtered.
# WARNING: Gene tree on line 2191 is over the group cap in 39 MTs and will be filtered.
# 03.15.2025  10:41:01  INFO: Filtered gene trees: 4
# 03.15.2025  10:41:01  INFO: Final gene tree count for reconciliations: 6364
# 03.15.2025  10:41:01  Writing filtered gene trees to file               Success: 6364 gene trees written        23.16622            0.00854         99.73438          311.37109 
# ----------------------------------------
# 03.15.2025  10:55:40  Reconciliation                                    Success                                 902.57586           879.40795       99.84766          311.37109 
# 03.15.2025  11:27:44  Getting maps for lowest scoring MTs               Success                                 2826.11413          1923.53421      322.125           529.375   
# 03.15.2025  11:27:44  Writing detailed output file                      Success                                 2826.13868          0.01628         322.24219         533.37109 
# 03.15.2025  11:27:44  Writing main output file                          Success                                 2826.28527          0.14548         322.25            537.37109 
# ===============================================================================================================================================================================
#
# Done!
# The date and time at the end is: 03.15.2025  11:27:44
# Total execution time:            2826.38 seconds.
# Output directory for this run:   /n/holylfs05/LABS/informatics/Users/gthomas/spiders/grampa//19spec/traditional-bs50-h1-hcsp/
# Log file for this run:           /n/holylfs05/LABS/informatics/Users/gthomas/spiders/grampa//19spec/traditional-bs50-h1-hcsp/traditional-bs50-hcsp.log

# GRAMPA finished with 5 WARNINGS -- check log file for more info
# ----------------------------------------
# The MUL-tree with the minimum parsimony score is MT-53:	((((((((((NCLAV+,TANTI+)<1>,ABRUE+)<2>,(PTEPI+,LHESP+)<3>)<4>,SMIMO+)<5>,LRECL+)<6>,CSCUL+)<7>,((MOCCI,VDEST)<8>,(ISCAP,HLONG)<9>)<10>)<11>,(TURTI,SSCAB)<12>)<13>,((LPOLY,(CROTU,TGIGA)<14>)<15>,((((((NCLAV*,TANTI*)<16>,ABRUE*)<17>,(PTEPI*,LHESP*)<18>)<19>,SMIMO*)<20>,LRECL*)<21>,CSCUL*)<22>)<23>)<24>,(DMELA,BMORI)<25>)<26>
# Score = 115419
# ----------------------------------------
# ===============================================================================================================================================================================
#
