# Warning! With -c set to 15 or higher, some gene trees may take a very long time to reconcile!

#
# =========================================================================
# Welcome to GRAMPA -- Gene tree reconciliations with MUL-trees.
# Version 1.4.0 released on March 2023
# GRAMPA was developed by Gregg Thomas, S. Hussain Ather, Matthew Hahn
# Citation:      https://doi.org/10.1093/sysbio/syx044
# Website:       https://gwct.github.io/grampa/
# Report issues: https://github.com/gwct/grampa
#
# The date and time at the start is:  05.29.2024  01:27:38
# Using Python executable located at: /n/home07/gthomas/miniconda3/bin/python3.9
# Using Python version:               3.9.15
#
# The program was called as:          grampa.py -s /n/holylfs05/LABS/informatics/Users/gthomas/spiders/tree/19spec/traditional//traditional.tre -g /n/holylfs05/LABS/informatics/Users/gthomas/spiders/tree/19spec/traditional//loci-rearrange-80.rooted.treefile -o /n/holylfs05/LABS/informatics/Users/gthomas/spiders/grampa//19spec/traditional-bs80-full/ -c 15 -f traditional-bs80-full -p 30
#
# -----------------------------------------------------------------------------------------------------------------------------
# INPUT/OUTPUT INFO:
# Species tree file:                    /n/holylfs05/LABS/informatics/Users/gthomas/spiders/tree/19spec/traditional//traditional.tre
# Gene tree file:                       /n/holylfs05/LABS/informatics/Users/gthomas/spiders/tree/19spec/traditional//loci-rearrange-80.rooted.treefile
# Output directory:                     /n/holylfs05/LABS/informatics/Users/gthomas/spiders/grampa//19spec/traditional-bs80-full/
# Score file:                           /n/holylfs05/LABS/informatics/Users/gthomas/spiders/grampa//19spec/traditional-bs80-full/traditional-bs80-full-scores.txt
# Filtered gene trees:                  /n/holylfs05/LABS/informatics/Users/gthomas/spiders/grampa//19spec/traditional-bs80-full/traditional-bs80-full-trees-filtered.txt
# Check nums file:                      /n/holylfs05/LABS/informatics/Users/gthomas/spiders/grampa//19spec/traditional-bs80-full/traditional-bs80-full-checknums.txt
# Detailed mapping file:                /n/holylfs05/LABS/informatics/Users/gthomas/spiders/grampa//19spec/traditional-bs80-full/traditional-bs80-full-detailed.txt
# Duplication count file:               /n/holylfs05/LABS/informatics/Users/gthomas/spiders/grampa//19spec/traditional-bs80-full/traditional-bs80-full-dup-counts.txt
# -----------------------------------------------------------------------------------------------------------------------------
# OPTIONS INFO:
# Option                                Current setting               Current action
# -h1                                   All                           GRAMPA will search these H1 nodes. If none are specified, all nodes will be searched as H1 nodes.
# -h2                                   All                           GRAMPA will search these H2 nodes. If none are specified, all nodes will be searched as H2 nodes.
# -c                                    15                            Gene trees with more than this number of groups/clades with polyploid species for a given h1/h2 combination will be skipped.
# -f                                    traditional-bs80-full         All output files generated will have this string preprended to them.
# -p                                    30                            GRAMPA will use this number of processes for LCA mapping.
# -v                                    3                             Controls the amount of info printed to the screen as GRAMPA is running.
# --multree                             False                         The tree input with -s will be read as singly-labeled tree.
# --checknums                           False                         GRAMPA will count groups to filter gene trees and then perform reconciliations.
# --no-st, --st-only                    default                       GRAMPA will perform reconciliations to all MUL-trees specified by -h1 and -h2 and the input species tree.
# --maps                                False                         GRAMPA will only output duplication and loss counts in the detailed output file.
# ------------------------------------------------------------------------------------------------------------------------------------------------------
# Date        Time      Current step                                      Status                                  Elapsed time (s)    Step time (s)   
# ------------------------------------------------------------------------------------------------------------------------------------------------------
# 05.29.2024  01:27:39  Reading species tree                              Success: species tree read              0.22541             0.02252         
# 05.29.2024  01:27:39  Parsing hybrid clades                             Success: got H nodes                    0.22675             0.00082         
# 05.29.2024  01:27:39  Counting MUL-trees to be generated                Success: 1181 total MUL-trees           0.22771             0.00049         
# 05.29.2024  01:27:39  Building MUL-trees                                Success: 1181 MUL-trees built           0.76334             0.53517         
# 05.29.2024  01:27:40  Reading gene trees                                Success: 6368 gene trees read           1.34034             0.57629         
# 05.29.2024  01:33:40  Collapsing gene tree groupings                    Success                                 361.12822           359.78713       
# 05.29.2024  01:34:15  Filtering gene trees over group cap               Success: 12 gts over cap                396.59457           35.46256        
# WARNING: Gene tree on line 315 is over the group cap in 26 MTs and will be filtered.
# WARNING: Gene tree on line 595 is over the group cap in 4 MTs and will be filtered.
# WARNING: Gene tree on line 1171 is over the group cap in 33 MTs and will be filtered.
# WARNING: Gene tree on line 1532 is over the group cap in 37 MTs and will be filtered.
# WARNING: Gene tree on line 1826 is over the group cap in 15 MTs and will be filtered.
# WARNING: Gene tree on line 2190 is over the group cap in 109 MTs and will be filtered.
# WARNING: Gene tree on line 2556 is over the group cap in 37 MTs and will be filtered.
# WARNING: Gene tree on line 2191 is over the group cap in 230 MTs and will be filtered.
# WARNING: Gene tree on line 3559 is over the group cap in 37 MTs and will be filtered.
# WARNING: Gene tree on line 4228 is over the group cap in 37 MTs and will be filtered.
# WARNING: Gene tree on line 5137 is over the group cap in 72 MTs and will be filtered.
# WARNING: Gene tree on line 5788 is over the group cap in 104 MTs and will be filtered.
# 05.29.2024  01:34:15  INFO: Filtered gene trees: 12
# 05.29.2024  01:34:15  INFO: Final gene tree count for reconciliations: 6356
# 05.29.2024  01:34:15  Writing filtered gene trees to file               Success: 6356 gene trees written        396.61004           0.00678         
# ----------------------------------------
# 05.29.2024  01:56:27  Reconciliation                                    Success                                 1728.30814          1331.69713      
# 05.29.2024  02:15:20  Getting maps for lowest scoring MTs               Success                                 2861.3424           1133.03119      
# 05.29.2024  02:15:20  Writing detailed output file                      Success                                 2861.35978          0.01331         
# 05.29.2024  02:15:20  Writing main output file                          Success                                 2861.48657          0.12619         
# ===============================================================================================================================================================================
#
# Done!
# The date and time at the end is: 05.29.2024  02:15:20
# Total execution time:            2861.591 seconds.
# Output directory for this run:   /n/holylfs05/LABS/informatics/Users/gthomas/spiders/grampa//19spec/traditional-bs80-full/
# Log file for this run:           /n/holylfs05/LABS/informatics/Users/gthomas/spiders/grampa//19spec/traditional-bs80-full/traditional-bs80-full.log

# GRAMPA finished with 13 WARNINGS -- check log file for more info
# ----------------------------------------
# The MUL-tree with the minimum parsimony score is MT-1024:	(((((((((((NCLAV+,TANTI+)<1>,ABRUE+)<2>,(PTEPI+,LHESP+)<3>)<4>,SMIMO+)<5>,LRECL+)<6>,CSCUL+)<7>,((MOCCI+,VDEST+)<8>,(ISCAP+,HLONG+)<9>)<10>)<11>,(TURTI,SSCAB)<12>)<13>,(LPOLY,(CROTU,TGIGA)<14>)<15>)<16>,(((((((NCLAV*,TANTI*)<17>,ABRUE*)<18>,(PTEPI*,LHESP*)<19>)<20>,SMIMO*)<21>,LRECL*)<22>,CSCUL*)<23>,((MOCCI*,VDEST*)<24>,(ISCAP*,HLONG*)<25>)<26>)<27>)<28>,(DMELA,BMORI)<29>)<30>
# Score = 77805
# ----------------------------------------
# ===============================================================================================================================================================================
#
