# Warning! With -c set to 15 or higher, some gene trees may take a very long time to reconcile!

#
# =========================================================================
# Welcome to GRAMPA -- Gene tree reconciliations with MUL-trees.
# Version 1.4.0 released on March 2023
# GRAMPA was developed by Gregg Thomas, S. Hussain Ather, Matthew Hahn
# Citation:      https://doi.org/10.1093/sysbio/syx044
# Website:       https://gwct.github.io/grampa/
# Report issues: https://github.com/gwct/grampa
#
# The date and time at the start is:  03.14.2025  19:46:37
# Using Python executable located at: /n/home07/gthomas/miniconda3/envs/snparcher-env/bin/python3.11
# Using Python version:               3.11.4
#
# The program was called as:          grampa.py -s /n/holylfs05/LABS/informatics/Users/gthomas/spiders/tree/19spec/traditional//traditional.tre -g /n/holylfs05/LABS/informatics/Users/gthomas/spiders/tree/19spec/traditional//loci-rearrange-60.rooted.treefile -o /n/holylfs05/LABS/informatics/Users/gthomas/spiders/grampa//19spec/traditional-bs60-h1-hc/ -h1 CROTU,TGIGA,LPOLY -c 15 -f traditional-bs60-hc -p 30
#
# -----------------------------------------------------------------------------------------------------------------------------
# INPUT/OUTPUT INFO:
# Species tree file:                    /n/holylfs05/LABS/informatics/Users/gthomas/spiders/tree/19spec/traditional//traditional.tre
# Gene tree file:                       /n/holylfs05/LABS/informatics/Users/gthomas/spiders/tree/19spec/traditional//loci-rearrange-60.rooted.treefile
# Output directory:                     /n/holylfs05/LABS/informatics/Users/gthomas/spiders/grampa//19spec/traditional-bs60-h1-hc/
# Score file:                           /n/holylfs05/LABS/informatics/Users/gthomas/spiders/grampa//19spec/traditional-bs60-h1-hc/traditional-bs60-hc-scores.txt
# Filtered gene trees:                  /n/holylfs05/LABS/informatics/Users/gthomas/spiders/grampa//19spec/traditional-bs60-h1-hc/traditional-bs60-hc-trees-filtered.txt
# Check nums file:                      /n/holylfs05/LABS/informatics/Users/gthomas/spiders/grampa//19spec/traditional-bs60-h1-hc/traditional-bs60-hc-checknums.txt
# Detailed mapping file:                /n/holylfs05/LABS/informatics/Users/gthomas/spiders/grampa//19spec/traditional-bs60-h1-hc/traditional-bs60-hc-detailed.txt
# Duplication count file:               /n/holylfs05/LABS/informatics/Users/gthomas/spiders/grampa//19spec/traditional-bs60-h1-hc/traditional-bs60-hc-dup-counts.txt
# -----------------------------------------------------------------------------------------------------------------------------
# OPTIONS INFO:
# Option                                Current setting               Current action
# -h1                                   CROTU,TGIGA,LPOLY             GRAMPA will search these H1 nodes. If none are specified, all nodes will be searched as H1 nodes.
# -h2                                   All                           GRAMPA will search these H2 nodes. If none are specified, all nodes will be searched as H2 nodes.
# -c                                    15                            Gene trees with more than this number of groups/clades with polyploid species for a given h1/h2 combination will be skipped.
# -f                                    traditional-bs60-hc           All output files generated will have this string preprended to them.
# -p                                    30                            GRAMPA will use this number of processes for LCA mapping.
# -v                                    3                             Controls the amount of info printed to the screen as GRAMPA is running.
# --multree                             False                         The tree input with -s will be read as singly-labeled tree.
# --checknums                           False                         GRAMPA will count groups to filter gene trees and then perform reconciliations.
# --no-st, --st-only                    default                       GRAMPA will perform reconciliations to all MUL-trees specified by -h1 and -h2 and the input species tree.
# --maps                                False                         GRAMPA will only output duplication and loss counts in the detailed output file.
# -------------------------------------------------------------------------------------------------------------------------------------------------------------------------------
# Date        Time      Current step                                      Status                                  Elapsed time (s)    Step time (s)   Current mem (MB)  Virtual mem (MB)
# -------------------------------------------------------------------------------------------------------------------------------------------------------------------------------
# 03.14.2025  19:46:37  Reading species tree                              Success: species tree read              0.4477              0.02696         19.29688          235.82422 
# 03.14.2025  19:46:37  Parsing hybrid clades                             Success: got H nodes                    0.44881             0.00036         19.29688          235.82422 
# 03.14.2025  19:46:37  Counting MUL-trees to be generated                Success: 33 total MUL-trees             0.44962             5e-05           19.29688          235.82422 
# 03.14.2025  19:46:37  Building MUL-trees                                Success: 33 MUL-trees built             0.46478             0.01444         19.64453          235.82422 
# 03.14.2025  19:46:37  Reading gene trees                                Success: 6368 gene trees read           0.84114             0.37567         80.96875          292.24219 
# 03.14.2025  19:46:51  Collapsing gene tree groupings                    Success                                 14.85877            14.01643        81.48438          296.30469 
# 03.14.2025  19:46:52  Filtering gene trees over group cap               Success: 3 gts over cap                 15.94757            1.08764         97.69922          310.30469 
# WARNING: Gene tree on line 1171 is over the group cap in 33 MTs and will be filtered.
# WARNING: Gene tree on line 1532 is over the group cap in 33 MTs and will be filtered.
# WARNING: Gene tree on line 2191 is over the group cap in 33 MTs and will be filtered.
# 03.14.2025  19:46:52  INFO: Filtered gene trees: 3
# 03.14.2025  19:46:52  INFO: Final gene tree count for reconciliations: 6365
# 03.14.2025  19:46:52  Writing filtered gene trees to file               Success: 6365 gene trees written        15.95995            0.00726         93.70312          306.30469 
# ----------------------------------------
# 03.14.2025  20:00:26  Reconciliation                                    Success                                 829.92536           813.96412       96.67969          306.30469 
# 03.14.2025  20:37:49  Getting maps for lowest scoring MTs               Success                                 3072.78381          2242.84965      310.61328         518.33594 
# 03.14.2025  20:37:49  Writing detailed output file                      Success                                 3072.79934          0.01025         310.61328         522.34375 
# 03.14.2025  20:37:49  Writing main output file                          Success                                 3072.93113          0.13099         310.71875         526.34375 
# ===============================================================================================================================================================================
#
# Done!
# The date and time at the end is: 03.14.2025  20:37:49
# Total execution time:            3073.013 seconds.
# Output directory for this run:   /n/holylfs05/LABS/informatics/Users/gthomas/spiders/grampa//19spec/traditional-bs60-h1-hc/
# Log file for this run:           /n/holylfs05/LABS/informatics/Users/gthomas/spiders/grampa//19spec/traditional-bs60-h1-hc/traditional-bs60-hc.log

# GRAMPA finished with 4 WARNINGS -- check log file for more info
# ----------------------------------------
# The MUL-tree with the minimum parsimony score is MT-7:	((((((((((NCLAV,TANTI)<1>,ABRUE)<2>,(PTEPI,LHESP)<3>)<4>,SMIMO)<5>,(LRECL,(LPOLY*,(CROTU*,TGIGA*)<6>)<7>)<8>)<9>,CSCUL)<10>,((MOCCI,VDEST)<11>,(ISCAP,HLONG)<12>)<13>)<14>,(TURTI,SSCAB)<15>)<16>,(LPOLY+,(CROTU+,TGIGA+)<17>)<18>)<19>,(DMELA,BMORI)<20>)<21>
# Score = 105390
# ----------------------------------------
# ===============================================================================================================================================================================
#
